{"/Users/newowner/Desktop/Hack-Reactor/Catwalk-1/client/src/components/Overview/Addtocart.jsx": {"path":"/Users/newowner/Desktop/Hack-Reactor/Catwalk-1/client/src/components/Overview/Addtocart.jsx","statementMap":{"0":{"start":{"line":10,"column":4},"end":{"line":10,"column":17}},"1":{"start":{"line":11,"column":4},"end":{"line":20,"column":6}},"2":{"start":{"line":22,"column":4},"end":{"line":22,"column":53}},"3":{"start":{"line":23,"column":4},"end":{"line":23,"column":61}},"4":{"start":{"line":27,"column":4},"end":{"line":36,"column":9}},"5":{"start":{"line":30,"column":8},"end":{"line":32,"column":11}},"6":{"start":{"line":35,"column":8},"end":{"line":35,"column":41}},"7":{"start":{"line":40,"column":4},"end":{"line":44,"column":5}},"8":{"start":{"line":41,"column":6},"end":{"line":41,"column":28}},"9":{"start":{"line":43,"column":6},"end":{"line":43,"column":27}},"10":{"start":{"line":48,"column":4},"end":{"line":50,"column":7}},"11":{"start":{"line":53,"column":4},"end":{"line":55,"column":7}},"12":{"start":{"line":56,"column":4},"end":{"line":56,"column":20}},"13":{"start":{"line":59,"column":17},"end":{"line":59,"column":61}},"14":{"start":{"line":60,"column":4},"end":{"line":69,"column":5}},"15":{"start":{"line":60,"column":17},"end":{"line":60,"column":18}},"16":{"start":{"line":61,"column":6},"end":{"line":68,"column":7}},"17":{"start":{"line":62,"column":18},"end":{"line":62,"column":38}},"18":{"start":{"line":63,"column":25},"end":{"line":63,"column":49}},"19":{"start":{"line":64,"column":8},"end":{"line":67,"column":11}},"20":{"start":{"line":70,"column":20},"end":{"line":70,"column":51}},"21":{"start":{"line":71,"column":20},"end":{"line":71,"column":21}},"22":{"start":{"line":72,"column":4},"end":{"line":76,"column":5}},"23":{"start":{"line":72,"column":17},"end":{"line":72,"column":18}},"24":{"start":{"line":73,"column":6},"end":{"line":75,"column":7}},"25":{"start":{"line":74,"column":8},"end":{"line":74,"column":48}},"26":{"start":{"line":77,"column":21},"end":{"line":77,"column":43}},"27":{"start":{"line":78,"column":21},"end":{"line":78,"column":48}},"28":{"start":{"line":79,"column":20},"end":{"line":79,"column":46}},"29":{"start":{"line":80,"column":4},"end":{"line":84,"column":7}},"30":{"start":{"line":88,"column":4},"end":{"line":92,"column":5}},"31":{"start":{"line":89,"column":6},"end":{"line":89,"column":15}},"32":{"start":{"line":91,"column":6},"end":{"line":91,"column":15}},"33":{"start":{"line":96,"column":17},"end":{"line":96,"column":19}},"34":{"start":{"line":97,"column":14},"end":{"line":97,"column":17}},"35":{"start":{"line":98,"column":4},"end":{"line":100,"column":5}},"36":{"start":{"line":99,"column":6},"end":{"line":99,"column":15}},"37":{"start":{"line":101,"column":4},"end":{"line":103,"column":5}},"38":{"start":{"line":101,"column":17},"end":{"line":101,"column":18}},"39":{"start":{"line":102,"column":6},"end":{"line":102,"column":21}},"40":{"start":{"line":104,"column":4},"end":{"line":104,"column":18}},"41":{"start":{"line":108,"column":4},"end":{"line":108,"column":23}},"42":{"start":{"line":109,"column":17},"end":{"line":109,"column":61}},"43":{"start":{"line":110,"column":16},"end":{"line":110,"column":18}},"44":{"start":{"line":111,"column":13},"end":{"line":111,"column":36}},"45":{"start":{"line":112,"column":19},"end":{"line":112,"column":46}},"46":{"start":{"line":113,"column":16},"end":{"line":113,"column":39}},"47":{"start":{"line":115,"column":4},"end":{"line":119,"column":5}},"48":{"start":{"line":115,"column":17},"end":{"line":115,"column":18}},"49":{"start":{"line":116,"column":6},"end":{"line":118,"column":7}},"50":{"start":{"line":117,"column":8},"end":{"line":117,"column":29}},"51":{"start":{"line":121,"column":25},"end":{"line":129,"column":5}},"52":{"start":{"line":131,"column":4},"end":{"line":139,"column":5}},"53":{"start":{"line":131,"column":17},"end":{"line":131,"column":18}},"54":{"start":{"line":132,"column":6},"end":{"line":138,"column":11}},"55":{"start":{"line":134,"column":10},"end":{"line":134,"column":40}},"56":{"start":{"line":137,"column":10},"end":{"line":137,"column":43}},"57":{"start":{"line":141,"column":4},"end":{"line":151,"column":9}},"58":{"start":{"line":144,"column":8},"end":{"line":146,"column":11}},"59":{"start":{"line":147,"column":8},"end":{"line":147,"column":45}},"60":{"start":{"line":152,"column":4},"end":{"line":152,"column":34}},"61":{"start":{"line":156,"column":4},"end":{"line":156,"column":23}},"62":{"start":{"line":157,"column":4},"end":{"line":159,"column":7}},"63":{"start":{"line":160,"column":4},"end":{"line":160,"column":39}},"64":{"start":{"line":161,"column":4},"end":{"line":161,"column":41}},"65":{"start":{"line":162,"column":4},"end":{"line":164,"column":7}},"66":{"start":{"line":168,"column":4},"end":{"line":170,"column":5}},"67":{"start":{"line":169,"column":6},"end":{"line":169,"column":39}},"68":{"start":{"line":171,"column":4},"end":{"line":208,"column":6}},"69":{"start":{"line":176,"column":29},"end":{"line":176,"column":40}},"70":{"start":{"line":177,"column":12},"end":{"line":179,"column":13}},"71":{"start":{"line":178,"column":14},"end":{"line":178,"column":45}},"72":{"start":{"line":180,"column":12},"end":{"line":182,"column":19}},"73":{"start":{"line":180,"column":90},"end":{"line":180,"column":121}},"74":{"start":{"line":190,"column":16},"end":{"line":192,"column":18}},"75":{"start":{"line":201,"column":16},"end":{"line":201,"column":56}},"76":{"start":{"line":205,"column":66},"end":{"line":205,"column":114}}},"fnMap":{"0":{"name":"(anonymous_0)","decl":{"start":{"line":9,"column":2},"end":{"line":9,"column":3}},"loc":{"start":{"line":9,"column":21},"end":{"line":24,"column":3}},"line":9},"1":{"name":"(anonymous_1)","decl":{"start":{"line":26,"column":2},"end":{"line":26,"column":3}},"loc":{"start":{"line":26,"column":22},"end":{"line":37,"column":3}},"line":26},"2":{"name":"(anonymous_2)","decl":{"start":{"line":28,"column":12},"end":{"line":28,"column":13}},"loc":{"start":{"line":28,"column":22},"end":{"line":33,"column":7}},"line":28},"3":{"name":"(anonymous_3)","decl":{"start":{"line":34,"column":13},"end":{"line":34,"column":14}},"loc":{"start":{"line":34,"column":24},"end":{"line":36,"column":7}},"line":34},"4":{"name":"(anonymous_4)","decl":{"start":{"line":39,"column":2},"end":{"line":39,"column":3}},"loc":{"start":{"line":39,"column":20},"end":{"line":45,"column":3}},"line":39},"5":{"name":"(anonymous_5)","decl":{"start":{"line":47,"column":2},"end":{"line":47,"column":3}},"loc":{"start":{"line":47,"column":26},"end":{"line":51,"column":3}},"line":47},"6":{"name":"(anonymous_6)","decl":{"start":{"line":52,"column":2},"end":{"line":52,"column":3}},"loc":{"start":{"line":52,"column":22},"end":{"line":57,"column":3}},"line":52},"7":{"name":"(anonymous_7)","decl":{"start":{"line":58,"column":2},"end":{"line":58,"column":3}},"loc":{"start":{"line":58,"column":13},"end":{"line":85,"column":3}},"line":58},"8":{"name":"(anonymous_8)","decl":{"start":{"line":87,"column":2},"end":{"line":87,"column":3}},"loc":{"start":{"line":87,"column":17},"end":{"line":93,"column":3}},"line":87},"9":{"name":"(anonymous_9)","decl":{"start":{"line":95,"column":2},"end":{"line":95,"column":3}},"loc":{"start":{"line":95,"column":18},"end":{"line":105,"column":3}},"line":95},"10":{"name":"(anonymous_10)","decl":{"start":{"line":107,"column":2},"end":{"line":107,"column":3}},"loc":{"start":{"line":107,"column":24},"end":{"line":153,"column":3}},"line":107},"11":{"name":"(anonymous_11)","decl":{"start":{"line":133,"column":14},"end":{"line":133,"column":15}},"loc":{"start":{"line":133,"column":24},"end":{"line":135,"column":9}},"line":133},"12":{"name":"(anonymous_12)","decl":{"start":{"line":136,"column":15},"end":{"line":136,"column":16}},"loc":{"start":{"line":136,"column":26},"end":{"line":138,"column":9}},"line":136},"13":{"name":"(anonymous_13)","decl":{"start":{"line":142,"column":12},"end":{"line":142,"column":13}},"loc":{"start":{"line":142,"column":22},"end":{"line":149,"column":7}},"line":142},"14":{"name":"(anonymous_14)","decl":{"start":{"line":150,"column":13},"end":{"line":150,"column":14}},"loc":{"start":{"line":150,"column":24},"end":{"line":151,"column":7}},"line":150},"15":{"name":"(anonymous_15)","decl":{"start":{"line":155,"column":2},"end":{"line":155,"column":3}},"loc":{"start":{"line":155,"column":24},"end":{"line":165,"column":3}},"line":155},"16":{"name":"(anonymous_16)","decl":{"start":{"line":167,"column":2},"end":{"line":167,"column":3}},"loc":{"start":{"line":167,"column":11},"end":{"line":209,"column":3}},"line":167},"17":{"name":"(anonymous_17)","decl":{"start":{"line":175,"column":40},"end":{"line":175,"column":41}},"loc":{"start":{"line":175,"column":49},"end":{"line":183,"column":11}},"line":175},"18":{"name":"(anonymous_18)","decl":{"start":{"line":180,"column":77},"end":{"line":180,"column":78}},"loc":{"start":{"line":180,"column":88},"end":{"line":180,"column":123}},"line":180},"19":{"name":"(anonymous_19)","decl":{"start":{"line":189,"column":58},"end":{"line":189,"column":59}},"loc":{"start":{"line":189,"column":67},"end":{"line":193,"column":15}},"line":189},"20":{"name":"(anonymous_20)","decl":{"start":{"line":200,"column":50},"end":{"line":200,"column":51}},"loc":{"start":{"line":200,"column":57},"end":{"line":202,"column":15}},"line":200},"21":{"name":"(anonymous_21)","decl":{"start":{"line":205,"column":55},"end":{"line":205,"column":56}},"loc":{"start":{"line":205,"column":66},"end":{"line":205,"column":114}},"line":205}},"branchMap":{"0":{"loc":{"start":{"line":40,"column":4},"end":{"line":44,"column":5}},"type":"if","locations":[{"start":{"line":40,"column":4},"end":{"line":44,"column":5}},{"start":{"line":40,"column":4},"end":{"line":44,"column":5}}],"line":40},"1":{"loc":{"start":{"line":61,"column":6},"end":{"line":68,"column":7}},"type":"if","locations":[{"start":{"line":61,"column":6},"end":{"line":68,"column":7}},{"start":{"line":61,"column":6},"end":{"line":68,"column":7}}],"line":61},"2":{"loc":{"start":{"line":73,"column":6},"end":{"line":75,"column":7}},"type":"if","locations":[{"start":{"line":73,"column":6},"end":{"line":75,"column":7}},{"start":{"line":73,"column":6},"end":{"line":75,"column":7}}],"line":73},"3":{"loc":{"start":{"line":88,"column":4},"end":{"line":92,"column":5}},"type":"if","locations":[{"start":{"line":88,"column":4},"end":{"line":92,"column":5}},{"start":{"line":88,"column":4},"end":{"line":92,"column":5}}],"line":88},"4":{"loc":{"start":{"line":98,"column":4},"end":{"line":100,"column":5}},"type":"if","locations":[{"start":{"line":98,"column":4},"end":{"line":100,"column":5}},{"start":{"line":98,"column":4},"end":{"line":100,"column":5}}],"line":98},"5":{"loc":{"start":{"line":116,"column":6},"end":{"line":118,"column":7}},"type":"if","locations":[{"start":{"line":116,"column":6},"end":{"line":118,"column":7}},{"start":{"line":116,"column":6},"end":{"line":118,"column":7}}],"line":116},"6":{"loc":{"start":{"line":168,"column":4},"end":{"line":170,"column":5}},"type":"if","locations":[{"start":{"line":168,"column":4},"end":{"line":170,"column":5}},{"start":{"line":168,"column":4},"end":{"line":170,"column":5}}],"line":168},"7":{"loc":{"start":{"line":177,"column":12},"end":{"line":179,"column":13}},"type":"if","locations":[{"start":{"line":177,"column":12},"end":{"line":179,"column":13}},{"start":{"line":177,"column":12},"end":{"line":179,"column":13}}],"line":177}},"s":{"0":9,"1":9,"2":9,"3":9,"4":3,"5":0,"6":0,"7":6,"8":0,"9":0,"10":0,"11":0,"12":0,"13":0,"14":0,"15":0,"16":0,"17":0,"18":0,"19":0,"20":0,"21":0,"22":0,"23":0,"24":0,"25":0,"26":0,"27":0,"28":0,"29":0,"30":0,"31":0,"32":0,"33":0,"34":0,"35":0,"36":0,"37":0,"38":0,"39":0,"40":0,"41":0,"42":0,"43":0,"44":0,"45":0,"46":0,"47":0,"48":0,"49":0,"50":0,"51":0,"52":0,"53":0,"54":0,"55":0,"56":0,"57":0,"58":0,"59":0,"60":0,"61":0,"62":0,"63":0,"64":0,"65":0,"66":9,"67":3,"68":6,"69":36,"70":36,"71":6,"72":36,"73":0,"74":0,"75":0,"76":0},"f":{"0":9,"1":3,"2":0,"3":0,"4":6,"5":0,"6":0,"7":0,"8":0,"9":0,"10":0,"11":0,"12":0,"13":0,"14":0,"15":0,"16":9,"17":36,"18":0,"19":0,"20":0,"21":0},"b":{"0":[0,0],"1":[0,0],"2":[0,0],"3":[0,0],"4":[0,0],"5":[0,0],"6":[3,6],"7":[6,30]},"_coverageSchema":"1a1c01bbd47fc00a2c39e90264f33305004495a9","hash":"94f05711b1b2b20d37f60268d6d5ef1f6efcf257"}
,"/Users/newowner/Desktop/Hack-Reactor/Catwalk-1/client/src/components/Overview/ExpandedView.jsx": {"path":"/Users/newowner/Desktop/Hack-Reactor/Catwalk-1/client/src/components/Overview/ExpandedView.jsx","statementMap":{"0":{"start":{"line":5,"column":21},"end":{"line":11,"column":1}},"1":{"start":{"line":6,"column":2},"end":{"line":10,"column":4}},"2":{"start":{"line":7,"column":52},"end":{"line":7,"column":81}}},"fnMap":{"0":{"name":"(anonymous_0)","decl":{"start":{"line":5,"column":21},"end":{"line":5,"column":22}},"loc":{"start":{"line":5,"column":32},"end":{"line":11,"column":1}},"line":5},"1":{"name":"(anonymous_1)","decl":{"start":{"line":7,"column":46},"end":{"line":7,"column":47}},"loc":{"start":{"line":7,"column":52},"end":{"line":7,"column":81}},"line":7}},"branchMap":{},"s":{"0":2,"1":0,"2":0},"f":{"0":0,"1":0},"b":{},"_coverageSchema":"1a1c01bbd47fc00a2c39e90264f33305004495a9","hash":"2aa9a228c3d50af74e95dbeedd3e13981b2c797a"}
,"/Users/newowner/Desktop/Hack-Reactor/Catwalk-1/client/src/components/Overview/ImageGallary.jsx": {"path":"/Users/newowner/Desktop/Hack-Reactor/Catwalk-1/client/src/components/Overview/ImageGallary.jsx","statementMap":{"0":{"start":{"line":8,"column":4},"end":{"line":8,"column":17}},"1":{"start":{"line":9,"column":4},"end":{"line":12,"column":6}},"2":{"start":{"line":13,"column":4},"end":{"line":13,"column":63}},"3":{"start":{"line":16,"column":4},"end":{"line":16,"column":23}},"4":{"start":{"line":17,"column":4},"end":{"line":17,"column":43}},"5":{"start":{"line":18,"column":4},"end":{"line":21,"column":7}},"6":{"start":{"line":25,"column":4},"end":{"line":25,"column":23}},"7":{"start":{"line":26,"column":4},"end":{"line":28,"column":7}},"8":{"start":{"line":32,"column":4},"end":{"line":34,"column":5}},"9":{"start":{"line":33,"column":6},"end":{"line":33,"column":37}},"10":{"start":{"line":35,"column":4},"end":{"line":49,"column":6}},"11":{"start":{"line":39,"column":12},"end":{"line":41,"column":19}},"12":{"start":{"line":39,"column":83},"end":{"line":39,"column":119}}},"fnMap":{"0":{"name":"(anonymous_0)","decl":{"start":{"line":7,"column":2},"end":{"line":7,"column":3}},"loc":{"start":{"line":7,"column":21},"end":{"line":14,"column":3}},"line":7},"1":{"name":"(anonymous_1)","decl":{"start":{"line":15,"column":2},"end":{"line":15,"column":3}},"loc":{"start":{"line":15,"column":24},"end":{"line":22,"column":3}},"line":15},"2":{"name":"(anonymous_2)","decl":{"start":{"line":24,"column":2},"end":{"line":24,"column":3}},"loc":{"start":{"line":24,"column":30},"end":{"line":29,"column":3}},"line":24},"3":{"name":"(anonymous_3)","decl":{"start":{"line":31,"column":2},"end":{"line":31,"column":3}},"loc":{"start":{"line":31,"column":11},"end":{"line":50,"column":3}},"line":31},"4":{"name":"(anonymous_4)","decl":{"start":{"line":38,"column":46},"end":{"line":38,"column":47}},"loc":{"start":{"line":38,"column":55},"end":{"line":42,"column":11}},"line":38},"5":{"name":"(anonymous_5)","decl":{"start":{"line":39,"column":70},"end":{"line":39,"column":71}},"loc":{"start":{"line":39,"column":81},"end":{"line":39,"column":121}},"line":39}},"branchMap":{"0":{"loc":{"start":{"line":32,"column":4},"end":{"line":34,"column":5}},"type":"if","locations":[{"start":{"line":32,"column":4},"end":{"line":34,"column":5}},{"start":{"line":32,"column":4},"end":{"line":34,"column":5}}],"line":32},"1":{"loc":{"start":{"line":44,"column":9},"end":{"line":47,"column":17}},"type":"cond-expr","locations":[{"start":{"line":44,"column":37},"end":{"line":47,"column":10}},{"start":{"line":47,"column":13},"end":{"line":47,"column":17}}],"line":44}},"s":{"0":6,"1":6,"2":6,"3":0,"4":0,"5":0,"6":0,"7":0,"8":6,"9":3,"10":3,"11":18,"12":0},"f":{"0":6,"1":0,"2":0,"3":6,"4":18,"5":0},"b":{"0":[3,3],"1":[0,3]},"_coverageSchema":"1a1c01bbd47fc00a2c39e90264f33305004495a9","hash":"4f6efdda6cd6dbb78369bf7befa3267473625259"}
,"/Users/newowner/Desktop/Hack-Reactor/Catwalk-1/client/src/components/Overview/Overview.jsx": {"path":"/Users/newowner/Desktop/Hack-Reactor/Catwalk-1/client/src/components/Overview/Overview.jsx","statementMap":{"0":{"start":{"line":13,"column":4},"end":{"line":13,"column":17}},"1":{"start":{"line":14,"column":4},"end":{"line":22,"column":6}},"2":{"start":{"line":24,"column":4},"end":{"line":24,"column":81}},"3":{"start":{"line":25,"column":4},"end":{"line":25,"column":49}},"4":{"start":{"line":26,"column":4},"end":{"line":26,"column":63}},"5":{"start":{"line":27,"column":4},"end":{"line":27,"column":55}},"6":{"start":{"line":31,"column":4},"end":{"line":33,"column":7}},"7":{"start":{"line":37,"column":4},"end":{"line":37,"column":33}},"8":{"start":{"line":41,"column":4},"end":{"line":43,"column":7}},"9":{"start":{"line":48,"column":4},"end":{"line":86,"column":9}},"10":{"start":{"line":50,"column":8},"end":{"line":52,"column":11}},"11":{"start":{"line":53,"column":8},"end":{"line":53,"column":61}},"12":{"start":{"line":57,"column":30},"end":{"line":57,"column":50}},"13":{"start":{"line":58,"column":8},"end":{"line":62,"column":9}},"14":{"start":{"line":58,"column":21},"end":{"line":58,"column":22}},"15":{"start":{"line":59,"column":10},"end":{"line":61,"column":11}},"16":{"start":{"line":60,"column":12},"end":{"line":60,"column":51}},"17":{"start":{"line":64,"column":8},"end":{"line":68,"column":11}},"18":{"start":{"line":69,"column":8},"end":{"line":69,"column":62}},"19":{"start":{"line":73,"column":8},"end":{"line":75,"column":11}},"20":{"start":{"line":76,"column":8},"end":{"line":76,"column":29}},"21":{"start":{"line":79,"column":8},"end":{"line":81,"column":11}},"22":{"start":{"line":82,"column":8},"end":{"line":82,"column":29}},"23":{"start":{"line":85,"column":8},"end":{"line":85,"column":54}},"24":{"start":{"line":90,"column":4},"end":{"line":130,"column":5}},"25":{"start":{"line":92,"column":6},"end":{"line":129,"column":11}},"26":{"start":{"line":94,"column":10},"end":{"line":96,"column":13}},"27":{"start":{"line":97,"column":10},"end":{"line":97,"column":64}},"28":{"start":{"line":100,"column":10},"end":{"line":102,"column":13}},"29":{"start":{"line":103,"column":10},"end":{"line":103,"column":63}},"30":{"start":{"line":107,"column":32},"end":{"line":107,"column":52}},"31":{"start":{"line":108,"column":10},"end":{"line":112,"column":11}},"32":{"start":{"line":108,"column":23},"end":{"line":108,"column":24}},"33":{"start":{"line":109,"column":12},"end":{"line":111,"column":13}},"34":{"start":{"line":110,"column":14},"end":{"line":110,"column":53}},"35":{"start":{"line":114,"column":10},"end":{"line":118,"column":13}},"36":{"start":{"line":119,"column":10},"end":{"line":119,"column":31}},"37":{"start":{"line":122,"column":10},"end":{"line":124,"column":13}},"38":{"start":{"line":125,"column":10},"end":{"line":125,"column":31}},"39":{"start":{"line":128,"column":10},"end":{"line":128,"column":56}},"40":{"start":{"line":134,"column":4},"end":{"line":136,"column":7}},"41":{"start":{"line":137,"column":4},"end":{"line":141,"column":5}},"42":{"start":{"line":138,"column":30},"end":{"line":138,"column":82}},"43":{"start":{"line":140,"column":30},"end":{"line":140,"column":59}},"44":{"start":{"line":142,"column":26},"end":{"line":142,"column":28}},"45":{"start":{"line":143,"column":4},"end":{"line":164,"column":5}},"46":{"start":{"line":143,"column":17},"end":{"line":143,"column":18}},"47":{"start":{"line":144,"column":18},"end":{"line":144,"column":46}},"48":{"start":{"line":145,"column":18},"end":{"line":145,"column":22}},"49":{"start":{"line":146,"column":17},"end":{"line":146,"column":21}},"50":{"start":{"line":147,"column":6},"end":{"line":149,"column":7}},"51":{"start":{"line":148,"column":8},"end":{"line":148,"column":21}},"52":{"start":{"line":150,"column":6},"end":{"line":158,"column":7}},"53":{"start":{"line":150,"column":19},"end":{"line":150,"column":20}},"54":{"start":{"line":151,"column":8},"end":{"line":157,"column":9}},"55":{"start":{"line":152,"column":10},"end":{"line":152,"column":22}},"56":{"start":{"line":153,"column":10},"end":{"line":156,"column":11}},"57":{"start":{"line":155,"column":12},"end":{"line":155,"column":26}},"58":{"start":{"line":159,"column":6},"end":{"line":163,"column":7}},"59":{"start":{"line":162,"column":8},"end":{"line":162,"column":36}},"60":{"start":{"line":166,"column":4},"end":{"line":168,"column":5}},"61":{"start":{"line":167,"column":6},"end":{"line":167,"column":27}},"62":{"start":{"line":169,"column":4},"end":{"line":171,"column":7}},"63":{"start":{"line":175,"column":4},"end":{"line":189,"column":6}}},"fnMap":{"0":{"name":"(anonymous_0)","decl":{"start":{"line":12,"column":2},"end":{"line":12,"column":3}},"loc":{"start":{"line":12,"column":21},"end":{"line":28,"column":3}},"line":12},"1":{"name":"(anonymous_1)","decl":{"start":{"line":30,"column":2},"end":{"line":30,"column":3}},"loc":{"start":{"line":30,"column":19},"end":{"line":34,"column":3}},"line":30},"2":{"name":"(anonymous_2)","decl":{"start":{"line":36,"column":2},"end":{"line":36,"column":3}},"loc":{"start":{"line":36,"column":30},"end":{"line":38,"column":3}},"line":36},"3":{"name":"(anonymous_3)","decl":{"start":{"line":40,"column":2},"end":{"line":40,"column":3}},"loc":{"start":{"line":40,"column":39},"end":{"line":44,"column":3}},"line":40},"4":{"name":"(anonymous_4)","decl":{"start":{"line":46,"column":2},"end":{"line":46,"column":3}},"loc":{"start":{"line":46,"column":22},"end":{"line":87,"column":3}},"line":46},"5":{"name":"(anonymous_5)","decl":{"start":{"line":49,"column":12},"end":{"line":49,"column":13}},"loc":{"start":{"line":49,"column":22},"end":{"line":54,"column":7}},"line":49},"6":{"name":"(anonymous_6)","decl":{"start":{"line":55,"column":12},"end":{"line":55,"column":13}},"loc":{"start":{"line":55,"column":22},"end":{"line":70,"column":7}},"line":55},"7":{"name":"(anonymous_7)","decl":{"start":{"line":71,"column":12},"end":{"line":71,"column":13}},"loc":{"start":{"line":71,"column":22},"end":{"line":77,"column":7}},"line":71},"8":{"name":"(anonymous_8)","decl":{"start":{"line":78,"column":12},"end":{"line":78,"column":13}},"loc":{"start":{"line":78,"column":22},"end":{"line":83,"column":7}},"line":78},"9":{"name":"(anonymous_9)","decl":{"start":{"line":84,"column":13},"end":{"line":84,"column":14}},"loc":{"start":{"line":84,"column":24},"end":{"line":86,"column":7}},"line":84},"10":{"name":"(anonymous_10)","decl":{"start":{"line":89,"column":2},"end":{"line":89,"column":3}},"loc":{"start":{"line":89,"column":32},"end":{"line":131,"column":3}},"line":89},"11":{"name":"(anonymous_11)","decl":{"start":{"line":93,"column":14},"end":{"line":93,"column":15}},"loc":{"start":{"line":93,"column":24},"end":{"line":98,"column":9}},"line":93},"12":{"name":"(anonymous_12)","decl":{"start":{"line":99,"column":14},"end":{"line":99,"column":15}},"loc":{"start":{"line":99,"column":24},"end":{"line":104,"column":9}},"line":99},"13":{"name":"(anonymous_13)","decl":{"start":{"line":105,"column":14},"end":{"line":105,"column":15}},"loc":{"start":{"line":105,"column":24},"end":{"line":120,"column":9}},"line":105},"14":{"name":"(anonymous_14)","decl":{"start":{"line":121,"column":14},"end":{"line":121,"column":15}},"loc":{"start":{"line":121,"column":24},"end":{"line":126,"column":9}},"line":121},"15":{"name":"(anonymous_15)","decl":{"start":{"line":127,"column":15},"end":{"line":127,"column":16}},"loc":{"start":{"line":127,"column":26},"end":{"line":129,"column":9}},"line":127},"16":{"name":"(anonymous_16)","decl":{"start":{"line":133,"column":2},"end":{"line":133,"column":3}},"loc":{"start":{"line":133,"column":26},"end":{"line":172,"column":3}},"line":133},"17":{"name":"(anonymous_17)","decl":{"start":{"line":174,"column":2},"end":{"line":174,"column":3}},"loc":{"start":{"line":174,"column":11},"end":{"line":190,"column":3}},"line":174}},"branchMap":{"0":{"loc":{"start":{"line":59,"column":10},"end":{"line":61,"column":11}},"type":"if","locations":[{"start":{"line":59,"column":10},"end":{"line":61,"column":11}},{"start":{"line":59,"column":10},"end":{"line":61,"column":11}}],"line":59},"1":{"loc":{"start":{"line":90,"column":4},"end":{"line":130,"column":5}},"type":"if","locations":[{"start":{"line":90,"column":4},"end":{"line":130,"column":5}},{"start":{"line":90,"column":4},"end":{"line":130,"column":5}}],"line":90},"2":{"loc":{"start":{"line":109,"column":12},"end":{"line":111,"column":13}},"type":"if","locations":[{"start":{"line":109,"column":12},"end":{"line":111,"column":13}},{"start":{"line":109,"column":12},"end":{"line":111,"column":13}}],"line":109},"3":{"loc":{"start":{"line":137,"column":4},"end":{"line":141,"column":5}},"type":"if","locations":[{"start":{"line":137,"column":4},"end":{"line":141,"column":5}},{"start":{"line":137,"column":4},"end":{"line":141,"column":5}}],"line":137},"4":{"loc":{"start":{"line":147,"column":6},"end":{"line":149,"column":7}},"type":"if","locations":[{"start":{"line":147,"column":6},"end":{"line":149,"column":7}},{"start":{"line":147,"column":6},"end":{"line":149,"column":7}}],"line":147},"5":{"loc":{"start":{"line":151,"column":8},"end":{"line":157,"column":9}},"type":"if","locations":[{"start":{"line":151,"column":8},"end":{"line":157,"column":9}},{"start":{"line":151,"column":8},"end":{"line":157,"column":9}}],"line":151},"6":{"loc":{"start":{"line":153,"column":10},"end":{"line":156,"column":11}},"type":"if","locations":[{"start":{"line":153,"column":10},"end":{"line":156,"column":11}},{"start":{"line":153,"column":10},"end":{"line":156,"column":11}}],"line":153},"7":{"loc":{"start":{"line":153,"column":15},"end":{"line":153,"column":82}},"type":"binary-expr","locations":[{"start":{"line":153,"column":15},"end":{"line":153,"column":77}},{"start":{"line":153,"column":81},"end":{"line":153,"column":82}}],"line":153},"8":{"loc":{"start":{"line":159,"column":6},"end":{"line":163,"column":7}},"type":"if","locations":[{"start":{"line":159,"column":6},"end":{"line":163,"column":7}},{"start":{"line":159,"column":6},"end":{"line":163,"column":7}}],"line":159},"9":{"loc":{"start":{"line":159,"column":10},"end":{"line":159,"column":43}},"type":"binary-expr","locations":[{"start":{"line":159,"column":10},"end":{"line":159,"column":25}},{"start":{"line":159,"column":29},"end":{"line":159,"column":43}}],"line":159},"10":{"loc":{"start":{"line":166,"column":4},"end":{"line":168,"column":5}},"type":"if","locations":[{"start":{"line":166,"column":4},"end":{"line":168,"column":5}},{"start":{"line":166,"column":4},"end":{"line":168,"column":5}}],"line":166}},"s":{"0":3,"1":3,"2":3,"3":3,"4":3,"5":3,"6":0,"7":0,"8":0,"9":3,"10":0,"11":0,"12":0,"13":0,"14":0,"15":0,"16":0,"17":0,"18":0,"19":0,"20":0,"21":0,"22":0,"23":0,"24":0,"25":0,"26":0,"27":0,"28":0,"29":0,"30":0,"31":0,"32":0,"33":0,"34":0,"35":0,"36":0,"37":0,"38":0,"39":0,"40":0,"41":0,"42":0,"43":0,"44":0,"45":0,"46":0,"47":0,"48":0,"49":0,"50":0,"51":0,"52":0,"53":0,"54":0,"55":0,"56":0,"57":0,"58":0,"59":0,"60":0,"61":0,"62":0,"63":3},"f":{"0":3,"1":0,"2":0,"3":0,"4":3,"5":0,"6":0,"7":0,"8":0,"9":0,"10":0,"11":0,"12":0,"13":0,"14":0,"15":0,"16":0,"17":3},"b":{"0":[0,0],"1":[0,0],"2":[0,0],"3":[0,0],"4":[0,0],"5":[0,0],"6":[0,0],"7":[0,0],"8":[0,0],"9":[0,0],"10":[0,0]},"_coverageSchema":"1a1c01bbd47fc00a2c39e90264f33305004495a9","hash":"991b42b392f65f44dab5bdd3c43b6d3eed1cdfd1"}
,"/Users/newowner/Desktop/Hack-Reactor/Catwalk-1/client/src/components/Overview/Productdescription.jsx": {"path":"/Users/newowner/Desktop/Hack-Reactor/Catwalk-1/client/src/components/Overview/Productdescription.jsx","statementMap":{"0":{"start":{"line":10,"column":4},"end":{"line":10,"column":17}},"1":{"start":{"line":11,"column":4},"end":{"line":12,"column":6}},"2":{"start":{"line":16,"column":4},"end":{"line":18,"column":5}},"3":{"start":{"line":17,"column":6},"end":{"line":17,"column":41}},"4":{"start":{"line":19,"column":4},"end":{"line":33,"column":6}}},"fnMap":{"0":{"name":"(anonymous_0)","decl":{"start":{"line":9,"column":2},"end":{"line":9,"column":3}},"loc":{"start":{"line":9,"column":21},"end":{"line":13,"column":3}},"line":9},"1":{"name":"(anonymous_1)","decl":{"start":{"line":15,"column":2},"end":{"line":15,"column":3}},"loc":{"start":{"line":15,"column":11},"end":{"line":34,"column":3}},"line":15}},"branchMap":{"0":{"loc":{"start":{"line":16,"column":4},"end":{"line":18,"column":5}},"type":"if","locations":[{"start":{"line":16,"column":4},"end":{"line":18,"column":5}},{"start":{"line":16,"column":4},"end":{"line":18,"column":5}}],"line":16}},"s":{"0":7,"1":7,"2":7,"3":3,"4":4},"f":{"0":7,"1":7},"b":{"0":[3,4]},"_coverageSchema":"1a1c01bbd47fc00a2c39e90264f33305004495a9","hash":"b74fc54ea7f652d68779faa50c3c2e9ff27991ee"}
,"/Users/newowner/Desktop/Hack-Reactor/Catwalk-1/client/src/components/Overview/Productinformation.jsx": {"path":"/Users/newowner/Desktop/Hack-Reactor/Catwalk-1/client/src/components/Overview/Productinformation.jsx","statementMap":{"0":{"start":{"line":8,"column":4},"end":{"line":8,"column":17}},"1":{"start":{"line":12,"column":4},"end":{"line":21,"column":6}}},"fnMap":{"0":{"name":"(anonymous_0)","decl":{"start":{"line":7,"column":2},"end":{"line":7,"column":3}},"loc":{"start":{"line":7,"column":21},"end":{"line":10,"column":3}},"line":7},"1":{"name":"(anonymous_1)","decl":{"start":{"line":11,"column":2},"end":{"line":11,"column":3}},"loc":{"start":{"line":11,"column":11},"end":{"line":22,"column":3}},"line":11}},"branchMap":{"0":{"loc":{"start":{"line":17,"column":11},"end":{"line":17,"column":126}},"type":"cond-expr","locations":[{"start":{"line":17,"column":48},"end":{"line":17,"column":119}},{"start":{"line":17,"column":122},"end":{"line":17,"column":126}}],"line":17},"1":{"loc":{"start":{"line":18,"column":11},"end":{"line":18,"column":145}},"type":"cond-expr","locations":[{"start":{"line":18,"column":48},"end":{"line":18,"column":93}},{"start":{"line":18,"column":96},"end":{"line":18,"column":145}}],"line":18}},"s":{"0":7,"1":7},"f":{"0":7,"1":7},"b":{"0":[0,7],"1":[0,7]},"_coverageSchema":"1a1c01bbd47fc00a2c39e90264f33305004495a9","hash":"8126b351f5ddad0e46eae9b4825fcd14823b211c"}
,"/Users/newowner/Desktop/Hack-Reactor/Catwalk-1/client/src/components/Overview/SingleStarRating.jsx": {"path":"/Users/newowner/Desktop/Hack-Reactor/Catwalk-1/client/src/components/Overview/SingleStarRating.jsx","statementMap":{"0":{"start":{"line":5,"column":25},"end":{"line":44,"column":1}},"1":{"start":{"line":7,"column":2},"end":{"line":11,"column":3}},"2":{"start":{"line":8,"column":4},"end":{"line":10,"column":6}},"3":{"start":{"line":18,"column":2},"end":{"line":23,"column":3}},"4":{"start":{"line":19,"column":16},"end":{"line":19,"column":27}},"5":{"start":{"line":20,"column":16},"end":{"line":20,"column":36}},"6":{"start":{"line":21,"column":4},"end":{"line":21,"column":53}},"7":{"start":{"line":22,"column":4},"end":{"line":22,"column":43}},"8":{"start":{"line":25,"column":2},"end":{"line":25,"column":64}},"9":{"start":{"line":27,"column":17},"end":{"line":32,"column":3}},"10":{"start":{"line":33,"column":2},"end":{"line":43,"column":4}}},"fnMap":{"0":{"name":"(anonymous_0)","decl":{"start":{"line":5,"column":25},"end":{"line":5,"column":26}},"loc":{"start":{"line":5,"column":42},"end":{"line":44,"column":1}},"line":5}},"branchMap":{"0":{"loc":{"start":{"line":7,"column":2},"end":{"line":11,"column":3}},"type":"if","locations":[{"start":{"line":7,"column":2},"end":{"line":11,"column":3}},{"start":{"line":7,"column":2},"end":{"line":11,"column":3}}],"line":7},"1":{"loc":{"start":{"line":21,"column":18},"end":{"line":21,"column":33}},"type":"binary-expr","locations":[{"start":{"line":21,"column":18},"end":{"line":21,"column":28}},{"start":{"line":21,"column":32},"end":{"line":21,"column":33}}],"line":21},"2":{"loc":{"start":{"line":22,"column":18},"end":{"line":22,"column":33}},"type":"binary-expr","locations":[{"start":{"line":22,"column":18},"end":{"line":22,"column":28}},{"start":{"line":22,"column":32},"end":{"line":22,"column":33}}],"line":22}},"s":{"0":2,"1":6,"2":3,"3":3,"4":15,"5":15,"6":15,"7":15,"8":3,"9":3,"10":3},"f":{"0":6},"b":{"0":[3,3],"1":[15,3],"2":[15,3]},"_coverageSchema":"1a1c01bbd47fc00a2c39e90264f33305004495a9","hash":"36c98ece2149cc09b3abc84b9944463a11f7e921"}
,"/Users/newowner/Desktop/Hack-Reactor/Catwalk-1/client/src/components/RelatedProducts/Carousel.jsx": {"path":"/Users/newowner/Desktop/Hack-Reactor/Catwalk-1/client/src/components/RelatedProducts/Carousel.jsx","statementMap":{"0":{"start":{"line":8,"column":17},"end":{"line":77,"column":1}},"1":{"start":{"line":11,"column":17},"end":{"line":11,"column":82}},"2":{"start":{"line":14,"column":36},"end":{"line":14,"column":47}},"3":{"start":{"line":15,"column":44},"end":{"line":15,"column":59}},"4":{"start":{"line":16,"column":46},"end":{"line":16,"column":61}},"5":{"start":{"line":17,"column":40},"end":{"line":17,"column":55}},"6":{"start":{"line":18,"column":48},"end":{"line":18,"column":60}},"7":{"start":{"line":21,"column":26},"end":{"line":30,"column":3}},"8":{"start":{"line":22,"column":4},"end":{"line":22,"column":81}},"9":{"start":{"line":23,"column":4},"end":{"line":29,"column":5}},"10":{"start":{"line":24,"column":6},"end":{"line":27,"column":9}},"11":{"start":{"line":25,"column":8},"end":{"line":25,"column":67}},"12":{"start":{"line":26,"column":8},"end":{"line":26,"column":47}},"13":{"start":{"line":28,"column":6},"end":{"line":28,"column":34}},"14":{"start":{"line":32,"column":26},"end":{"line":41,"column":3}},"15":{"start":{"line":33,"column":4},"end":{"line":33,"column":81}},"16":{"start":{"line":34,"column":4},"end":{"line":40,"column":5}},"17":{"start":{"line":35,"column":6},"end":{"line":38,"column":9}},"18":{"start":{"line":36,"column":8},"end":{"line":36,"column":81}},"19":{"start":{"line":37,"column":8},"end":{"line":37,"column":47}},"20":{"start":{"line":39,"column":6},"end":{"line":39,"column":34}},"21":{"start":{"line":44,"column":2},"end":{"line":47,"column":27}},"22":{"start":{"line":45,"column":4},"end":{"line":45,"column":27}},"23":{"start":{"line":46,"column":4},"end":{"line":46,"column":88}},"24":{"start":{"line":49,"column":2},"end":{"line":52,"column":18}},"25":{"start":{"line":50,"column":4},"end":{"line":50,"column":71}},"26":{"start":{"line":51,"column":4},"end":{"line":51,"column":93}},"27":{"start":{"line":54,"column":2},"end":{"line":76,"column":4}},"28":{"start":{"line":58,"column":76},"end":{"line":58,"column":93}},"29":{"start":{"line":60,"column":10},"end":{"line":66,"column":43}},"30":{"start":{"line":69,"column":78},"end":{"line":69,"column":95}}},"fnMap":{"0":{"name":"(anonymous_0)","decl":{"start":{"line":8,"column":17},"end":{"line":8,"column":18}},"loc":{"start":{"line":8,"column":85},"end":{"line":77,"column":1}},"line":8},"1":{"name":"(anonymous_1)","decl":{"start":{"line":21,"column":26},"end":{"line":21,"column":27}},"loc":{"start":{"line":21,"column":32},"end":{"line":30,"column":3}},"line":21},"2":{"name":"(anonymous_2)","decl":{"start":{"line":24,"column":23},"end":{"line":24,"column":24}},"loc":{"start":{"line":24,"column":31},"end":{"line":27,"column":7}},"line":24},"3":{"name":"(anonymous_3)","decl":{"start":{"line":32,"column":26},"end":{"line":32,"column":27}},"loc":{"start":{"line":32,"column":32},"end":{"line":41,"column":3}},"line":32},"4":{"name":"(anonymous_4)","decl":{"start":{"line":35,"column":23},"end":{"line":35,"column":24}},"loc":{"start":{"line":35,"column":31},"end":{"line":38,"column":7}},"line":35},"5":{"name":"(anonymous_5)","decl":{"start":{"line":44,"column":12},"end":{"line":44,"column":13}},"loc":{"start":{"line":44,"column":18},"end":{"line":47,"column":3}},"line":44},"6":{"name":"(anonymous_6)","decl":{"start":{"line":49,"column":12},"end":{"line":49,"column":13}},"loc":{"start":{"line":49,"column":18},"end":{"line":52,"column":3}},"line":49},"7":{"name":"(anonymous_7)","decl":{"start":{"line":58,"column":70},"end":{"line":58,"column":71}},"loc":{"start":{"line":58,"column":76},"end":{"line":58,"column":93}},"line":58},"8":{"name":"(anonymous_8)","decl":{"start":{"line":59,"column":32},"end":{"line":59,"column":33}},"loc":{"start":{"line":59,"column":43},"end":{"line":67,"column":9}},"line":59},"9":{"name":"(anonymous_9)","decl":{"start":{"line":69,"column":72},"end":{"line":69,"column":73}},"loc":{"start":{"line":69,"column":78},"end":{"line":69,"column":95}},"line":69}},"branchMap":{"0":{"loc":{"start":{"line":23,"column":4},"end":{"line":29,"column":5}},"type":"if","locations":[{"start":{"line":23,"column":4},"end":{"line":29,"column":5}},{"start":{"line":23,"column":4},"end":{"line":29,"column":5}}],"line":23},"1":{"loc":{"start":{"line":34,"column":4},"end":{"line":40,"column":5}},"type":"if","locations":[{"start":{"line":34,"column":4},"end":{"line":40,"column":5}},{"start":{"line":34,"column":4},"end":{"line":40,"column":5}}],"line":34},"2":{"loc":{"start":{"line":46,"column":4},"end":{"line":46,"column":87}},"type":"cond-expr","locations":[{"start":{"line":46,"column":37},"end":{"line":46,"column":60}},{"start":{"line":46,"column":63},"end":{"line":46,"column":87}}],"line":46},"3":{"loc":{"start":{"line":50,"column":4},"end":{"line":50,"column":70}},"type":"cond-expr","locations":[{"start":{"line":50,"column":22},"end":{"line":50,"column":44}},{"start":{"line":50,"column":47},"end":{"line":50,"column":70}}],"line":50},"4":{"loc":{"start":{"line":51,"column":4},"end":{"line":51,"column":92}},"type":"cond-expr","locations":[{"start":{"line":51,"column":42},"end":{"line":51,"column":65}},{"start":{"line":51,"column":68},"end":{"line":51,"column":92}}],"line":51},"5":{"loc":{"start":{"line":58,"column":10},"end":{"line":58,"column":57}},"type":"cond-expr","locations":[{"start":{"line":58,"column":26},"end":{"line":58,"column":41}},{"start":{"line":58,"column":44},"end":{"line":58,"column":57}}],"line":58},"6":{"loc":{"start":{"line":69,"column":10},"end":{"line":69,"column":59}},"type":"cond-expr","locations":[{"start":{"line":69,"column":27},"end":{"line":69,"column":43}},{"start":{"line":69,"column":46},"end":{"line":69,"column":59}}],"line":69},"7":{"loc":{"start":{"line":71,"column":7},"end":{"line":74,"column":51}},"type":"cond-expr","locations":[{"start":{"line":71,"column":21},"end":{"line":74,"column":44}},{"start":{"line":74,"column":47},"end":{"line":74,"column":51}}],"line":71}},"s":{"0":1,"1":6,"2":6,"3":6,"4":6,"5":6,"6":6,"7":6,"8":0,"9":0,"10":0,"11":0,"12":0,"13":0,"14":6,"15":0,"16":0,"17":0,"18":0,"19":0,"20":0,"21":6,"22":3,"23":3,"24":6,"25":3,"26":3,"27":6,"28":0,"29":0,"30":0},"f":{"0":6,"1":0,"2":0,"3":0,"4":0,"5":3,"6":3,"7":0,"8":0,"9":0},"b":{"0":[0,0],"1":[0,0],"2":[3,0],"3":[3,0],"4":[0,3],"5":[3,3],"6":[0,6],"7":[0,6]},"_coverageSchema":"1a1c01bbd47fc00a2c39e90264f33305004495a9","hash":"aba6aa2c3732117230940987f8f85b887bbabde2"}
,"/Users/newowner/Desktop/Hack-Reactor/Catwalk-1/client/src/components/RelatedProducts/Modal.jsx": {"path":"/Users/newowner/Desktop/Hack-Reactor/Catwalk-1/client/src/components/RelatedProducts/Modal.jsx","statementMap":{"0":{"start":{"line":7,"column":14},"end":{"line":66,"column":1}},"1":{"start":{"line":10,"column":22},"end":{"line":10,"column":24}},"2":{"start":{"line":11,"column":24},"end":{"line":11,"column":26}},"3":{"start":{"line":12,"column":26},"end":{"line":12,"column":28}},"4":{"start":{"line":15,"column":2},"end":{"line":23,"column":5}},"5":{"start":{"line":16,"column":4},"end":{"line":22,"column":7}},"6":{"start":{"line":17,"column":6},"end":{"line":21,"column":7}},"7":{"start":{"line":18,"column":8},"end":{"line":18,"column":98}},"8":{"start":{"line":18,"column":99},"end":{"line":18,"column":133}},"9":{"start":{"line":20,"column":8},"end":{"line":20,"column":13}},"10":{"start":{"line":25,"column":2},"end":{"line":65,"column":4}},"11":{"start":{"line":26,"column":49},"end":{"line":26,"column":70}},"12":{"start":{"line":45,"column":14},"end":{"line":47,"column":37}},"13":{"start":{"line":50,"column":14},"end":{"line":53,"column":37}},"14":{"start":{"line":56,"column":14},"end":{"line":59,"column":37}}},"fnMap":{"0":{"name":"(anonymous_0)","decl":{"start":{"line":7,"column":14},"end":{"line":7,"column":15}},"loc":{"start":{"line":7,"column":72},"end":{"line":66,"column":1}},"line":7},"1":{"name":"(anonymous_1)","decl":{"start":{"line":15,"column":35},"end":{"line":15,"column":36}},"loc":{"start":{"line":15,"column":46},"end":{"line":23,"column":3}},"line":15},"2":{"name":"(anonymous_2)","decl":{"start":{"line":16,"column":45},"end":{"line":16,"column":46}},"loc":{"start":{"line":16,"column":53},"end":{"line":22,"column":5}},"line":16},"3":{"name":"(anonymous_3)","decl":{"start":{"line":26,"column":43},"end":{"line":26,"column":44}},"loc":{"start":{"line":26,"column":49},"end":{"line":26,"column":70}},"line":26},"4":{"name":"(anonymous_4)","decl":{"start":{"line":44,"column":58},"end":{"line":44,"column":59}},"loc":{"start":{"line":44,"column":69},"end":{"line":48,"column":13}},"line":44},"5":{"name":"(anonymous_5)","decl":{"start":{"line":49,"column":68},"end":{"line":49,"column":69}},"loc":{"start":{"line":49,"column":79},"end":{"line":54,"column":13}},"line":49},"6":{"name":"(anonymous_6)","decl":{"start":{"line":55,"column":76},"end":{"line":55,"column":77}},"loc":{"start":{"line":55,"column":87},"end":{"line":60,"column":13}},"line":55}},"branchMap":{"0":{"loc":{"start":{"line":17,"column":6},"end":{"line":21,"column":7}},"type":"if","locations":[{"start":{"line":17,"column":6},"end":{"line":21,"column":7}},{"start":{"line":17,"column":6},"end":{"line":21,"column":7}}],"line":17},"1":{"loc":{"start":{"line":44,"column":13},"end":{"line":48,"column":21}},"type":"cond-expr","locations":[{"start":{"line":44,"column":38},"end":{"line":48,"column":14}},{"start":{"line":48,"column":17},"end":{"line":48,"column":21}}],"line":44},"2":{"loc":{"start":{"line":49,"column":13},"end":{"line":54,"column":21}},"type":"cond-expr","locations":[{"start":{"line":49,"column":39},"end":{"line":54,"column":14}},{"start":{"line":54,"column":17},"end":{"line":54,"column":21}}],"line":49},"3":{"loc":{"start":{"line":55,"column":13},"end":{"line":60,"column":21}},"type":"cond-expr","locations":[{"start":{"line":55,"column":39},"end":{"line":60,"column":14}},{"start":{"line":60,"column":17},"end":{"line":60,"column":21}}],"line":55}},"s":{"0":1,"1":0,"2":0,"3":0,"4":0,"5":0,"6":0,"7":0,"8":0,"9":0,"10":0,"11":0,"12":0,"13":0,"14":0},"f":{"0":0,"1":0,"2":0,"3":0,"4":0,"5":0,"6":0},"b":{"0":[0,0],"1":[0,0],"2":[0,0],"3":[0,0]},"_coverageSchema":"1a1c01bbd47fc00a2c39e90264f33305004495a9","hash":"802d8671cb9292de0c46f40610148ee100b9b393"}
,"/Users/newowner/Desktop/Hack-Reactor/Catwalk-1/client/src/components/RelatedProducts/ModalRows.jsx": {"path":"/Users/newowner/Desktop/Hack-Reactor/Catwalk-1/client/src/components/RelatedProducts/ModalRows.jsx","statementMap":{"0":{"start":{"line":3,"column":18},"end":{"line":15,"column":1}},"1":{"start":{"line":4,"column":2},"end":{"line":6,"column":3}},"2":{"start":{"line":5,"column":4},"end":{"line":5,"column":16}},"3":{"start":{"line":8,"column":2},"end":{"line":14,"column":4}}},"fnMap":{"0":{"name":"(anonymous_0)","decl":{"start":{"line":3,"column":18},"end":{"line":3,"column":19}},"loc":{"start":{"line":3,"column":41},"end":{"line":15,"column":1}},"line":3}},"branchMap":{"0":{"loc":{"start":{"line":4,"column":2},"end":{"line":6,"column":3}},"type":"if","locations":[{"start":{"line":4,"column":2},"end":{"line":6,"column":3}},{"start":{"line":4,"column":2},"end":{"line":6,"column":3}}],"line":4},"1":{"loc":{"start":{"line":10,"column":14},"end":{"line":10,"column":79}},"type":"cond-expr","locations":[{"start":{"line":10,"column":43},"end":{"line":10,"column":46}},{"start":{"line":10,"column":49},"end":{"line":10,"column":79}}],"line":10},"2":{"loc":{"start":{"line":10,"column":49},"end":{"line":10,"column":79}},"type":"cond-expr","locations":[{"start":{"line":10,"column":71},"end":{"line":10,"column":74}},{"start":{"line":10,"column":77},"end":{"line":10,"column":79}}],"line":10},"3":{"loc":{"start":{"line":12,"column":14},"end":{"line":12,"column":79}},"type":"cond-expr","locations":[{"start":{"line":12,"column":43},"end":{"line":12,"column":46}},{"start":{"line":12,"column":49},"end":{"line":12,"column":79}}],"line":12},"4":{"loc":{"start":{"line":12,"column":49},"end":{"line":12,"column":79}},"type":"cond-expr","locations":[{"start":{"line":12,"column":71},"end":{"line":12,"column":74}},{"start":{"line":12,"column":77},"end":{"line":12,"column":79}}],"line":12}},"s":{"0":1,"1":0,"2":0,"3":0},"f":{"0":0},"b":{"0":[0,0],"1":[0,0],"2":[0,0],"3":[0,0],"4":[0,0]},"_coverageSchema":"1a1c01bbd47fc00a2c39e90264f33305004495a9","hash":"57913d54c07d85f5bd985d8d3074670895ee2639"}
,"/Users/newowner/Desktop/Hack-Reactor/Catwalk-1/client/src/components/RelatedProducts/OutfitCard.jsx": {"path":"/Users/newowner/Desktop/Hack-Reactor/Catwalk-1/client/src/components/RelatedProducts/OutfitCard.jsx","statementMap":{"0":{"start":{"line":7,"column":19},"end":{"line":33,"column":1}},"1":{"start":{"line":10,"column":2},"end":{"line":10,"column":28}},"2":{"start":{"line":11,"column":16},"end":{"line":11,"column":39}},"3":{"start":{"line":16,"column":2},"end":{"line":19,"column":5}},"4":{"start":{"line":17,"column":4},"end":{"line":17,"column":52}},"5":{"start":{"line":18,"column":4},"end":{"line":18,"column":61}},"6":{"start":{"line":21,"column":2},"end":{"line":21,"column":258}},"7":{"start":{"line":23,"column":2},"end":{"line":32,"column":4}},"8":{"start":{"line":30,"column":23},"end":{"line":30,"column":55}}},"fnMap":{"0":{"name":"(anonymous_0)","decl":{"start":{"line":7,"column":19},"end":{"line":7,"column":20}},"loc":{"start":{"line":7,"column":50},"end":{"line":33,"column":1}},"line":7},"1":{"name":"(anonymous_1)","decl":{"start":{"line":16,"column":33},"end":{"line":16,"column":34}},"loc":{"start":{"line":16,"column":42},"end":{"line":19,"column":3}},"line":16},"2":{"name":"(anonymous_2)","decl":{"start":{"line":30,"column":17},"end":{"line":30,"column":18}},"loc":{"start":{"line":30,"column":23},"end":{"line":30,"column":55}},"line":30}},"branchMap":{"0":{"loc":{"start":{"line":17,"column":4},"end":{"line":17,"column":51}},"type":"cond-expr","locations":[{"start":{"line":17,"column":24},"end":{"line":17,"column":44}},{"start":{"line":17,"column":47},"end":{"line":17,"column":51}}],"line":17},"1":{"loc":{"start":{"line":18,"column":19},"end":{"line":18,"column":60}},"type":"binary-expr","locations":[{"start":{"line":18,"column":19},"end":{"line":18,"column":31}},{"start":{"line":18,"column":35},"end":{"line":18,"column":60}}],"line":18},"2":{"loc":{"start":{"line":21,"column":2},"end":{"line":21,"column":257}},"type":"cond-expr","locations":[{"start":{"line":21,"column":28},"end":{"line":21,"column":173}},{"start":{"line":21,"column":176},"end":{"line":21,"column":257}}],"line":21},"3":{"loc":{"start":{"line":29,"column":7},"end":{"line":29,"column":279}},"type":"cond-expr","locations":[{"start":{"line":29,"column":33},"end":{"line":29,"column":198}},{"start":{"line":29,"column":201},"end":{"line":29,"column":279}}],"line":29}},"s":{"0":1,"1":0,"2":0,"3":0,"4":0,"5":0,"6":0,"7":0,"8":0},"f":{"0":0,"1":0,"2":0},"b":{"0":[0,0],"1":[0,0],"2":[0,0],"3":[0,0]},"_coverageSchema":"1a1c01bbd47fc00a2c39e90264f33305004495a9","hash":"a18aec2ac2e22d8ed55651787fcf5864757ad998"}
,"/Users/newowner/Desktop/Hack-Reactor/Catwalk-1/client/src/components/RelatedProducts/ProductCard.jsx": {"path":"/Users/newowner/Desktop/Hack-Reactor/Catwalk-1/client/src/components/RelatedProducts/ProductCard.jsx","statementMap":{"0":{"start":{"line":7,"column":20},"end":{"line":41,"column":1}},"1":{"start":{"line":10,"column":2},"end":{"line":10,"column":28}},"2":{"start":{"line":11,"column":16},"end":{"line":11,"column":39}},"3":{"start":{"line":16,"column":2},"end":{"line":19,"column":5}},"4":{"start":{"line":17,"column":4},"end":{"line":17,"column":52}},"5":{"start":{"line":18,"column":4},"end":{"line":18,"column":61}},"6":{"start":{"line":21,"column":2},"end":{"line":21,"column":258}},"7":{"start":{"line":23,"column":2},"end":{"line":40,"column":4}},"8":{"start":{"line":26,"column":8},"end":{"line":26,"column":24}},"9":{"start":{"line":27,"column":8},"end":{"line":27,"column":50}},"10":{"start":{"line":35,"column":8},"end":{"line":35,"column":28}},"11":{"start":{"line":36,"column":8},"end":{"line":36,"column":36}},"12":{"start":{"line":37,"column":8},"end":{"line":37,"column":29}}},"fnMap":{"0":{"name":"(anonymous_0)","decl":{"start":{"line":7,"column":20},"end":{"line":7,"column":21}},"loc":{"start":{"line":7,"column":110},"end":{"line":41,"column":1}},"line":7},"1":{"name":"(anonymous_1)","decl":{"start":{"line":16,"column":33},"end":{"line":16,"column":34}},"loc":{"start":{"line":16,"column":42},"end":{"line":19,"column":3}},"line":16},"2":{"name":"(anonymous_2)","decl":{"start":{"line":25,"column":15},"end":{"line":25,"column":16}},"loc":{"start":{"line":25,"column":21},"end":{"line":28,"column":7}},"line":25},"3":{"name":"(anonymous_3)","decl":{"start":{"line":34,"column":47},"end":{"line":34,"column":48}},"loc":{"start":{"line":34,"column":54},"end":{"line":38,"column":7}},"line":34}},"branchMap":{"0":{"loc":{"start":{"line":17,"column":4},"end":{"line":17,"column":51}},"type":"cond-expr","locations":[{"start":{"line":17,"column":24},"end":{"line":17,"column":44}},{"start":{"line":17,"column":47},"end":{"line":17,"column":51}}],"line":17},"1":{"loc":{"start":{"line":18,"column":19},"end":{"line":18,"column":60}},"type":"binary-expr","locations":[{"start":{"line":18,"column":19},"end":{"line":18,"column":31}},{"start":{"line":18,"column":35},"end":{"line":18,"column":60}}],"line":18},"2":{"loc":{"start":{"line":21,"column":2},"end":{"line":21,"column":257}},"type":"cond-expr","locations":[{"start":{"line":21,"column":28},"end":{"line":21,"column":173}},{"start":{"line":21,"column":176},"end":{"line":21,"column":257}}],"line":21},"3":{"loc":{"start":{"line":33,"column":7},"end":{"line":33,"column":275}},"type":"cond-expr","locations":[{"start":{"line":33,"column":33},"end":{"line":33,"column":196}},{"start":{"line":33,"column":199},"end":{"line":33,"column":275}}],"line":33}},"s":{"0":2,"1":4,"2":4,"3":4,"4":28,"5":28,"6":4,"7":4,"8":0,"9":0,"10":0,"11":0,"12":0},"f":{"0":4,"1":28,"2":0,"3":0},"b":{"0":[4,24],"1":[28,0],"2":[0,4],"3":[0,4]},"_coverageSchema":"1a1c01bbd47fc00a2c39e90264f33305004495a9","hash":"5bd4c6aabb0b8fff1294b415321726056f95d762"}
,"/Users/newowner/Desktop/Hack-Reactor/Catwalk-1/client/src/components/RelatedProducts/RelatedProduct.jsx": {"path":"/Users/newowner/Desktop/Hack-Reactor/Catwalk-1/client/src/components/RelatedProducts/RelatedProduct.jsx","statementMap":{"0":{"start":{"line":12,"column":23},"end":{"line":89,"column":1}},"1":{"start":{"line":15,"column":21},"end":{"line":15,"column":40}},"2":{"start":{"line":18,"column":48},"end":{"line":18,"column":60}},"3":{"start":{"line":19,"column":54},"end":{"line":19,"column":66}},"4":{"start":{"line":20,"column":38},"end":{"line":20,"column":98}},"5":{"start":{"line":21,"column":46},"end":{"line":21,"column":58}},"6":{"start":{"line":24,"column":33},"end":{"line":32,"column":3}},"7":{"start":{"line":25,"column":4},"end":{"line":25,"column":74}},"8":{"start":{"line":26,"column":4},"end":{"line":31,"column":7}},"9":{"start":{"line":27,"column":6},"end":{"line":30,"column":12}},"10":{"start":{"line":29,"column":10},"end":{"line":29,"column":289}},"11":{"start":{"line":29,"column":75},"end":{"line":29,"column":173}},"12":{"start":{"line":29,"column":203},"end":{"line":29,"column":287}},"13":{"start":{"line":34,"column":32},"end":{"line":39,"column":3}},"14":{"start":{"line":35,"column":4},"end":{"line":38,"column":9}},"15":{"start":{"line":37,"column":8},"end":{"line":37,"column":37}},"16":{"start":{"line":41,"column":28},"end":{"line":43,"column":3}},"17":{"start":{"line":42,"column":4},"end":{"line":42,"column":107}},"18":{"start":{"line":42,"column":69},"end":{"line":42,"column":98}},"19":{"start":{"line":45,"column":23},"end":{"line":50,"column":3}},"20":{"start":{"line":46,"column":4},"end":{"line":46,"column":88}},"21":{"start":{"line":46,"column":54},"end":{"line":46,"column":85}},"22":{"start":{"line":47,"column":4},"end":{"line":47,"column":61}},"23":{"start":{"line":47,"column":42},"end":{"line":47,"column":58}},"24":{"start":{"line":48,"column":24},"end":{"line":48,"column":99}},"25":{"start":{"line":48,"column":82},"end":{"line":48,"column":98}},"26":{"start":{"line":49,"column":4},"end":{"line":49,"column":68}},"27":{"start":{"line":53,"column":2},"end":{"line":58,"column":24}},"28":{"start":{"line":54,"column":4},"end":{"line":57,"column":9}},"29":{"start":{"line":56,"column":8},"end":{"line":56,"column":37}},"30":{"start":{"line":60,"column":2},"end":{"line":62,"column":24}},"31":{"start":{"line":61,"column":4},"end":{"line":61,"column":55}},"32":{"start":{"line":64,"column":2},"end":{"line":70,"column":19}},"33":{"start":{"line":65,"column":27},"end":{"line":65,"column":29}},"34":{"start":{"line":66,"column":4},"end":{"line":66,"column":81}},"35":{"start":{"line":66,"column":38},"end":{"line":66,"column":79}},"36":{"start":{"line":67,"column":20},"end":{"line":67,"column":75}},"37":{"start":{"line":67,"column":44},"end":{"line":67,"column":74}},"38":{"start":{"line":68,"column":4},"end":{"line":68,"column":48}},"39":{"start":{"line":69,"column":4},"end":{"line":69,"column":65}},"40":{"start":{"line":73,"column":2},"end":{"line":88,"column":4}}},"fnMap":{"0":{"name":"(anonymous_0)","decl":{"start":{"line":12,"column":23},"end":{"line":12,"column":24}},"loc":{"start":{"line":12,"column":68},"end":{"line":89,"column":1}},"line":12},"1":{"name":"(anonymous_1)","decl":{"start":{"line":24,"column":33},"end":{"line":24,"column":34}},"loc":{"start":{"line":24,"column":50},"end":{"line":32,"column":3}},"line":24},"2":{"name":"(anonymous_2)","decl":{"start":{"line":26,"column":18},"end":{"line":26,"column":19}},"loc":{"start":{"line":26,"column":31},"end":{"line":31,"column":5}},"line":26},"3":{"name":"(anonymous_3)","decl":{"start":{"line":28,"column":27},"end":{"line":28,"column":28}},"loc":{"start":{"line":28,"column":39},"end":{"line":30,"column":9}},"line":28},"4":{"name":"(anonymous_4)","decl":{"start":{"line":29,"column":53},"end":{"line":29,"column":54}},"loc":{"start":{"line":29,"column":75},"end":{"line":29,"column":173}},"line":29},"5":{"name":"(anonymous_5)","decl":{"start":{"line":29,"column":195},"end":{"line":29,"column":196}},"loc":{"start":{"line":29,"column":203},"end":{"line":29,"column":287}},"line":29},"6":{"name":"(anonymous_6)","decl":{"start":{"line":34,"column":32},"end":{"line":34,"column":33}},"loc":{"start":{"line":34,"column":47},"end":{"line":39,"column":3}},"line":34},"7":{"name":"(anonymous_7)","decl":{"start":{"line":36,"column":12},"end":{"line":36,"column":13}},"loc":{"start":{"line":36,"column":19},"end":{"line":38,"column":7}},"line":36},"8":{"name":"(anonymous_8)","decl":{"start":{"line":41,"column":28},"end":{"line":41,"column":29}},"loc":{"start":{"line":41,"column":34},"end":{"line":43,"column":3}},"line":41},"9":{"name":"(anonymous_9)","decl":{"start":{"line":42,"column":61},"end":{"line":42,"column":62}},"loc":{"start":{"line":42,"column":69},"end":{"line":42,"column":98}},"line":42},"10":{"name":"(anonymous_10)","decl":{"start":{"line":45,"column":23},"end":{"line":45,"column":24}},"loc":{"start":{"line":45,"column":38},"end":{"line":50,"column":3}},"line":45},"11":{"name":"(anonymous_11)","decl":{"start":{"line":46,"column":44},"end":{"line":46,"column":45}},"loc":{"start":{"line":46,"column":54},"end":{"line":46,"column":85}},"line":46},"12":{"name":"(anonymous_12)","decl":{"start":{"line":47,"column":36},"end":{"line":47,"column":37}},"loc":{"start":{"line":47,"column":42},"end":{"line":47,"column":58}},"line":47},"13":{"name":"(anonymous_13)","decl":{"start":{"line":48,"column":76},"end":{"line":48,"column":77}},"loc":{"start":{"line":48,"column":82},"end":{"line":48,"column":98}},"line":48},"14":{"name":"(anonymous_14)","decl":{"start":{"line":53,"column":12},"end":{"line":53,"column":13}},"loc":{"start":{"line":53,"column":18},"end":{"line":58,"column":3}},"line":53},"15":{"name":"(anonymous_15)","decl":{"start":{"line":55,"column":12},"end":{"line":55,"column":13}},"loc":{"start":{"line":55,"column":19},"end":{"line":57,"column":7}},"line":55},"16":{"name":"(anonymous_16)","decl":{"start":{"line":60,"column":12},"end":{"line":60,"column":13}},"loc":{"start":{"line":60,"column":18},"end":{"line":62,"column":3}},"line":60},"17":{"name":"(anonymous_17)","decl":{"start":{"line":64,"column":12},"end":{"line":64,"column":13}},"loc":{"start":{"line":64,"column":18},"end":{"line":70,"column":3}},"line":64},"18":{"name":"(anonymous_18)","decl":{"start":{"line":66,"column":27},"end":{"line":66,"column":28}},"loc":{"start":{"line":66,"column":38},"end":{"line":66,"column":79}},"line":66},"19":{"name":"(anonymous_19)","decl":{"start":{"line":67,"column":38},"end":{"line":67,"column":39}},"loc":{"start":{"line":67,"column":44},"end":{"line":67,"column":74}},"line":67}},"branchMap":{"0":{"loc":{"start":{"line":20,"column":47},"end":{"line":20,"column":97}},"type":"binary-expr","locations":[{"start":{"line":20,"column":47},"end":{"line":20,"column":91}},{"start":{"line":20,"column":95},"end":{"line":20,"column":97}}],"line":20},"1":{"loc":{"start":{"line":25,"column":4},"end":{"line":25,"column":73}},"type":"cond-expr","locations":[{"start":{"line":25,"column":41},"end":{"line":25,"column":66}},{"start":{"line":25,"column":69},"end":{"line":25,"column":73}}],"line":25},"2":{"loc":{"start":{"line":25,"column":4},"end":{"line":25,"column":38}},"type":"binary-expr","locations":[{"start":{"line":25,"column":4},"end":{"line":25,"column":16}},{"start":{"line":25,"column":20},"end":{"line":25,"column":38}}],"line":25},"3":{"loc":{"start":{"line":29,"column":10},"end":{"line":29,"column":288}},"type":"cond-expr","locations":[{"start":{"line":29,"column":31},"end":{"line":29,"column":174}},{"start":{"line":29,"column":177},"end":{"line":29,"column":288}}],"line":29},"4":{"loc":{"start":{"line":42,"column":4},"end":{"line":42,"column":106}},"type":"cond-expr","locations":[{"start":{"line":42,"column":47},"end":{"line":42,"column":99}},{"start":{"line":42,"column":102},"end":{"line":42,"column":106}}],"line":42}},"s":{"0":1,"1":3,"2":3,"3":3,"4":3,"5":3,"6":3,"7":6,"8":6,"9":0,"10":0,"11":0,"12":0,"13":3,"14":0,"15":0,"16":3,"17":0,"18":0,"19":3,"20":0,"21":0,"22":0,"23":0,"24":0,"25":0,"26":0,"27":3,"28":3,"29":0,"30":3,"31":3,"32":3,"33":3,"34":3,"35":0,"36":3,"37":0,"38":3,"39":3,"40":3},"f":{"0":3,"1":6,"2":0,"3":0,"4":0,"5":0,"6":0,"7":0,"8":0,"9":0,"10":0,"11":0,"12":0,"13":0,"14":3,"15":0,"16":3,"17":3,"18":0,"19":0},"b":{"0":[3,1],"1":[0,6],"2":[6,0],"3":[0,0],"4":[0,0]},"_coverageSchema":"1a1c01bbd47fc00a2c39e90264f33305004495a9","hash":"82789bc96a1b52554376f8f1f5fe66c27e1fb856"}
,"/Users/newowner/Desktop/Hack-Reactor/Catwalk-1/client/src/components/RelatedProducts/StarRating.jsx": {"path":"/Users/newowner/Desktop/Hack-Reactor/Catwalk-1/client/src/components/RelatedProducts/StarRating.jsx","statementMap":{"0":{"start":{"line":6,"column":19},"end":{"line":43,"column":1}},"1":{"start":{"line":9,"column":2},"end":{"line":13,"column":3}},"2":{"start":{"line":10,"column":4},"end":{"line":12,"column":6}},"3":{"start":{"line":20,"column":2},"end":{"line":25,"column":3}},"4":{"start":{"line":21,"column":16},"end":{"line":21,"column":27}},"5":{"start":{"line":22,"column":16},"end":{"line":22,"column":36}},"6":{"start":{"line":23,"column":4},"end":{"line":23,"column":53}},"7":{"start":{"line":24,"column":4},"end":{"line":24,"column":43}},"8":{"start":{"line":27,"column":2},"end":{"line":27,"column":64}},"9":{"start":{"line":30,"column":17},"end":{"line":34,"column":3}},"10":{"start":{"line":37,"column":2},"end":{"line":42,"column":4}}},"fnMap":{"0":{"name":"(anonymous_0)","decl":{"start":{"line":6,"column":19},"end":{"line":6,"column":20}},"loc":{"start":{"line":6,"column":36},"end":{"line":43,"column":1}},"line":6}},"branchMap":{"0":{"loc":{"start":{"line":9,"column":2},"end":{"line":13,"column":3}},"type":"if","locations":[{"start":{"line":9,"column":2},"end":{"line":13,"column":3}},{"start":{"line":9,"column":2},"end":{"line":13,"column":3}}],"line":9},"1":{"loc":{"start":{"line":23,"column":18},"end":{"line":23,"column":33}},"type":"binary-expr","locations":[{"start":{"line":23,"column":18},"end":{"line":23,"column":28}},{"start":{"line":23,"column":32},"end":{"line":23,"column":33}}],"line":23},"2":{"loc":{"start":{"line":24,"column":18},"end":{"line":24,"column":33}},"type":"binary-expr","locations":[{"start":{"line":24,"column":18},"end":{"line":24,"column":28}},{"start":{"line":24,"column":32},"end":{"line":24,"column":33}}],"line":24}},"s":{"0":2,"1":4,"2":0,"3":4,"4":16,"5":16,"6":16,"7":16,"8":4,"9":4,"10":4},"f":{"0":4},"b":{"0":[0,4],"1":[16,4],"2":[16,4]},"_coverageSchema":"1a1c01bbd47fc00a2c39e90264f33305004495a9","hash":"bfcea44cda9af0167ce839a8dcd325fd3babbb67"}
,"/Users/newowner/Desktop/Hack-Reactor/Catwalk-1/client/src/components/RelatedProducts/YourOutfitList.jsx": {"path":"/Users/newowner/Desktop/Hack-Reactor/Catwalk-1/client/src/components/RelatedProducts/YourOutfitList.jsx","statementMap":{"0":{"start":{"line":6,"column":23},"end":{"line":71,"column":1}},"1":{"start":{"line":9,"column":20},"end":{"line":9,"column":78}},"2":{"start":{"line":12,"column":36},"end":{"line":12,"column":47}},"3":{"start":{"line":13,"column":44},"end":{"line":13,"column":59}},"4":{"start":{"line":14,"column":46},"end":{"line":14,"column":61}},"5":{"start":{"line":17,"column":32},"end":{"line":26,"column":3}},"6":{"start":{"line":18,"column":4},"end":{"line":18,"column":77}},"7":{"start":{"line":19,"column":4},"end":{"line":25,"column":5}},"8":{"start":{"line":20,"column":6},"end":{"line":23,"column":9}},"9":{"start":{"line":21,"column":8},"end":{"line":21,"column":67}},"10":{"start":{"line":22,"column":8},"end":{"line":22,"column":47}},"11":{"start":{"line":24,"column":6},"end":{"line":24,"column":34}},"12":{"start":{"line":28,"column":32},"end":{"line":37,"column":3}},"13":{"start":{"line":29,"column":4},"end":{"line":29,"column":77}},"14":{"start":{"line":30,"column":4},"end":{"line":36,"column":5}},"15":{"start":{"line":31,"column":6},"end":{"line":34,"column":9}},"16":{"start":{"line":32,"column":8},"end":{"line":32,"column":81}},"17":{"start":{"line":33,"column":8},"end":{"line":33,"column":47}},"18":{"start":{"line":35,"column":6},"end":{"line":35,"column":34}},"19":{"start":{"line":40,"column":2},"end":{"line":42,"column":23}},"20":{"start":{"line":41,"column":4},"end":{"line":41,"column":83}},"21":{"start":{"line":44,"column":2},"end":{"line":47,"column":18}},"22":{"start":{"line":45,"column":4},"end":{"line":45,"column":71}},"23":{"start":{"line":46,"column":4},"end":{"line":46,"column":96}},"24":{"start":{"line":49,"column":2},"end":{"line":70,"column":4}},"25":{"start":{"line":61,"column":10},"end":{"line":64,"column":43}}},"fnMap":{"0":{"name":"(anonymous_0)","decl":{"start":{"line":6,"column":23},"end":{"line":6,"column":24}},"loc":{"start":{"line":6,"column":107},"end":{"line":71,"column":1}},"line":6},"1":{"name":"(anonymous_1)","decl":{"start":{"line":17,"column":32},"end":{"line":17,"column":33}},"loc":{"start":{"line":17,"column":38},"end":{"line":26,"column":3}},"line":17},"2":{"name":"(anonymous_2)","decl":{"start":{"line":20,"column":26},"end":{"line":20,"column":27}},"loc":{"start":{"line":20,"column":34},"end":{"line":23,"column":7}},"line":20},"3":{"name":"(anonymous_3)","decl":{"start":{"line":28,"column":32},"end":{"line":28,"column":33}},"loc":{"start":{"line":28,"column":38},"end":{"line":37,"column":3}},"line":28},"4":{"name":"(anonymous_4)","decl":{"start":{"line":31,"column":26},"end":{"line":31,"column":27}},"loc":{"start":{"line":31,"column":34},"end":{"line":34,"column":7}},"line":31},"5":{"name":"(anonymous_5)","decl":{"start":{"line":40,"column":12},"end":{"line":40,"column":13}},"loc":{"start":{"line":40,"column":18},"end":{"line":42,"column":3}},"line":40},"6":{"name":"(anonymous_6)","decl":{"start":{"line":44,"column":12},"end":{"line":44,"column":13}},"loc":{"start":{"line":44,"column":18},"end":{"line":47,"column":3}},"line":44},"7":{"name":"(anonymous_7)","decl":{"start":{"line":60,"column":28},"end":{"line":60,"column":29}},"loc":{"start":{"line":60,"column":39},"end":{"line":65,"column":9}},"line":60}},"branchMap":{"0":{"loc":{"start":{"line":19,"column":4},"end":{"line":25,"column":5}},"type":"if","locations":[{"start":{"line":19,"column":4},"end":{"line":25,"column":5}},{"start":{"line":19,"column":4},"end":{"line":25,"column":5}}],"line":19},"1":{"loc":{"start":{"line":30,"column":4},"end":{"line":36,"column":5}},"type":"if","locations":[{"start":{"line":30,"column":4},"end":{"line":36,"column":5}},{"start":{"line":30,"column":4},"end":{"line":36,"column":5}}],"line":30},"2":{"loc":{"start":{"line":41,"column":4},"end":{"line":41,"column":82}},"type":"cond-expr","locations":[{"start":{"line":41,"column":32},"end":{"line":41,"column":55}},{"start":{"line":41,"column":58},"end":{"line":41,"column":82}}],"line":41},"3":{"loc":{"start":{"line":45,"column":4},"end":{"line":45,"column":70}},"type":"cond-expr","locations":[{"start":{"line":45,"column":22},"end":{"line":45,"column":44}},{"start":{"line":45,"column":47},"end":{"line":45,"column":70}}],"line":45},"4":{"loc":{"start":{"line":46,"column":4},"end":{"line":46,"column":95}},"type":"cond-expr","locations":[{"start":{"line":46,"column":45},"end":{"line":46,"column":68}},{"start":{"line":46,"column":71},"end":{"line":46,"column":95}}],"line":46},"5":{"loc":{"start":{"line":53,"column":10},"end":{"line":53,"column":57}},"type":"cond-expr","locations":[{"start":{"line":53,"column":26},"end":{"line":53,"column":41}},{"start":{"line":53,"column":44},"end":{"line":53,"column":57}}],"line":53},"6":{"loc":{"start":{"line":67,"column":10},"end":{"line":67,"column":59}},"type":"cond-expr","locations":[{"start":{"line":67,"column":27},"end":{"line":67,"column":43}},{"start":{"line":67,"column":46},"end":{"line":67,"column":59}}],"line":67}},"s":{"0":1,"1":6,"2":6,"3":6,"4":6,"5":6,"6":0,"7":0,"8":0,"9":0,"10":0,"11":0,"12":6,"13":0,"14":0,"15":0,"16":0,"17":0,"18":0,"19":6,"20":3,"21":6,"22":3,"23":3,"24":6,"25":0},"f":{"0":6,"1":0,"2":0,"3":0,"4":0,"5":3,"6":3,"7":0},"b":{"0":[0,0],"1":[0,0],"2":[3,0],"3":[3,0],"4":[0,3],"5":[3,3],"6":[0,6]},"_coverageSchema":"1a1c01bbd47fc00a2c39e90264f33305004495a9","hash":"783445c0a2ec9f16d21ceddb08876c5df30ff7a5"}
,"/Users/newowner/Desktop/Hack-Reactor/Catwalk-1/lib/config.js": {"path":"/Users/newowner/Desktop/Hack-Reactor/Catwalk-1/lib/config.js","statementMap":{"0":{"start":{"line":1,"column":18},"end":{"line":1,"column":60}}},"fnMap":{},"branchMap":{},"s":{"0":4},"f":{},"b":{},"_coverageSchema":"1a1c01bbd47fc00a2c39e90264f33305004495a9","hash":"a5487eac606c07c0b56248298dd3e9a1d6f1bfda"}
,"/Users/newowner/Desktop/Hack-Reactor/Catwalk-1/lib/related.js": {"path":"/Users/newowner/Desktop/Hack-Reactor/Catwalk-1/lib/related.js","statementMap":{"0":{"start":{"line":6,"column":4},"end":{"line":10,"column":7}},"1":{"start":{"line":13,"column":4},"end":{"line":17,"column":7}},"2":{"start":{"line":20,"column":4},"end":{"line":24,"column":7}},"3":{"start":{"line":27,"column":4},"end":{"line":34,"column":7}},"4":{"start":{"line":39,"column":4},"end":{"line":44,"column":7}},"5":{"start":{"line":49,"column":4},"end":{"line":53,"column":7}}},"fnMap":{"0":{"name":"(anonymous_0)","decl":{"start":{"line":5,"column":19},"end":{"line":5,"column":20}},"loc":{"start":{"line":5,"column":27},"end":{"line":11,"column":3}},"line":5},"1":{"name":"(anonymous_1)","decl":{"start":{"line":12,"column":19},"end":{"line":12,"column":20}},"loc":{"start":{"line":12,"column":27},"end":{"line":18,"column":3}},"line":12},"2":{"name":"(anonymous_2)","decl":{"start":{"line":19,"column":17},"end":{"line":19,"column":18}},"loc":{"start":{"line":19,"column":25},"end":{"line":25,"column":3}},"line":19},"3":{"name":"(anonymous_3)","decl":{"start":{"line":26,"column":18},"end":{"line":26,"column":19}},"loc":{"start":{"line":26,"column":26},"end":{"line":35,"column":3}},"line":26},"4":{"name":"(anonymous_4)","decl":{"start":{"line":38,"column":13},"end":{"line":38,"column":14}},"loc":{"start":{"line":38,"column":24},"end":{"line":45,"column":3}},"line":38},"5":{"name":"(anonymous_5)","decl":{"start":{"line":48,"column":11},"end":{"line":48,"column":12}},"loc":{"start":{"line":48,"column":17},"end":{"line":54,"column":3}},"line":48}},"branchMap":{},"s":{"0":6,"1":3,"2":0,"3":0,"4":0,"5":3},"f":{"0":6,"1":3,"2":0,"3":0,"4":0,"5":3},"b":{},"_coverageSchema":"1a1c01bbd47fc00a2c39e90264f33305004495a9","hash":"12dee4dc021e538f200aa4b7ce753b5a848d0f53"}
}
