{"/Users/newowner/Desktop/Hack-Reactor/Catwalk-1/client/src/components/App.jsx": {"path":"/Users/newowner/Desktop/Hack-Reactor/Catwalk-1/client/src/components/App.jsx","statementMap":{"0":{"start":{"line":18,"column":12},"end":{"line":76,"column":1}},"1":{"start":{"line":21,"column":36},"end":{"line":21,"column":51}},"2":{"start":{"line":22,"column":48},"end":{"line":22,"column":60}},"3":{"start":{"line":23,"column":38},"end":{"line":23,"column":52}},"4":{"start":{"line":25,"column":19},"end":{"line":25,"column":21}},"5":{"start":{"line":29,"column":2},"end":{"line":34,"column":18}},"6":{"start":{"line":30,"column":4},"end":{"line":33,"column":9}},"7":{"start":{"line":32,"column":8},"end":{"line":32,"column":37}},"8":{"start":{"line":38,"column":25},"end":{"line":40,"column":3}},"9":{"start":{"line":39,"column":4},"end":{"line":39,"column":31}},"10":{"start":{"line":42,"column":23},"end":{"line":53,"column":3}},"11":{"start":{"line":43,"column":24},"end":{"line":47,"column":5}},"12":{"start":{"line":49,"column":4},"end":{"line":52,"column":9}},"13":{"start":{"line":51,"column":8},"end":{"line":51,"column":32}},"14":{"start":{"line":55,"column":29},"end":{"line":55,"column":56}},"15":{"start":{"line":56,"column":30},"end":{"line":56,"column":51}},"16":{"start":{"line":58,"column":2},"end":{"line":75,"column":4}}},"fnMap":{"0":{"name":"(anonymous_0)","decl":{"start":{"line":18,"column":12},"end":{"line":18,"column":13}},"loc":{"start":{"line":18,"column":18},"end":{"line":76,"column":1}},"line":18},"1":{"name":"(anonymous_1)","decl":{"start":{"line":29,"column":12},"end":{"line":29,"column":13}},"loc":{"start":{"line":29,"column":18},"end":{"line":34,"column":3}},"line":29},"2":{"name":"(anonymous_2)","decl":{"start":{"line":31,"column":12},"end":{"line":31,"column":13}},"loc":{"start":{"line":31,"column":19},"end":{"line":33,"column":7}},"line":31},"3":{"name":"(anonymous_3)","decl":{"start":{"line":38,"column":25},"end":{"line":38,"column":26}},"loc":{"start":{"line":38,"column":31},"end":{"line":40,"column":3}},"line":38},"4":{"name":"(anonymous_4)","decl":{"start":{"line":42,"column":23},"end":{"line":42,"column":24}},"loc":{"start":{"line":42,"column":41},"end":{"line":53,"column":3}},"line":42},"5":{"name":"(anonymous_5)","decl":{"start":{"line":50,"column":12},"end":{"line":50,"column":13}},"loc":{"start":{"line":50,"column":19},"end":{"line":52,"column":7}},"line":50}},"branchMap":{"0":{"loc":{"start":{"line":58,"column":9},"end":{"line":75,"column":3}},"type":"cond-expr","locations":[{"start":{"line":58,"column":31},"end":{"line":58,"column":52}},{"start":{"line":59,"column":4},"end":{"line":74,"column":10}}],"line":58},"1":{"loc":{"start":{"line":60,"column":6},"end":{"line":60,"column":45}},"type":"cond-expr","locations":[{"start":{"line":60,"column":19},"end":{"line":60,"column":33}},{"start":{"line":60,"column":36},"end":{"line":60,"column":45}}],"line":60}},"s":{"0":1,"1":0,"2":0,"3":0,"4":0,"5":0,"6":0,"7":0,"8":0,"9":0,"10":0,"11":0,"12":0,"13":0,"14":0,"15":0,"16":0},"f":{"0":0,"1":0,"2":0,"3":0,"4":0,"5":0},"b":{"0":[0,0],"1":[0,0]},"_coverageSchema":"1a1c01bbd47fc00a2c39e90264f33305004495a9","hash":"31482e9db3aa0ced80c4ba995e3bff61eb13550c"}
,"/Users/newowner/Desktop/Hack-Reactor/Catwalk-1/client/src/components/WithTracker.jsx": {"path":"/Users/newowner/Desktop/Hack-Reactor/Catwalk-1/client/src/components/WithTracker.jsx","statementMap":{"0":{"start":{"line":3,"column":20},"end":{"line":30,"column":1}},"1":{"start":{"line":5,"column":31},"end":{"line":27,"column":3}},"2":{"start":{"line":7,"column":34},"end":{"line":7,"column":46}},"3":{"start":{"line":10,"column":25},"end":{"line":18,"column":5}},"4":{"start":{"line":11,"column":26},"end":{"line":15,"column":7}},"5":{"start":{"line":17,"column":6},"end":{"line":17,"column":35}},"6":{"start":{"line":20,"column":4},"end":{"line":26,"column":6}},"7":{"start":{"line":22,"column":8},"end":{"line":22,"column":24}},"8":{"start":{"line":29,"column":2},"end":{"line":29,"column":30}}},"fnMap":{"0":{"name":"(anonymous_0)","decl":{"start":{"line":3,"column":20},"end":{"line":3,"column":21}},"loc":{"start":{"line":3,"column":33},"end":{"line":30,"column":1}},"line":3},"1":{"name":"(anonymous_1)","decl":{"start":{"line":5,"column":31},"end":{"line":5,"column":32}},"loc":{"start":{"line":5,"column":64},"end":{"line":27,"column":3}},"line":5},"2":{"name":"(anonymous_2)","decl":{"start":{"line":10,"column":25},"end":{"line":10,"column":26}},"loc":{"start":{"line":10,"column":32},"end":{"line":18,"column":5}},"line":10},"3":{"name":"(anonymous_3)","decl":{"start":{"line":21,"column":20},"end":{"line":21,"column":21}},"loc":{"start":{"line":21,"column":27},"end":{"line":23,"column":7}},"line":21}},"branchMap":{},"s":{"0":1,"1":0,"2":0,"3":0,"4":0,"5":0,"6":0,"7":0,"8":0},"f":{"0":0,"1":0,"2":0,"3":0},"b":{},"_coverageSchema":"1a1c01bbd47fc00a2c39e90264f33305004495a9","hash":"54654d52c3c022863665291f2c16610ecf09fcf4"}
,"/Users/newowner/Desktop/Hack-Reactor/Catwalk-1/client/src/components/Overview/Addtocart.jsx": {"path":"/Users/newowner/Desktop/Hack-Reactor/Catwalk-1/client/src/components/Overview/Addtocart.jsx","statementMap":{"0":{"start":{"line":10,"column":4},"end":{"line":10,"column":17}},"1":{"start":{"line":11,"column":4},"end":{"line":20,"column":6}},"2":{"start":{"line":22,"column":4},"end":{"line":22,"column":53}},"3":{"start":{"line":23,"column":4},"end":{"line":23,"column":61}},"4":{"start":{"line":27,"column":4},"end":{"line":36,"column":9}},"5":{"start":{"line":30,"column":8},"end":{"line":32,"column":11}},"6":{"start":{"line":35,"column":8},"end":{"line":35,"column":41}},"7":{"start":{"line":40,"column":4},"end":{"line":44,"column":5}},"8":{"start":{"line":41,"column":6},"end":{"line":41,"column":28}},"9":{"start":{"line":43,"column":6},"end":{"line":43,"column":27}},"10":{"start":{"line":48,"column":4},"end":{"line":50,"column":7}},"11":{"start":{"line":53,"column":4},"end":{"line":55,"column":7}},"12":{"start":{"line":56,"column":4},"end":{"line":56,"column":20}},"13":{"start":{"line":59,"column":17},"end":{"line":59,"column":61}},"14":{"start":{"line":60,"column":4},"end":{"line":69,"column":5}},"15":{"start":{"line":60,"column":17},"end":{"line":60,"column":18}},"16":{"start":{"line":61,"column":6},"end":{"line":68,"column":7}},"17":{"start":{"line":62,"column":18},"end":{"line":62,"column":38}},"18":{"start":{"line":63,"column":25},"end":{"line":63,"column":49}},"19":{"start":{"line":64,"column":8},"end":{"line":67,"column":11}},"20":{"start":{"line":70,"column":20},"end":{"line":70,"column":51}},"21":{"start":{"line":71,"column":20},"end":{"line":71,"column":21}},"22":{"start":{"line":72,"column":4},"end":{"line":76,"column":5}},"23":{"start":{"line":72,"column":17},"end":{"line":72,"column":18}},"24":{"start":{"line":73,"column":6},"end":{"line":75,"column":7}},"25":{"start":{"line":74,"column":8},"end":{"line":74,"column":48}},"26":{"start":{"line":77,"column":21},"end":{"line":77,"column":43}},"27":{"start":{"line":78,"column":21},"end":{"line":78,"column":48}},"28":{"start":{"line":79,"column":20},"end":{"line":79,"column":46}},"29":{"start":{"line":80,"column":4},"end":{"line":84,"column":7}},"30":{"start":{"line":88,"column":4},"end":{"line":92,"column":5}},"31":{"start":{"line":89,"column":6},"end":{"line":89,"column":15}},"32":{"start":{"line":91,"column":6},"end":{"line":91,"column":15}},"33":{"start":{"line":96,"column":17},"end":{"line":96,"column":19}},"34":{"start":{"line":97,"column":14},"end":{"line":97,"column":17}},"35":{"start":{"line":98,"column":4},"end":{"line":100,"column":5}},"36":{"start":{"line":99,"column":6},"end":{"line":99,"column":15}},"37":{"start":{"line":101,"column":4},"end":{"line":103,"column":5}},"38":{"start":{"line":101,"column":17},"end":{"line":101,"column":18}},"39":{"start":{"line":102,"column":6},"end":{"line":102,"column":21}},"40":{"start":{"line":104,"column":4},"end":{"line":104,"column":18}},"41":{"start":{"line":108,"column":4},"end":{"line":108,"column":23}},"42":{"start":{"line":109,"column":17},"end":{"line":109,"column":61}},"43":{"start":{"line":110,"column":16},"end":{"line":110,"column":18}},"44":{"start":{"line":111,"column":13},"end":{"line":111,"column":36}},"45":{"start":{"line":112,"column":19},"end":{"line":112,"column":46}},"46":{"start":{"line":113,"column":16},"end":{"line":113,"column":39}},"47":{"start":{"line":115,"column":4},"end":{"line":119,"column":5}},"48":{"start":{"line":115,"column":17},"end":{"line":115,"column":18}},"49":{"start":{"line":116,"column":6},"end":{"line":118,"column":7}},"50":{"start":{"line":117,"column":8},"end":{"line":117,"column":29}},"51":{"start":{"line":121,"column":25},"end":{"line":129,"column":5}},"52":{"start":{"line":131,"column":4},"end":{"line":139,"column":5}},"53":{"start":{"line":131,"column":17},"end":{"line":131,"column":18}},"54":{"start":{"line":132,"column":6},"end":{"line":138,"column":11}},"55":{"start":{"line":134,"column":10},"end":{"line":134,"column":40}},"56":{"start":{"line":137,"column":10},"end":{"line":137,"column":43}},"57":{"start":{"line":141,"column":4},"end":{"line":151,"column":9}},"58":{"start":{"line":144,"column":8},"end":{"line":146,"column":11}},"59":{"start":{"line":147,"column":8},"end":{"line":147,"column":45}},"60":{"start":{"line":152,"column":4},"end":{"line":152,"column":34}},"61":{"start":{"line":156,"column":4},"end":{"line":156,"column":23}},"62":{"start":{"line":157,"column":4},"end":{"line":159,"column":7}},"63":{"start":{"line":160,"column":4},"end":{"line":160,"column":39}},"64":{"start":{"line":161,"column":4},"end":{"line":161,"column":41}},"65":{"start":{"line":162,"column":4},"end":{"line":164,"column":7}},"66":{"start":{"line":168,"column":4},"end":{"line":170,"column":5}},"67":{"start":{"line":169,"column":6},"end":{"line":169,"column":39}},"68":{"start":{"line":171,"column":4},"end":{"line":208,"column":6}},"69":{"start":{"line":176,"column":29},"end":{"line":176,"column":40}},"70":{"start":{"line":177,"column":12},"end":{"line":179,"column":13}},"71":{"start":{"line":178,"column":14},"end":{"line":178,"column":45}},"72":{"start":{"line":180,"column":12},"end":{"line":182,"column":19}},"73":{"start":{"line":180,"column":90},"end":{"line":180,"column":121}},"74":{"start":{"line":190,"column":16},"end":{"line":192,"column":18}},"75":{"start":{"line":201,"column":16},"end":{"line":201,"column":56}},"76":{"start":{"line":205,"column":66},"end":{"line":205,"column":114}}},"fnMap":{"0":{"name":"(anonymous_0)","decl":{"start":{"line":9,"column":2},"end":{"line":9,"column":3}},"loc":{"start":{"line":9,"column":21},"end":{"line":24,"column":3}},"line":9},"1":{"name":"(anonymous_1)","decl":{"start":{"line":26,"column":2},"end":{"line":26,"column":3}},"loc":{"start":{"line":26,"column":22},"end":{"line":37,"column":3}},"line":26},"2":{"name":"(anonymous_2)","decl":{"start":{"line":28,"column":12},"end":{"line":28,"column":13}},"loc":{"start":{"line":28,"column":22},"end":{"line":33,"column":7}},"line":28},"3":{"name":"(anonymous_3)","decl":{"start":{"line":34,"column":13},"end":{"line":34,"column":14}},"loc":{"start":{"line":34,"column":24},"end":{"line":36,"column":7}},"line":34},"4":{"name":"(anonymous_4)","decl":{"start":{"line":39,"column":2},"end":{"line":39,"column":3}},"loc":{"start":{"line":39,"column":20},"end":{"line":45,"column":3}},"line":39},"5":{"name":"(anonymous_5)","decl":{"start":{"line":47,"column":2},"end":{"line":47,"column":3}},"loc":{"start":{"line":47,"column":26},"end":{"line":51,"column":3}},"line":47},"6":{"name":"(anonymous_6)","decl":{"start":{"line":52,"column":2},"end":{"line":52,"column":3}},"loc":{"start":{"line":52,"column":22},"end":{"line":57,"column":3}},"line":52},"7":{"name":"(anonymous_7)","decl":{"start":{"line":58,"column":2},"end":{"line":58,"column":3}},"loc":{"start":{"line":58,"column":13},"end":{"line":85,"column":3}},"line":58},"8":{"name":"(anonymous_8)","decl":{"start":{"line":87,"column":2},"end":{"line":87,"column":3}},"loc":{"start":{"line":87,"column":17},"end":{"line":93,"column":3}},"line":87},"9":{"name":"(anonymous_9)","decl":{"start":{"line":95,"column":2},"end":{"line":95,"column":3}},"loc":{"start":{"line":95,"column":18},"end":{"line":105,"column":3}},"line":95},"10":{"name":"(anonymous_10)","decl":{"start":{"line":107,"column":2},"end":{"line":107,"column":3}},"loc":{"start":{"line":107,"column":24},"end":{"line":153,"column":3}},"line":107},"11":{"name":"(anonymous_11)","decl":{"start":{"line":133,"column":14},"end":{"line":133,"column":15}},"loc":{"start":{"line":133,"column":24},"end":{"line":135,"column":9}},"line":133},"12":{"name":"(anonymous_12)","decl":{"start":{"line":136,"column":15},"end":{"line":136,"column":16}},"loc":{"start":{"line":136,"column":26},"end":{"line":138,"column":9}},"line":136},"13":{"name":"(anonymous_13)","decl":{"start":{"line":142,"column":12},"end":{"line":142,"column":13}},"loc":{"start":{"line":142,"column":22},"end":{"line":149,"column":7}},"line":142},"14":{"name":"(anonymous_14)","decl":{"start":{"line":150,"column":13},"end":{"line":150,"column":14}},"loc":{"start":{"line":150,"column":24},"end":{"line":151,"column":7}},"line":150},"15":{"name":"(anonymous_15)","decl":{"start":{"line":155,"column":2},"end":{"line":155,"column":3}},"loc":{"start":{"line":155,"column":24},"end":{"line":165,"column":3}},"line":155},"16":{"name":"(anonymous_16)","decl":{"start":{"line":167,"column":2},"end":{"line":167,"column":3}},"loc":{"start":{"line":167,"column":11},"end":{"line":209,"column":3}},"line":167},"17":{"name":"(anonymous_17)","decl":{"start":{"line":175,"column":40},"end":{"line":175,"column":41}},"loc":{"start":{"line":175,"column":49},"end":{"line":183,"column":11}},"line":175},"18":{"name":"(anonymous_18)","decl":{"start":{"line":180,"column":77},"end":{"line":180,"column":78}},"loc":{"start":{"line":180,"column":88},"end":{"line":180,"column":123}},"line":180},"19":{"name":"(anonymous_19)","decl":{"start":{"line":189,"column":57},"end":{"line":189,"column":58}},"loc":{"start":{"line":189,"column":66},"end":{"line":193,"column":15}},"line":189},"20":{"name":"(anonymous_20)","decl":{"start":{"line":200,"column":50},"end":{"line":200,"column":51}},"loc":{"start":{"line":200,"column":57},"end":{"line":202,"column":15}},"line":200},"21":{"name":"(anonymous_21)","decl":{"start":{"line":205,"column":55},"end":{"line":205,"column":56}},"loc":{"start":{"line":205,"column":66},"end":{"line":205,"column":114}},"line":205}},"branchMap":{"0":{"loc":{"start":{"line":40,"column":4},"end":{"line":44,"column":5}},"type":"if","locations":[{"start":{"line":40,"column":4},"end":{"line":44,"column":5}},{"start":{"line":40,"column":4},"end":{"line":44,"column":5}}],"line":40},"1":{"loc":{"start":{"line":61,"column":6},"end":{"line":68,"column":7}},"type":"if","locations":[{"start":{"line":61,"column":6},"end":{"line":68,"column":7}},{"start":{"line":61,"column":6},"end":{"line":68,"column":7}}],"line":61},"2":{"loc":{"start":{"line":73,"column":6},"end":{"line":75,"column":7}},"type":"if","locations":[{"start":{"line":73,"column":6},"end":{"line":75,"column":7}},{"start":{"line":73,"column":6},"end":{"line":75,"column":7}}],"line":73},"3":{"loc":{"start":{"line":88,"column":4},"end":{"line":92,"column":5}},"type":"if","locations":[{"start":{"line":88,"column":4},"end":{"line":92,"column":5}},{"start":{"line":88,"column":4},"end":{"line":92,"column":5}}],"line":88},"4":{"loc":{"start":{"line":98,"column":4},"end":{"line":100,"column":5}},"type":"if","locations":[{"start":{"line":98,"column":4},"end":{"line":100,"column":5}},{"start":{"line":98,"column":4},"end":{"line":100,"column":5}}],"line":98},"5":{"loc":{"start":{"line":116,"column":6},"end":{"line":118,"column":7}},"type":"if","locations":[{"start":{"line":116,"column":6},"end":{"line":118,"column":7}},{"start":{"line":116,"column":6},"end":{"line":118,"column":7}}],"line":116},"6":{"loc":{"start":{"line":168,"column":4},"end":{"line":170,"column":5}},"type":"if","locations":[{"start":{"line":168,"column":4},"end":{"line":170,"column":5}},{"start":{"line":168,"column":4},"end":{"line":170,"column":5}}],"line":168},"7":{"loc":{"start":{"line":177,"column":12},"end":{"line":179,"column":13}},"type":"if","locations":[{"start":{"line":177,"column":12},"end":{"line":179,"column":13}},{"start":{"line":177,"column":12},"end":{"line":179,"column":13}}],"line":177}},"s":{"0":6,"1":6,"2":6,"3":6,"4":6,"5":0,"6":0,"7":3,"8":0,"9":3,"10":0,"11":0,"12":0,"13":0,"14":0,"15":0,"16":0,"17":0,"18":0,"19":0,"20":0,"21":0,"22":0,"23":0,"24":0,"25":0,"26":0,"27":0,"28":0,"29":0,"30":0,"31":0,"32":0,"33":0,"34":0,"35":0,"36":0,"37":0,"38":0,"39":0,"40":0,"41":0,"42":0,"43":0,"44":0,"45":0,"46":0,"47":0,"48":0,"49":0,"50":0,"51":0,"52":0,"53":0,"54":0,"55":0,"56":0,"57":0,"58":0,"59":0,"60":0,"61":0,"62":0,"63":0,"64":0,"65":0,"66":6,"67":3,"68":3,"69":18,"70":18,"71":3,"72":18,"73":0,"74":18,"75":0,"76":0},"f":{"0":6,"1":6,"2":0,"3":0,"4":3,"5":0,"6":0,"7":0,"8":0,"9":0,"10":0,"11":0,"12":0,"13":0,"14":0,"15":0,"16":6,"17":18,"18":0,"19":18,"20":0,"21":0},"b":{"0":[0,3],"1":[0,0],"2":[0,0],"3":[0,0],"4":[0,0],"5":[0,0],"6":[3,3],"7":[3,15]},"_coverageSchema":"1a1c01bbd47fc00a2c39e90264f33305004495a9","hash":"384a4a5d813126caced59316dc8b4523a6d2f5be"}
,"/Users/newowner/Desktop/Hack-Reactor/Catwalk-1/client/src/components/Overview/ExpandedView.jsx": {"path":"/Users/newowner/Desktop/Hack-Reactor/Catwalk-1/client/src/components/Overview/ExpandedView.jsx","statementMap":{"0":{"start":{"line":5,"column":21},"end":{"line":11,"column":1}},"1":{"start":{"line":6,"column":2},"end":{"line":10,"column":4}},"2":{"start":{"line":7,"column":52},"end":{"line":7,"column":81}}},"fnMap":{"0":{"name":"(anonymous_0)","decl":{"start":{"line":5,"column":21},"end":{"line":5,"column":22}},"loc":{"start":{"line":5,"column":32},"end":{"line":11,"column":1}},"line":5},"1":{"name":"(anonymous_1)","decl":{"start":{"line":7,"column":46},"end":{"line":7,"column":47}},"loc":{"start":{"line":7,"column":52},"end":{"line":7,"column":81}},"line":7}},"branchMap":{},"s":{"0":3,"1":0,"2":0},"f":{"0":0,"1":0},"b":{},"_coverageSchema":"1a1c01bbd47fc00a2c39e90264f33305004495a9","hash":"2aa9a228c3d50af74e95dbeedd3e13981b2c797a"}
,"/Users/newowner/Desktop/Hack-Reactor/Catwalk-1/client/src/components/Overview/ImageGallary.jsx": {"path":"/Users/newowner/Desktop/Hack-Reactor/Catwalk-1/client/src/components/Overview/ImageGallary.jsx","statementMap":{"0":{"start":{"line":8,"column":4},"end":{"line":8,"column":17}},"1":{"start":{"line":9,"column":4},"end":{"line":12,"column":6}},"2":{"start":{"line":13,"column":4},"end":{"line":13,"column":63}},"3":{"start":{"line":16,"column":4},"end":{"line":16,"column":23}},"4":{"start":{"line":17,"column":4},"end":{"line":17,"column":43}},"5":{"start":{"line":18,"column":4},"end":{"line":21,"column":7}},"6":{"start":{"line":25,"column":4},"end":{"line":25,"column":23}},"7":{"start":{"line":26,"column":4},"end":{"line":28,"column":7}},"8":{"start":{"line":32,"column":4},"end":{"line":34,"column":5}},"9":{"start":{"line":33,"column":6},"end":{"line":33,"column":37}},"10":{"start":{"line":35,"column":4},"end":{"line":49,"column":6}},"11":{"start":{"line":39,"column":12},"end":{"line":41,"column":19}},"12":{"start":{"line":39,"column":83},"end":{"line":39,"column":119}}},"fnMap":{"0":{"name":"(anonymous_0)","decl":{"start":{"line":7,"column":2},"end":{"line":7,"column":3}},"loc":{"start":{"line":7,"column":21},"end":{"line":14,"column":3}},"line":7},"1":{"name":"(anonymous_1)","decl":{"start":{"line":15,"column":2},"end":{"line":15,"column":3}},"loc":{"start":{"line":15,"column":24},"end":{"line":22,"column":3}},"line":15},"2":{"name":"(anonymous_2)","decl":{"start":{"line":24,"column":2},"end":{"line":24,"column":3}},"loc":{"start":{"line":24,"column":30},"end":{"line":29,"column":3}},"line":24},"3":{"name":"(anonymous_3)","decl":{"start":{"line":31,"column":2},"end":{"line":31,"column":3}},"loc":{"start":{"line":31,"column":11},"end":{"line":50,"column":3}},"line":31},"4":{"name":"(anonymous_4)","decl":{"start":{"line":38,"column":46},"end":{"line":38,"column":47}},"loc":{"start":{"line":38,"column":55},"end":{"line":42,"column":11}},"line":38},"5":{"name":"(anonymous_5)","decl":{"start":{"line":39,"column":70},"end":{"line":39,"column":71}},"loc":{"start":{"line":39,"column":81},"end":{"line":39,"column":121}},"line":39}},"branchMap":{"0":{"loc":{"start":{"line":32,"column":4},"end":{"line":34,"column":5}},"type":"if","locations":[{"start":{"line":32,"column":4},"end":{"line":34,"column":5}},{"start":{"line":32,"column":4},"end":{"line":34,"column":5}}],"line":32},"1":{"loc":{"start":{"line":44,"column":9},"end":{"line":47,"column":17}},"type":"cond-expr","locations":[{"start":{"line":44,"column":37},"end":{"line":47,"column":10}},{"start":{"line":47,"column":13},"end":{"line":47,"column":17}}],"line":44}},"s":{"0":6,"1":6,"2":6,"3":0,"4":0,"5":0,"6":0,"7":0,"8":6,"9":3,"10":3,"11":18,"12":0},"f":{"0":6,"1":0,"2":0,"3":6,"4":18,"5":0},"b":{"0":[3,3],"1":[0,3]},"_coverageSchema":"1a1c01bbd47fc00a2c39e90264f33305004495a9","hash":"4f6efdda6cd6dbb78369bf7befa3267473625259"}
,"/Users/newowner/Desktop/Hack-Reactor/Catwalk-1/client/src/components/Overview/Overview.jsx": {"path":"/Users/newowner/Desktop/Hack-Reactor/Catwalk-1/client/src/components/Overview/Overview.jsx","statementMap":{"0":{"start":{"line":13,"column":4},"end":{"line":13,"column":17}},"1":{"start":{"line":14,"column":4},"end":{"line":22,"column":6}},"2":{"start":{"line":24,"column":4},"end":{"line":24,"column":81}},"3":{"start":{"line":25,"column":4},"end":{"line":25,"column":49}},"4":{"start":{"line":26,"column":4},"end":{"line":26,"column":61}},"5":{"start":{"line":27,"column":4},"end":{"line":27,"column":55}},"6":{"start":{"line":31,"column":4},"end":{"line":33,"column":7}},"7":{"start":{"line":37,"column":4},"end":{"line":37,"column":33}},"8":{"start":{"line":41,"column":4},"end":{"line":43,"column":7}},"9":{"start":{"line":47,"column":4},"end":{"line":85,"column":9}},"10":{"start":{"line":49,"column":8},"end":{"line":51,"column":11}},"11":{"start":{"line":52,"column":8},"end":{"line":52,"column":61}},"12":{"start":{"line":56,"column":30},"end":{"line":56,"column":50}},"13":{"start":{"line":57,"column":8},"end":{"line":61,"column":9}},"14":{"start":{"line":57,"column":21},"end":{"line":57,"column":22}},"15":{"start":{"line":58,"column":10},"end":{"line":60,"column":11}},"16":{"start":{"line":59,"column":12},"end":{"line":59,"column":51}},"17":{"start":{"line":63,"column":8},"end":{"line":67,"column":11}},"18":{"start":{"line":68,"column":8},"end":{"line":68,"column":62}},"19":{"start":{"line":72,"column":8},"end":{"line":74,"column":11}},"20":{"start":{"line":75,"column":8},"end":{"line":75,"column":29}},"21":{"start":{"line":78,"column":8},"end":{"line":80,"column":11}},"22":{"start":{"line":81,"column":8},"end":{"line":81,"column":29}},"23":{"start":{"line":84,"column":8},"end":{"line":84,"column":54}},"24":{"start":{"line":88,"column":4},"end":{"line":88,"column":22}},"25":{"start":{"line":93,"column":4},"end":{"line":95,"column":5}},"26":{"start":{"line":94,"column":6},"end":{"line":94,"column":24}},"27":{"start":{"line":99,"column":4},"end":{"line":101,"column":7}},"28":{"start":{"line":102,"column":4},"end":{"line":106,"column":5}},"29":{"start":{"line":103,"column":30},"end":{"line":103,"column":82}},"30":{"start":{"line":105,"column":30},"end":{"line":105,"column":59}},"31":{"start":{"line":107,"column":26},"end":{"line":107,"column":28}},"32":{"start":{"line":108,"column":4},"end":{"line":129,"column":5}},"33":{"start":{"line":108,"column":17},"end":{"line":108,"column":18}},"34":{"start":{"line":109,"column":18},"end":{"line":109,"column":46}},"35":{"start":{"line":110,"column":18},"end":{"line":110,"column":22}},"36":{"start":{"line":111,"column":17},"end":{"line":111,"column":21}},"37":{"start":{"line":112,"column":6},"end":{"line":114,"column":7}},"38":{"start":{"line":113,"column":8},"end":{"line":113,"column":21}},"39":{"start":{"line":115,"column":6},"end":{"line":123,"column":7}},"40":{"start":{"line":115,"column":19},"end":{"line":115,"column":20}},"41":{"start":{"line":116,"column":8},"end":{"line":122,"column":9}},"42":{"start":{"line":117,"column":10},"end":{"line":117,"column":22}},"43":{"start":{"line":118,"column":10},"end":{"line":121,"column":11}},"44":{"start":{"line":120,"column":12},"end":{"line":120,"column":26}},"45":{"start":{"line":124,"column":6},"end":{"line":128,"column":7}},"46":{"start":{"line":127,"column":8},"end":{"line":127,"column":36}},"47":{"start":{"line":131,"column":4},"end":{"line":133,"column":5}},"48":{"start":{"line":132,"column":6},"end":{"line":132,"column":27}},"49":{"start":{"line":134,"column":4},"end":{"line":136,"column":7}},"50":{"start":{"line":140,"column":4},"end":{"line":155,"column":6}}},"fnMap":{"0":{"name":"(anonymous_0)","decl":{"start":{"line":12,"column":2},"end":{"line":12,"column":3}},"loc":{"start":{"line":12,"column":21},"end":{"line":28,"column":3}},"line":12},"1":{"name":"(anonymous_1)","decl":{"start":{"line":30,"column":2},"end":{"line":30,"column":3}},"loc":{"start":{"line":30,"column":19},"end":{"line":34,"column":3}},"line":30},"2":{"name":"(anonymous_2)","decl":{"start":{"line":36,"column":2},"end":{"line":36,"column":3}},"loc":{"start":{"line":36,"column":29},"end":{"line":38,"column":3}},"line":36},"3":{"name":"(anonymous_3)","decl":{"start":{"line":40,"column":2},"end":{"line":40,"column":3}},"loc":{"start":{"line":40,"column":39},"end":{"line":44,"column":3}},"line":40},"4":{"name":"(anonymous_4)","decl":{"start":{"line":46,"column":2},"end":{"line":46,"column":3}},"loc":{"start":{"line":46,"column":15},"end":{"line":86,"column":3}},"line":46},"5":{"name":"(anonymous_5)","decl":{"start":{"line":48,"column":12},"end":{"line":48,"column":13}},"loc":{"start":{"line":48,"column":22},"end":{"line":53,"column":7}},"line":48},"6":{"name":"(anonymous_6)","decl":{"start":{"line":54,"column":12},"end":{"line":54,"column":13}},"loc":{"start":{"line":54,"column":22},"end":{"line":69,"column":7}},"line":54},"7":{"name":"(anonymous_7)","decl":{"start":{"line":70,"column":12},"end":{"line":70,"column":13}},"loc":{"start":{"line":70,"column":22},"end":{"line":76,"column":7}},"line":70},"8":{"name":"(anonymous_8)","decl":{"start":{"line":77,"column":12},"end":{"line":77,"column":13}},"loc":{"start":{"line":77,"column":22},"end":{"line":82,"column":7}},"line":77},"9":{"name":"(anonymous_9)","decl":{"start":{"line":83,"column":13},"end":{"line":83,"column":14}},"loc":{"start":{"line":83,"column":24},"end":{"line":85,"column":7}},"line":83},"10":{"name":"(anonymous_10)","decl":{"start":{"line":87,"column":2},"end":{"line":87,"column":3}},"loc":{"start":{"line":87,"column":22},"end":{"line":89,"column":3}},"line":87},"11":{"name":"(anonymous_11)","decl":{"start":{"line":92,"column":2},"end":{"line":92,"column":3}},"loc":{"start":{"line":92,"column":32},"end":{"line":96,"column":3}},"line":92},"12":{"name":"(anonymous_12)","decl":{"start":{"line":98,"column":2},"end":{"line":98,"column":3}},"loc":{"start":{"line":98,"column":26},"end":{"line":137,"column":3}},"line":98},"13":{"name":"(anonymous_13)","decl":{"start":{"line":139,"column":2},"end":{"line":139,"column":3}},"loc":{"start":{"line":139,"column":11},"end":{"line":156,"column":3}},"line":139}},"branchMap":{"0":{"loc":{"start":{"line":58,"column":10},"end":{"line":60,"column":11}},"type":"if","locations":[{"start":{"line":58,"column":10},"end":{"line":60,"column":11}},{"start":{"line":58,"column":10},"end":{"line":60,"column":11}}],"line":58},"1":{"loc":{"start":{"line":93,"column":4},"end":{"line":95,"column":5}},"type":"if","locations":[{"start":{"line":93,"column":4},"end":{"line":95,"column":5}},{"start":{"line":93,"column":4},"end":{"line":95,"column":5}}],"line":93},"2":{"loc":{"start":{"line":102,"column":4},"end":{"line":106,"column":5}},"type":"if","locations":[{"start":{"line":102,"column":4},"end":{"line":106,"column":5}},{"start":{"line":102,"column":4},"end":{"line":106,"column":5}}],"line":102},"3":{"loc":{"start":{"line":112,"column":6},"end":{"line":114,"column":7}},"type":"if","locations":[{"start":{"line":112,"column":6},"end":{"line":114,"column":7}},{"start":{"line":112,"column":6},"end":{"line":114,"column":7}}],"line":112},"4":{"loc":{"start":{"line":116,"column":8},"end":{"line":122,"column":9}},"type":"if","locations":[{"start":{"line":116,"column":8},"end":{"line":122,"column":9}},{"start":{"line":116,"column":8},"end":{"line":122,"column":9}}],"line":116},"5":{"loc":{"start":{"line":118,"column":10},"end":{"line":121,"column":11}},"type":"if","locations":[{"start":{"line":118,"column":10},"end":{"line":121,"column":11}},{"start":{"line":118,"column":10},"end":{"line":121,"column":11}}],"line":118},"6":{"loc":{"start":{"line":118,"column":15},"end":{"line":118,"column":82}},"type":"binary-expr","locations":[{"start":{"line":118,"column":15},"end":{"line":118,"column":77}},{"start":{"line":118,"column":81},"end":{"line":118,"column":82}}],"line":118},"7":{"loc":{"start":{"line":124,"column":6},"end":{"line":128,"column":7}},"type":"if","locations":[{"start":{"line":124,"column":6},"end":{"line":128,"column":7}},{"start":{"line":124,"column":6},"end":{"line":128,"column":7}}],"line":124},"8":{"loc":{"start":{"line":124,"column":10},"end":{"line":124,"column":43}},"type":"binary-expr","locations":[{"start":{"line":124,"column":10},"end":{"line":124,"column":25}},{"start":{"line":124,"column":29},"end":{"line":124,"column":43}}],"line":124},"9":{"loc":{"start":{"line":131,"column":4},"end":{"line":133,"column":5}},"type":"if","locations":[{"start":{"line":131,"column":4},"end":{"line":133,"column":5}},{"start":{"line":131,"column":4},"end":{"line":133,"column":5}}],"line":131},"10":{"loc":{"start":{"line":145,"column":24},"end":{"line":145,"column":92}},"type":"cond-expr","locations":[{"start":{"line":145,"column":48},"end":{"line":145,"column":71}},{"start":{"line":145,"column":74},"end":{"line":145,"column":92}}],"line":145}},"s":{"0":3,"1":3,"2":3,"3":3,"4":3,"5":3,"6":0,"7":0,"8":0,"9":3,"10":0,"11":0,"12":0,"13":0,"14":0,"15":0,"16":0,"17":0,"18":0,"19":0,"20":0,"21":0,"22":0,"23":0,"24":3,"25":0,"26":0,"27":0,"28":0,"29":0,"30":0,"31":0,"32":0,"33":0,"34":0,"35":0,"36":0,"37":0,"38":0,"39":0,"40":0,"41":0,"42":0,"43":0,"44":0,"45":0,"46":0,"47":0,"48":0,"49":0,"50":3},"f":{"0":3,"1":0,"2":0,"3":0,"4":3,"5":0,"6":0,"7":0,"8":0,"9":0,"10":3,"11":0,"12":0,"13":3},"b":{"0":[0,0],"1":[0,0],"2":[0,0],"3":[0,0],"4":[0,0],"5":[0,0],"6":[0,0],"7":[0,0],"8":[0,0],"9":[0,0],"10":[0,3]},"_coverageSchema":"1a1c01bbd47fc00a2c39e90264f33305004495a9","hash":"a073d34cf20078cbc28d09fe8abada25d946b9d6"}
,"/Users/newowner/Desktop/Hack-Reactor/Catwalk-1/client/src/components/Overview/Productdescription.jsx": {"path":"/Users/newowner/Desktop/Hack-Reactor/Catwalk-1/client/src/components/Overview/Productdescription.jsx","statementMap":{"0":{"start":{"line":10,"column":4},"end":{"line":10,"column":17}},"1":{"start":{"line":11,"column":4},"end":{"line":12,"column":6}},"2":{"start":{"line":16,"column":4},"end":{"line":18,"column":5}},"3":{"start":{"line":17,"column":6},"end":{"line":17,"column":41}},"4":{"start":{"line":19,"column":4},"end":{"line":34,"column":6}}},"fnMap":{"0":{"name":"(anonymous_0)","decl":{"start":{"line":9,"column":2},"end":{"line":9,"column":3}},"loc":{"start":{"line":9,"column":21},"end":{"line":13,"column":3}},"line":9},"1":{"name":"(anonymous_1)","decl":{"start":{"line":15,"column":2},"end":{"line":15,"column":3}},"loc":{"start":{"line":15,"column":11},"end":{"line":35,"column":3}},"line":15}},"branchMap":{"0":{"loc":{"start":{"line":16,"column":4},"end":{"line":18,"column":5}},"type":"if","locations":[{"start":{"line":16,"column":4},"end":{"line":18,"column":5}},{"start":{"line":16,"column":4},"end":{"line":18,"column":5}}],"line":16}},"s":{"0":7,"1":7,"2":7,"3":3,"4":4},"f":{"0":7,"1":7},"b":{"0":[3,4]},"_coverageSchema":"1a1c01bbd47fc00a2c39e90264f33305004495a9","hash":"52058232fd5473335e5e9c63431adb4c7853c1c1"}
,"/Users/newowner/Desktop/Hack-Reactor/Catwalk-1/client/src/components/Overview/Productinformation.jsx": {"path":"/Users/newowner/Desktop/Hack-Reactor/Catwalk-1/client/src/components/Overview/Productinformation.jsx","statementMap":{"0":{"start":{"line":8,"column":4},"end":{"line":8,"column":17}},"1":{"start":{"line":12,"column":4},"end":{"line":21,"column":6}}},"fnMap":{"0":{"name":"(anonymous_0)","decl":{"start":{"line":7,"column":2},"end":{"line":7,"column":3}},"loc":{"start":{"line":7,"column":21},"end":{"line":10,"column":3}},"line":7},"1":{"name":"(anonymous_1)","decl":{"start":{"line":11,"column":2},"end":{"line":11,"column":3}},"loc":{"start":{"line":11,"column":11},"end":{"line":22,"column":3}},"line":11}},"branchMap":{"0":{"loc":{"start":{"line":17,"column":11},"end":{"line":17,"column":126}},"type":"cond-expr","locations":[{"start":{"line":17,"column":48},"end":{"line":17,"column":119}},{"start":{"line":17,"column":122},"end":{"line":17,"column":126}}],"line":17},"1":{"loc":{"start":{"line":18,"column":11},"end":{"line":18,"column":145}},"type":"cond-expr","locations":[{"start":{"line":18,"column":48},"end":{"line":18,"column":93}},{"start":{"line":18,"column":96},"end":{"line":18,"column":145}}],"line":18}},"s":{"0":7,"1":7},"f":{"0":7,"1":7},"b":{"0":[0,7],"1":[0,7]},"_coverageSchema":"1a1c01bbd47fc00a2c39e90264f33305004495a9","hash":"8126b351f5ddad0e46eae9b4825fcd14823b211c"}
,"/Users/newowner/Desktop/Hack-Reactor/Catwalk-1/client/src/components/Overview/SingleStarRating.jsx": {"path":"/Users/newowner/Desktop/Hack-Reactor/Catwalk-1/client/src/components/Overview/SingleStarRating.jsx","statementMap":{"0":{"start":{"line":5,"column":25},"end":{"line":44,"column":1}},"1":{"start":{"line":7,"column":2},"end":{"line":11,"column":3}},"2":{"start":{"line":8,"column":4},"end":{"line":10,"column":6}},"3":{"start":{"line":18,"column":2},"end":{"line":23,"column":3}},"4":{"start":{"line":19,"column":16},"end":{"line":19,"column":27}},"5":{"start":{"line":20,"column":16},"end":{"line":20,"column":36}},"6":{"start":{"line":21,"column":4},"end":{"line":21,"column":53}},"7":{"start":{"line":22,"column":4},"end":{"line":22,"column":43}},"8":{"start":{"line":25,"column":2},"end":{"line":25,"column":64}},"9":{"start":{"line":27,"column":17},"end":{"line":32,"column":3}},"10":{"start":{"line":33,"column":2},"end":{"line":43,"column":4}}},"fnMap":{"0":{"name":"(anonymous_0)","decl":{"start":{"line":5,"column":25},"end":{"line":5,"column":26}},"loc":{"start":{"line":5,"column":50},"end":{"line":44,"column":1}},"line":5}},"branchMap":{"0":{"loc":{"start":{"line":7,"column":2},"end":{"line":11,"column":3}},"type":"if","locations":[{"start":{"line":7,"column":2},"end":{"line":11,"column":3}},{"start":{"line":7,"column":2},"end":{"line":11,"column":3}}],"line":7},"1":{"loc":{"start":{"line":21,"column":18},"end":{"line":21,"column":33}},"type":"binary-expr","locations":[{"start":{"line":21,"column":18},"end":{"line":21,"column":28}},{"start":{"line":21,"column":32},"end":{"line":21,"column":33}}],"line":21},"2":{"loc":{"start":{"line":22,"column":18},"end":{"line":22,"column":33}},"type":"binary-expr","locations":[{"start":{"line":22,"column":18},"end":{"line":22,"column":28}},{"start":{"line":22,"column":32},"end":{"line":22,"column":33}}],"line":22},"3":{"loc":{"start":{"line":40,"column":22},"end":{"line":40,"column":63}},"type":"cond-expr","locations":[{"start":{"line":40,"column":31},"end":{"line":40,"column":48}},{"start":{"line":40,"column":51},"end":{"line":40,"column":63}}],"line":40}},"s":{"0":3,"1":6,"2":3,"3":3,"4":15,"5":15,"6":15,"7":15,"8":3,"9":3,"10":3},"f":{"0":6},"b":{"0":[3,3],"1":[15,3],"2":[15,3],"3":[0,3]},"_coverageSchema":"1a1c01bbd47fc00a2c39e90264f33305004495a9","hash":"e27e345d21605ede25de676f26c9e09d5bb3b632"}
,"/Users/newowner/Desktop/Hack-Reactor/Catwalk-1/client/src/components/QuestionsAndAnswers/Answer.jsx": {"path":"/Users/newowner/Desktop/Hack-Reactor/Catwalk-1/client/src/components/QuestionsAndAnswers/Answer.jsx","statementMap":{"0":{"start":{"line":6,"column":15},"end":{"line":76,"column":1}},"1":{"start":{"line":8,"column":44},"end":{"line":8,"column":71}},"2":{"start":{"line":9,"column":32},"end":{"line":9,"column":47}},"3":{"start":{"line":10,"column":34},"end":{"line":10,"column":52}},"4":{"start":{"line":13,"column":23},"end":{"line":15,"column":3}},"5":{"start":{"line":14,"column":4},"end":{"line":14,"column":20}},"6":{"start":{"line":17,"column":27},"end":{"line":36,"column":3}},"7":{"start":{"line":18,"column":4},"end":{"line":34,"column":9}},"8":{"start":{"line":33,"column":8},"end":{"line":33,"column":25}},"9":{"start":{"line":38,"column":17},"end":{"line":56,"column":3}},"10":{"start":{"line":39,"column":4},"end":{"line":54,"column":9}},"11":{"start":{"line":50,"column":8},"end":{"line":50,"column":26}},"12":{"start":{"line":53,"column":8},"end":{"line":53,"column":25}},"13":{"start":{"line":60,"column":2},"end":{"line":61,"column":22}},"14":{"start":{"line":63,"column":2},"end":{"line":75,"column":4}},"15":{"start":{"line":66,"column":55},"end":{"line":66,"column":91}},"16":{"start":{"line":66,"column":92},"end":{"line":66,"column":109}},"17":{"start":{"line":66,"column":110},"end":{"line":66,"column":138}},"18":{"start":{"line":72,"column":52},"end":{"line":72,"column":76}},"19":{"start":{"line":72,"column":77},"end":{"line":72,"column":95}}},"fnMap":{"0":{"name":"(anonymous_0)","decl":{"start":{"line":6,"column":15},"end":{"line":6,"column":16}},"loc":{"start":{"line":6,"column":51},"end":{"line":76,"column":1}},"line":6},"1":{"name":"(anonymous_1)","decl":{"start":{"line":13,"column":23},"end":{"line":13,"column":24}},"loc":{"start":{"line":13,"column":31},"end":{"line":15,"column":3}},"line":13},"2":{"name":"(anonymous_2)","decl":{"start":{"line":17,"column":27},"end":{"line":17,"column":28}},"loc":{"start":{"line":17,"column":35},"end":{"line":36,"column":3}},"line":17},"3":{"name":"(anonymous_3)","decl":{"start":{"line":28,"column":12},"end":{"line":28,"column":13}},"loc":{"start":{"line":28,"column":22},"end":{"line":30,"column":7}},"line":28},"4":{"name":"(anonymous_4)","decl":{"start":{"line":31,"column":13},"end":{"line":31,"column":14}},"loc":{"start":{"line":31,"column":22},"end":{"line":34,"column":7}},"line":31},"5":{"name":"(anonymous_5)","decl":{"start":{"line":38,"column":17},"end":{"line":38,"column":18}},"loc":{"start":{"line":38,"column":25},"end":{"line":56,"column":3}},"line":38},"6":{"name":"(anonymous_6)","decl":{"start":{"line":49,"column":12},"end":{"line":49,"column":13}},"loc":{"start":{"line":49,"column":22},"end":{"line":51,"column":7}},"line":49},"7":{"name":"(anonymous_7)","decl":{"start":{"line":52,"column":13},"end":{"line":52,"column":14}},"loc":{"start":{"line":52,"column":22},"end":{"line":54,"column":7}},"line":52},"8":{"name":"(anonymous_8)","decl":{"start":{"line":60,"column":12},"end":{"line":60,"column":13}},"loc":{"start":{"line":60,"column":18},"end":{"line":61,"column":3}},"line":60},"9":{"name":"(anonymous_9)","decl":{"start":{"line":66,"column":47},"end":{"line":66,"column":48}},"loc":{"start":{"line":66,"column":53},"end":{"line":66,"column":140}},"line":66},"10":{"name":"(anonymous_10)","decl":{"start":{"line":72,"column":44},"end":{"line":72,"column":45}},"loc":{"start":{"line":72,"column":50},"end":{"line":72,"column":97}},"line":72}},"branchMap":{"0":{"loc":{"start":{"line":65,"column":7},"end":{"line":70,"column":7}},"type":"cond-expr","locations":[{"start":{"line":66,"column":8},"end":{"line":66,"column":197}},{"start":{"line":69,"column":8},"end":{"line":69,"column":93}}],"line":65}},"s":{"0":2,"1":0,"2":0,"3":0,"4":0,"5":0,"6":0,"7":0,"8":0,"9":0,"10":0,"11":0,"12":0,"13":0,"14":0,"15":0,"16":0,"17":0,"18":0,"19":0},"f":{"0":0,"1":0,"2":0,"3":0,"4":0,"5":0,"6":0,"7":0,"8":0,"9":0,"10":0},"b":{"0":[0,0]},"_coverageSchema":"1a1c01bbd47fc00a2c39e90264f33305004495a9","hash":"282e3d032e6c218712a0eb34a6d30a12b542a78d"}
,"/Users/newowner/Desktop/Hack-Reactor/Catwalk-1/client/src/components/QuestionsAndAnswers/Answers.jsx": {"path":"/Users/newowner/Desktop/Hack-Reactor/Catwalk-1/client/src/components/QuestionsAndAnswers/Answers.jsx","statementMap":{"0":{"start":{"line":6,"column":16},"end":{"line":60,"column":1}},"1":{"start":{"line":8,"column":48},"end":{"line":8,"column":59}},"2":{"start":{"line":9,"column":32},"end":{"line":9,"column":47}},"3":{"start":{"line":14,"column":2},"end":{"line":15,"column":33}},"4":{"start":{"line":19,"column":22},"end":{"line":25,"column":3}},"5":{"start":{"line":20,"column":4},"end":{"line":24,"column":5}},"6":{"start":{"line":21,"column":6},"end":{"line":23,"column":9}},"7":{"start":{"line":22,"column":8},"end":{"line":22,"column":72}},"8":{"start":{"line":28,"column":2},"end":{"line":59,"column":4}},"9":{"start":{"line":34,"column":23},"end":{"line":34,"column":90}},"10":{"start":{"line":36,"column":12},"end":{"line":48,"column":14}},"11":{"start":{"line":51,"column":61},"end":{"line":51,"column":83}},"12":{"start":{"line":51,"column":84},"end":{"line":51,"column":101}},"13":{"start":{"line":54,"column":29},"end":{"line":54,"column":68}},"14":{"start":{"line":54,"column":69},"end":{"line":54,"column":85}}},"fnMap":{"0":{"name":"(anonymous_0)","decl":{"start":{"line":6,"column":16},"end":{"line":6,"column":17}},"loc":{"start":{"line":6,"column":49},"end":{"line":60,"column":1}},"line":6},"1":{"name":"(anonymous_1)","decl":{"start":{"line":14,"column":12},"end":{"line":14,"column":13}},"loc":{"start":{"line":14,"column":18},"end":{"line":15,"column":3}},"line":14},"2":{"name":"(anonymous_2)","decl":{"start":{"line":19,"column":22},"end":{"line":19,"column":23}},"loc":{"start":{"line":19,"column":34},"end":{"line":25,"column":3}},"line":19},"3":{"name":"(anonymous_3)","decl":{"start":{"line":21,"column":24},"end":{"line":21,"column":25}},"loc":{"start":{"line":21,"column":38},"end":{"line":23,"column":7}},"line":21},"4":{"name":"(anonymous_4)","decl":{"start":{"line":33,"column":51},"end":{"line":33,"column":52}},"loc":{"start":{"line":33,"column":70},"end":{"line":49,"column":11}},"line":33},"5":{"name":"(anonymous_5)","decl":{"start":{"line":51,"column":53},"end":{"line":51,"column":54}},"loc":{"start":{"line":51,"column":59},"end":{"line":51,"column":103}},"line":51},"6":{"name":"(anonymous_6)","decl":{"start":{"line":54,"column":21},"end":{"line":54,"column":22}},"loc":{"start":{"line":54,"column":27},"end":{"line":54,"column":87}},"line":54}},"branchMap":{"0":{"loc":{"start":{"line":20,"column":4},"end":{"line":24,"column":5}},"type":"if","locations":[{"start":{"line":20,"column":4},"end":{"line":24,"column":5}},{"start":{"line":20,"column":4},"end":{"line":24,"column":5}}],"line":20},"1":{"loc":{"start":{"line":32,"column":9},"end":{"line":49,"column":17}},"type":"cond-expr","locations":[{"start":{"line":33,"column":10},"end":{"line":49,"column":12}},{"start":{"line":49,"column":15},"end":{"line":49,"column":17}}],"line":32},"2":{"loc":{"start":{"line":50,"column":9},"end":{"line":55,"column":9}},"type":"cond-expr","locations":[{"start":{"line":51,"column":10},"end":{"line":51,"column":130}},{"start":{"line":53,"column":10},"end":{"line":54,"column":110}}],"line":50}},"s":{"0":2,"1":0,"2":0,"3":0,"4":0,"5":0,"6":0,"7":0,"8":0,"9":0,"10":0,"11":0,"12":0,"13":0,"14":0},"f":{"0":0,"1":0,"2":0,"3":0,"4":0,"5":0,"6":0},"b":{"0":[0,0],"1":[0,0],"2":[0,0]},"_coverageSchema":"1a1c01bbd47fc00a2c39e90264f33305004495a9","hash":"d6013dbf879cf4407c1adfdc4a4f154ad5a3f228"}
,"/Users/newowner/Desktop/Hack-Reactor/Catwalk-1/client/src/components/QuestionsAndAnswers/CreateAnswer.jsx": {"path":"/Users/newowner/Desktop/Hack-Reactor/Catwalk-1/client/src/components/QuestionsAndAnswers/CreateAnswer.jsx","statementMap":{"0":{"start":{"line":5,"column":21},"end":{"line":22,"column":1}},"1":{"start":{"line":7,"column":38},"end":{"line":7,"column":53}},"2":{"start":{"line":8,"column":26},"end":{"line":8,"column":41}},"3":{"start":{"line":10,"column":19},"end":{"line":12,"column":3}},"4":{"start":{"line":11,"column":4},"end":{"line":11,"column":31}},"5":{"start":{"line":14,"column":28},"end":{"line":14,"column":48}},"6":{"start":{"line":14,"column":34},"end":{"line":14,"column":48}},"7":{"start":{"line":16,"column":2},"end":{"line":21,"column":4}},"8":{"start":{"line":18,"column":55},"end":{"line":18,"column":68}}},"fnMap":{"0":{"name":"(anonymous_0)","decl":{"start":{"line":5,"column":21},"end":{"line":5,"column":22}},"loc":{"start":{"line":5,"column":27},"end":{"line":22,"column":1}},"line":5},"1":{"name":"(anonymous_1)","decl":{"start":{"line":10,"column":19},"end":{"line":10,"column":20}},"loc":{"start":{"line":10,"column":25},"end":{"line":12,"column":3}},"line":10},"2":{"name":"(anonymous_2)","decl":{"start":{"line":14,"column":28},"end":{"line":14,"column":29}},"loc":{"start":{"line":14,"column":34},"end":{"line":14,"column":48}},"line":14},"3":{"name":"(anonymous_3)","decl":{"start":{"line":18,"column":49},"end":{"line":18,"column":50}},"loc":{"start":{"line":18,"column":55},"end":{"line":18,"column":68}},"line":18}},"branchMap":{},"s":{"0":2,"1":0,"2":0,"3":0,"4":0,"5":0,"6":0,"7":0,"8":0},"f":{"0":0,"1":0,"2":0,"3":0},"b":{},"_coverageSchema":"1a1c01bbd47fc00a2c39e90264f33305004495a9","hash":"22e52cfa05f95893c7d12f2c75a0be099b827f15"}
,"/Users/newowner/Desktop/Hack-Reactor/Catwalk-1/client/src/components/QuestionsAndAnswers/CreateQuestion.jsx": {"path":"/Users/newowner/Desktop/Hack-Reactor/Catwalk-1/client/src/components/QuestionsAndAnswers/CreateQuestion.jsx","statementMap":{"0":{"start":{"line":5,"column":23},"end":{"line":14,"column":1}},"1":{"start":{"line":8,"column":2},"end":{"line":13,"column":4}},"2":{"start":{"line":10,"column":79},"end":{"line":10,"column":92}}},"fnMap":{"0":{"name":"(anonymous_0)","decl":{"start":{"line":5,"column":23},"end":{"line":5,"column":24}},"loc":{"start":{"line":5,"column":73},"end":{"line":14,"column":1}},"line":5},"1":{"name":"(anonymous_1)","decl":{"start":{"line":10,"column":73},"end":{"line":10,"column":74}},"loc":{"start":{"line":10,"column":79},"end":{"line":10,"column":92}},"line":10}},"branchMap":{},"s":{"0":2,"1":2,"2":0},"f":{"0":2,"1":0},"b":{},"_coverageSchema":"1a1c01bbd47fc00a2c39e90264f33305004495a9","hash":"d27347d5e7532d241b1daff10a2d553f05f783cc"}
,"/Users/newowner/Desktop/Hack-Reactor/Catwalk-1/client/src/components/QuestionsAndAnswers/ModalAnswer.jsx": {"path":"/Users/newowner/Desktop/Hack-Reactor/Catwalk-1/client/src/components/QuestionsAndAnswers/ModalAnswer.jsx","statementMap":{"0":{"start":{"line":6,"column":20},"end":{"line":116,"column":1}},"1":{"start":{"line":8,"column":30},"end":{"line":13,"column":4}},"2":{"start":{"line":15,"column":20},"end":{"line":36,"column":3}},"3":{"start":{"line":16,"column":4},"end":{"line":34,"column":9}},"4":{"start":{"line":30,"column":8},"end":{"line":30,"column":26}},"5":{"start":{"line":33,"column":8},"end":{"line":33,"column":25}},"6":{"start":{"line":38,"column":27},"end":{"line":40,"column":3}},"7":{"start":{"line":39,"column":4},"end":{"line":39,"column":51}},"8":{"start":{"line":42,"column":25},"end":{"line":44,"column":3}},"9":{"start":{"line":43,"column":4},"end":{"line":43,"column":53}},"10":{"start":{"line":46,"column":22},"end":{"line":48,"column":3}},"11":{"start":{"line":47,"column":4},"end":{"line":47,"column":50}},"12":{"start":{"line":50,"column":23},"end":{"line":58,"column":3}},"13":{"start":{"line":51,"column":4},"end":{"line":51,"column":23}},"14":{"start":{"line":52,"column":4},"end":{"line":52,"column":22}},"15":{"start":{"line":53,"column":4},"end":{"line":57,"column":7}},"16":{"start":{"line":60,"column":2},"end":{"line":115,"column":3}},"17":{"start":{"line":61,"column":4},"end":{"line":109,"column":6}},"18":{"start":{"line":111,"column":4},"end":{"line":114,"column":6}}},"fnMap":{"0":{"name":"(anonymous_0)","decl":{"start":{"line":6,"column":20},"end":{"line":6,"column":21}},"loc":{"start":{"line":6,"column":41},"end":{"line":116,"column":1}},"line":6},"1":{"name":"(anonymous_1)","decl":{"start":{"line":15,"column":20},"end":{"line":15,"column":21}},"loc":{"start":{"line":15,"column":32},"end":{"line":36,"column":3}},"line":15},"2":{"name":"(anonymous_2)","decl":{"start":{"line":29,"column":12},"end":{"line":29,"column":13}},"loc":{"start":{"line":29,"column":22},"end":{"line":31,"column":7}},"line":29},"3":{"name":"(anonymous_3)","decl":{"start":{"line":32,"column":13},"end":{"line":32,"column":14}},"loc":{"start":{"line":32,"column":22},"end":{"line":34,"column":7}},"line":32},"4":{"name":"(anonymous_4)","decl":{"start":{"line":38,"column":27},"end":{"line":38,"column":28}},"loc":{"start":{"line":38,"column":32},"end":{"line":40,"column":3}},"line":38},"5":{"name":"(anonymous_5)","decl":{"start":{"line":42,"column":25},"end":{"line":42,"column":26}},"loc":{"start":{"line":42,"column":30},"end":{"line":44,"column":3}},"line":42},"6":{"name":"(anonymous_6)","decl":{"start":{"line":46,"column":22},"end":{"line":46,"column":23}},"loc":{"start":{"line":46,"column":27},"end":{"line":48,"column":3}},"line":46},"7":{"name":"(anonymous_7)","decl":{"start":{"line":50,"column":23},"end":{"line":50,"column":24}},"loc":{"start":{"line":50,"column":28},"end":{"line":58,"column":3}},"line":50}},"branchMap":{"0":{"loc":{"start":{"line":60,"column":2},"end":{"line":115,"column":3}},"type":"if","locations":[{"start":{"line":60,"column":2},"end":{"line":115,"column":3}},{"start":{"line":60,"column":2},"end":{"line":115,"column":3}}],"line":60},"1":{"loc":{"start":{"line":64,"column":19},"end":{"line":64,"column":35}},"type":"cond-expr","locations":[{"start":{"line":64,"column":26},"end":{"line":64,"column":29}},{"start":{"line":64,"column":32},"end":{"line":64,"column":35}}],"line":64}},"s":{"0":2,"1":0,"2":0,"3":0,"4":0,"5":0,"6":0,"7":0,"8":0,"9":0,"10":0,"11":0,"12":0,"13":0,"14":0,"15":0,"16":0,"17":0,"18":0},"f":{"0":0,"1":0,"2":0,"3":0,"4":0,"5":0,"6":0,"7":0},"b":{"0":[0,0],"1":[0,0]},"_coverageSchema":"1a1c01bbd47fc00a2c39e90264f33305004495a9","hash":"0bd217875783f224b14aa41fafaed7ae1f6b27d8"}
,"/Users/newowner/Desktop/Hack-Reactor/Catwalk-1/client/src/components/QuestionsAndAnswers/ModalQuestion.jsx": {"path":"/Users/newowner/Desktop/Hack-Reactor/Catwalk-1/client/src/components/QuestionsAndAnswers/ModalQuestion.jsx","statementMap":{"0":{"start":{"line":6,"column":22},"end":{"line":129,"column":1}},"1":{"start":{"line":8,"column":30},"end":{"line":12,"column":4}},"2":{"start":{"line":14,"column":22},"end":{"line":35,"column":3}},"3":{"start":{"line":15,"column":4},"end":{"line":33,"column":9}},"4":{"start":{"line":29,"column":8},"end":{"line":29,"column":26}},"5":{"start":{"line":32,"column":8},"end":{"line":32,"column":25}},"6":{"start":{"line":37,"column":29},"end":{"line":39,"column":3}},"7":{"start":{"line":38,"column":4},"end":{"line":38,"column":53}},"8":{"start":{"line":41,"column":25},"end":{"line":43,"column":3}},"9":{"start":{"line":42,"column":4},"end":{"line":42,"column":53}},"10":{"start":{"line":45,"column":22},"end":{"line":47,"column":3}},"11":{"start":{"line":46,"column":4},"end":{"line":46,"column":50}},"12":{"start":{"line":49,"column":23},"end":{"line":57,"column":3}},"13":{"start":{"line":50,"column":4},"end":{"line":50,"column":23}},"14":{"start":{"line":51,"column":4},"end":{"line":51,"column":24}},"15":{"start":{"line":52,"column":4},"end":{"line":56,"column":7}},"16":{"start":{"line":61,"column":2},"end":{"line":127,"column":3}},"17":{"start":{"line":62,"column":4},"end":{"line":121,"column":6}},"18":{"start":{"line":123,"column":4},"end":{"line":126,"column":6}}},"fnMap":{"0":{"name":"(anonymous_0)","decl":{"start":{"line":6,"column":22},"end":{"line":6,"column":23}},"loc":{"start":{"line":6,"column":43},"end":{"line":129,"column":1}},"line":6},"1":{"name":"(anonymous_1)","decl":{"start":{"line":14,"column":22},"end":{"line":14,"column":23}},"loc":{"start":{"line":14,"column":34},"end":{"line":35,"column":3}},"line":14},"2":{"name":"(anonymous_2)","decl":{"start":{"line":28,"column":12},"end":{"line":28,"column":13}},"loc":{"start":{"line":28,"column":22},"end":{"line":30,"column":7}},"line":28},"3":{"name":"(anonymous_3)","decl":{"start":{"line":31,"column":13},"end":{"line":31,"column":14}},"loc":{"start":{"line":31,"column":22},"end":{"line":33,"column":7}},"line":31},"4":{"name":"(anonymous_4)","decl":{"start":{"line":37,"column":29},"end":{"line":37,"column":30}},"loc":{"start":{"line":37,"column":34},"end":{"line":39,"column":3}},"line":37},"5":{"name":"(anonymous_5)","decl":{"start":{"line":41,"column":25},"end":{"line":41,"column":26}},"loc":{"start":{"line":41,"column":30},"end":{"line":43,"column":3}},"line":41},"6":{"name":"(anonymous_6)","decl":{"start":{"line":45,"column":22},"end":{"line":45,"column":23}},"loc":{"start":{"line":45,"column":27},"end":{"line":47,"column":3}},"line":45},"7":{"name":"(anonymous_7)","decl":{"start":{"line":49,"column":23},"end":{"line":49,"column":24}},"loc":{"start":{"line":49,"column":28},"end":{"line":57,"column":3}},"line":49}},"branchMap":{"0":{"loc":{"start":{"line":61,"column":2},"end":{"line":127,"column":3}},"type":"if","locations":[{"start":{"line":61,"column":2},"end":{"line":127,"column":3}},{"start":{"line":61,"column":2},"end":{"line":127,"column":3}}],"line":61},"1":{"loc":{"start":{"line":65,"column":19},"end":{"line":65,"column":35}},"type":"cond-expr","locations":[{"start":{"line":65,"column":26},"end":{"line":65,"column":29}},{"start":{"line":65,"column":32},"end":{"line":65,"column":35}}],"line":65}},"s":{"0":2,"1":1,"2":1,"3":0,"4":0,"5":0,"6":1,"7":0,"8":1,"9":0,"10":1,"11":0,"12":1,"13":0,"14":0,"15":0,"16":1,"17":0,"18":1},"f":{"0":1,"1":0,"2":0,"3":0,"4":0,"5":0,"6":0,"7":0},"b":{"0":[0,1],"1":[0,0]},"_coverageSchema":"1a1c01bbd47fc00a2c39e90264f33305004495a9","hash":"558a7ecb95836751bb92b28ca9a2c16be6683752"}
,"/Users/newowner/Desktop/Hack-Reactor/Catwalk-1/client/src/components/QuestionsAndAnswers/Question.jsx": {"path":"/Users/newowner/Desktop/Hack-Reactor/Catwalk-1/client/src/components/QuestionsAndAnswers/Question.jsx","statementMap":{"0":{"start":{"line":9,"column":17},"end":{"line":73,"column":1}},"1":{"start":{"line":11,"column":38},"end":{"line":11,"column":52}},"2":{"start":{"line":12,"column":56},"end":{"line":12,"column":95}},"3":{"start":{"line":13,"column":32},"end":{"line":13,"column":47}},"4":{"start":{"line":15,"column":2},"end":{"line":27,"column":29}},"5":{"start":{"line":16,"column":4},"end":{"line":26,"column":9}},"6":{"start":{"line":24,"column":8},"end":{"line":24,"column":35}},"7":{"start":{"line":25,"column":8},"end":{"line":25,"column":40}},"8":{"start":{"line":29,"column":2},"end":{"line":30,"column":40}},"9":{"start":{"line":33,"column":29},"end":{"line":50,"column":3}},"10":{"start":{"line":34,"column":4},"end":{"line":49,"column":9}},"11":{"start":{"line":48,"column":8},"end":{"line":48,"column":25}},"12":{"start":{"line":53,"column":2},"end":{"line":72,"column":4}},"13":{"start":{"line":60,"column":60},"end":{"line":60,"column":108}},"14":{"start":{"line":60,"column":109},"end":{"line":60,"column":126}},"15":{"start":{"line":60,"column":127},"end":{"line":60,"column":168}}},"fnMap":{"0":{"name":"(anonymous_0)","decl":{"start":{"line":9,"column":17},"end":{"line":9,"column":18}},"loc":{"start":{"line":9,"column":67},"end":{"line":73,"column":1}},"line":9},"1":{"name":"(anonymous_1)","decl":{"start":{"line":15,"column":12},"end":{"line":15,"column":13}},"loc":{"start":{"line":15,"column":18},"end":{"line":27,"column":3}},"line":15},"2":{"name":"(anonymous_2)","decl":{"start":{"line":22,"column":12},"end":{"line":22,"column":13}},"loc":{"start":{"line":22,"column":21},"end":{"line":26,"column":7}},"line":22},"3":{"name":"(anonymous_3)","decl":{"start":{"line":29,"column":12},"end":{"line":29,"column":13}},"loc":{"start":{"line":29,"column":18},"end":{"line":30,"column":3}},"line":29},"4":{"name":"(anonymous_4)","decl":{"start":{"line":33,"column":29},"end":{"line":33,"column":30}},"loc":{"start":{"line":33,"column":37},"end":{"line":50,"column":3}},"line":33},"5":{"name":"(anonymous_5)","decl":{"start":{"line":44,"column":12},"end":{"line":44,"column":13}},"loc":{"start":{"line":44,"column":22},"end":{"line":46,"column":7}},"line":44},"6":{"name":"(anonymous_6)","decl":{"start":{"line":47,"column":13},"end":{"line":47,"column":14}},"loc":{"start":{"line":47,"column":22},"end":{"line":49,"column":7}},"line":47},"7":{"name":"(anonymous_7)","decl":{"start":{"line":60,"column":52},"end":{"line":60,"column":53}},"loc":{"start":{"line":60,"column":58},"end":{"line":60,"column":170}},"line":60}},"branchMap":{"0":{"loc":{"start":{"line":59,"column":13},"end":{"line":63,"column":13}},"type":"cond-expr","locations":[{"start":{"line":60,"column":14},"end":{"line":60,"column":209}},{"start":{"line":62,"column":14},"end":{"line":62,"column":80}}],"line":59}},"s":{"0":2,"1":0,"2":0,"3":0,"4":0,"5":0,"6":0,"7":0,"8":0,"9":0,"10":0,"11":0,"12":0,"13":0,"14":0,"15":0},"f":{"0":0,"1":0,"2":0,"3":0,"4":0,"5":0,"6":0,"7":0},"b":{"0":[0,0]},"_coverageSchema":"1a1c01bbd47fc00a2c39e90264f33305004495a9","hash":"70730462e425a76c103f7cc19d2807bc94e8b9dc"}
,"/Users/newowner/Desktop/Hack-Reactor/Catwalk-1/client/src/components/QuestionsAndAnswers/Questions.jsx": {"path":"/Users/newowner/Desktop/Hack-Reactor/Catwalk-1/client/src/components/QuestionsAndAnswers/Questions.jsx","statementMap":{"0":{"start":{"line":6,"column":18},"end":{"line":61,"column":1}},"1":{"start":{"line":9,"column":52},"end":{"line":9,"column":63}},"2":{"start":{"line":10,"column":28},"end":{"line":10,"column":40}},"3":{"start":{"line":11,"column":48},"end":{"line":11,"column":60}},"4":{"start":{"line":14,"column":28},"end":{"line":26,"column":3}},"5":{"start":{"line":15,"column":4},"end":{"line":24,"column":5}},"6":{"start":{"line":16,"column":6},"end":{"line":16,"column":50}},"7":{"start":{"line":18,"column":6},"end":{"line":18,"column":29}},"8":{"start":{"line":19,"column":6},"end":{"line":23,"column":7}},"9":{"start":{"line":19,"column":19},"end":{"line":19,"column":20}},"10":{"start":{"line":20,"column":8},"end":{"line":22,"column":9}},"11":{"start":{"line":21,"column":10},"end":{"line":21,"column":76}},"12":{"start":{"line":21,"column":37},"end":{"line":21,"column":74}},"13":{"start":{"line":29,"column":2},"end":{"line":31,"column":24}},"14":{"start":{"line":30,"column":4},"end":{"line":30,"column":24}},"15":{"start":{"line":33,"column":2},"end":{"line":35,"column":14}},"16":{"start":{"line":34,"column":4},"end":{"line":34,"column":24}},"17":{"start":{"line":38,"column":2},"end":{"line":60,"column":4}},"18":{"start":{"line":45,"column":23},"end":{"line":45,"column":47}},"19":{"start":{"line":52,"column":14},"end":{"line":54,"column":16}},"20":{"start":{"line":58,"column":84},"end":{"line":58,"column":127}}},"fnMap":{"0":{"name":"(anonymous_0)","decl":{"start":{"line":6,"column":18},"end":{"line":6,"column":19}},"loc":{"start":{"line":6,"column":76},"end":{"line":61,"column":1}},"line":6},"1":{"name":"(anonymous_1)","decl":{"start":{"line":14,"column":28},"end":{"line":14,"column":29}},"loc":{"start":{"line":14,"column":34},"end":{"line":26,"column":3}},"line":14},"2":{"name":"(anonymous_2)","decl":{"start":{"line":21,"column":29},"end":{"line":21,"column":30}},"loc":{"start":{"line":21,"column":37},"end":{"line":21,"column":74}},"line":21},"3":{"name":"(anonymous_3)","decl":{"start":{"line":29,"column":12},"end":{"line":29,"column":13}},"loc":{"start":{"line":29,"column":18},"end":{"line":31,"column":3}},"line":29},"4":{"name":"(anonymous_4)","decl":{"start":{"line":33,"column":12},"end":{"line":33,"column":13}},"loc":{"start":{"line":33,"column":18},"end":{"line":35,"column":3}},"line":33},"5":{"name":"(anonymous_5)","decl":{"start":{"line":45,"column":18},"end":{"line":45,"column":19}},"loc":{"start":{"line":45,"column":23},"end":{"line":45,"column":47}},"line":45},"6":{"name":"(anonymous_6)","decl":{"start":{"line":50,"column":60},"end":{"line":50,"column":61}},"loc":{"start":{"line":50,"column":70},"end":{"line":55,"column":13}},"line":50},"7":{"name":"(anonymous_7)","decl":{"start":{"line":58,"column":78},"end":{"line":58,"column":79}},"loc":{"start":{"line":58,"column":84},"end":{"line":58,"column":127}},"line":58}},"branchMap":{"0":{"loc":{"start":{"line":15,"column":4},"end":{"line":24,"column":5}},"type":"if","locations":[{"start":{"line":15,"column":4},"end":{"line":24,"column":5}},{"start":{"line":15,"column":4},"end":{"line":24,"column":5}}],"line":15},"1":{"loc":{"start":{"line":20,"column":8},"end":{"line":22,"column":9}},"type":"if","locations":[{"start":{"line":20,"column":8},"end":{"line":22,"column":9}},{"start":{"line":20,"column":8},"end":{"line":22,"column":9}}],"line":20},"2":{"loc":{"start":{"line":49,"column":11},"end":{"line":55,"column":21}},"type":"cond-expr","locations":[{"start":{"line":50,"column":12},"end":{"line":55,"column":14}},{"start":{"line":55,"column":17},"end":{"line":55,"column":21}}],"line":49}},"s":{"0":2,"1":3,"2":3,"3":3,"4":3,"5":4,"6":4,"7":0,"8":0,"9":0,"10":0,"11":0,"12":0,"13":3,"14":2,"15":3,"16":2,"17":3,"18":0,"19":0,"20":0},"f":{"0":3,"1":4,"2":0,"3":2,"4":2,"5":0,"6":0,"7":0},"b":{"0":[4,0],"1":[0,0],"2":[2,1]},"_coverageSchema":"1a1c01bbd47fc00a2c39e90264f33305004495a9","hash":"4a69dbe859f0d65832ee52132fda11e8301b597a"}
,"/Users/newowner/Desktop/Hack-Reactor/Catwalk-1/client/src/components/QuestionsAndAnswers/QuestionsAndAnswers.jsx": {"path":"/Users/newowner/Desktop/Hack-Reactor/Catwalk-1/client/src/components/QuestionsAndAnswers/QuestionsAndAnswers.jsx","statementMap":{"0":{"start":{"line":16,"column":28},"end":{"line":66,"column":1}},"1":{"start":{"line":18,"column":48},"end":{"line":18,"column":60}},"2":{"start":{"line":19,"column":44},"end":{"line":19,"column":56}},"3":{"start":{"line":20,"column":38},"end":{"line":20,"column":53}},"4":{"start":{"line":21,"column":26},"end":{"line":21,"column":41}},"5":{"start":{"line":24,"column":19},"end":{"line":26,"column":3}},"6":{"start":{"line":25,"column":4},"end":{"line":25,"column":31}},"7":{"start":{"line":29,"column":28},"end":{"line":30,"column":18}},"8":{"start":{"line":30,"column":4},"end":{"line":30,"column":18}},"9":{"start":{"line":31,"column":20},"end":{"line":49,"column":3}},"10":{"start":{"line":32,"column":4},"end":{"line":48,"column":9}},"11":{"start":{"line":42,"column":8},"end":{"line":42,"column":37}},"12":{"start":{"line":47,"column":8},"end":{"line":47,"column":25}},"13":{"start":{"line":52,"column":2},"end":{"line":54,"column":24}},"14":{"start":{"line":53,"column":4},"end":{"line":53,"column":34}},"15":{"start":{"line":56,"column":2},"end":{"line":65,"column":4}}},"fnMap":{"0":{"name":"(anonymous_0)","decl":{"start":{"line":16,"column":28},"end":{"line":16,"column":29}},"loc":{"start":{"line":16,"column":72},"end":{"line":66,"column":1}},"line":16},"1":{"name":"(anonymous_1)","decl":{"start":{"line":24,"column":19},"end":{"line":24,"column":20}},"loc":{"start":{"line":24,"column":25},"end":{"line":26,"column":3}},"line":24},"2":{"name":"(anonymous_2)","decl":{"start":{"line":29,"column":28},"end":{"line":29,"column":29}},"loc":{"start":{"line":30,"column":4},"end":{"line":30,"column":18}},"line":30},"3":{"name":"(anonymous_3)","decl":{"start":{"line":31,"column":20},"end":{"line":31,"column":21}},"loc":{"start":{"line":31,"column":28},"end":{"line":49,"column":3}},"line":31},"4":{"name":"(anonymous_4)","decl":{"start":{"line":40,"column":12},"end":{"line":40,"column":13}},"loc":{"start":{"line":40,"column":21},"end":{"line":44,"column":7}},"line":40},"5":{"name":"(anonymous_5)","decl":{"start":{"line":45,"column":13},"end":{"line":45,"column":14}},"loc":{"start":{"line":45,"column":22},"end":{"line":48,"column":7}},"line":45},"6":{"name":"(anonymous_6)","decl":{"start":{"line":52,"column":12},"end":{"line":52,"column":13}},"loc":{"start":{"line":52,"column":18},"end":{"line":54,"column":3}},"line":52}},"branchMap":{},"s":{"0":1,"1":1,"2":1,"3":1,"4":1,"5":1,"6":0,"7":1,"8":0,"9":1,"10":1,"11":0,"12":0,"13":1,"14":1,"15":1},"f":{"0":1,"1":0,"2":0,"3":1,"4":0,"5":0,"6":1},"b":{},"_coverageSchema":"1a1c01bbd47fc00a2c39e90264f33305004495a9","hash":"c882a0f2f741408487a983bdd0eff064da18324b"}
,"/Users/newowner/Desktop/Hack-Reactor/Catwalk-1/client/src/components/RatingsReviews/AddReviewForm.jsx": {"path":"/Users/newowner/Desktop/Hack-Reactor/Catwalk-1/client/src/components/RatingsReviews/AddReviewForm.jsx","statementMap":{"0":{"start":{"line":7,"column":22},"end":{"line":265,"column":1}},"1":{"start":{"line":8,"column":34},"end":{"line":8,"column":46}},"2":{"start":{"line":9,"column":28},"end":{"line":9,"column":40}},"3":{"start":{"line":10,"column":26},"end":{"line":10,"column":38}},"4":{"start":{"line":11,"column":34},"end":{"line":11,"column":46}},"5":{"start":{"line":12,"column":40},"end":{"line":12,"column":55}},"6":{"start":{"line":13,"column":30},"end":{"line":13,"column":41}},"7":{"start":{"line":15,"column":48},"end":{"line":15,"column":60}},"8":{"start":{"line":18,"column":42},"end":{"line":18,"column":56}},"9":{"start":{"line":19,"column":44},"end":{"line":19,"column":56}},"10":{"start":{"line":22,"column":48},"end":{"line":22,"column":60}},"11":{"start":{"line":23,"column":32},"end":{"line":23,"column":44}},"12":{"start":{"line":24,"column":26},"end":{"line":24,"column":40}},"13":{"start":{"line":25,"column":28},"end":{"line":25,"column":42}},"14":{"start":{"line":26,"column":32},"end":{"line":26,"column":46}},"15":{"start":{"line":27,"column":32},"end":{"line":27,"column":46}},"16":{"start":{"line":29,"column":27},"end":{"line":31,"column":3}},"17":{"start":{"line":30,"column":4},"end":{"line":30,"column":19}},"18":{"start":{"line":33,"column":23},"end":{"line":50,"column":3}},"19":{"start":{"line":34,"column":4},"end":{"line":34,"column":23}},"20":{"start":{"line":35,"column":26},"end":{"line":45,"column":5}},"21":{"start":{"line":47,"column":4},"end":{"line":49,"column":42}},"22":{"start":{"line":48,"column":22},"end":{"line":48,"column":39}},"23":{"start":{"line":49,"column":22},"end":{"line":49,"column":40}},"24":{"start":{"line":52,"column":32},"end":{"line":52,"column":71}},"25":{"start":{"line":53,"column":16},"end":{"line":53,"column":111}},"26":{"start":{"line":54,"column":17},"end":{"line":54,"column":90}},"27":{"start":{"line":55,"column":19},"end":{"line":55,"column":94}},"28":{"start":{"line":56,"column":19},"end":{"line":56,"column":90}},"29":{"start":{"line":58,"column":30},"end":{"line":58,"column":69}},"30":{"start":{"line":60,"column":2},"end":{"line":67,"column":38}},"31":{"start":{"line":61,"column":36},"end":{"line":61,"column":38}},"32":{"start":{"line":62,"column":4},"end":{"line":62,"column":71}},"33":{"start":{"line":63,"column":4},"end":{"line":63,"column":73}},"34":{"start":{"line":64,"column":4},"end":{"line":64,"column":77}},"35":{"start":{"line":65,"column":4},"end":{"line":65,"column":77}},"36":{"start":{"line":66,"column":4},"end":{"line":66,"column":50}},"37":{"start":{"line":69,"column":28},"end":{"line":75,"column":3}},"38":{"start":{"line":70,"column":4},"end":{"line":72,"column":5}},"39":{"start":{"line":71,"column":6},"end":{"line":71,"column":39}},"40":{"start":{"line":74,"column":4},"end":{"line":74,"column":115}},"41":{"start":{"line":77,"column":28},"end":{"line":82,"column":3}},"42":{"start":{"line":78,"column":19},"end":{"line":78,"column":37}},"43":{"start":{"line":79,"column":15},"end":{"line":79,"column":29}},"44":{"start":{"line":81,"column":4},"end":{"line":81,"column":28}},"45":{"start":{"line":85,"column":40},"end":{"line":85,"column":51}},"46":{"start":{"line":86,"column":40},"end":{"line":86,"column":51}},"47":{"start":{"line":88,"column":23},"end":{"line":90,"column":3}},"48":{"start":{"line":89,"column":4},"end":{"line":89,"column":26}},"49":{"start":{"line":92,"column":23},"end":{"line":94,"column":3}},"50":{"start":{"line":93,"column":4},"end":{"line":93,"column":22}},"51":{"start":{"line":96,"column":23},"end":{"line":98,"column":3}},"52":{"start":{"line":97,"column":4},"end":{"line":97,"column":21}},"53":{"start":{"line":100,"column":2},"end":{"line":264,"column":4}},"54":{"start":{"line":112,"column":18},"end":{"line":112,"column":46}},"55":{"start":{"line":124,"column":18},"end":{"line":124,"column":43}},"56":{"start":{"line":136,"column":18},"end":{"line":136,"column":42}},"57":{"start":{"line":149,"column":20},"end":{"line":149,"column":41}},"58":{"start":{"line":161,"column":20},"end":{"line":161,"column":42}},"59":{"start":{"line":173,"column":31},"end":{"line":173,"column":59}},"60":{"start":{"line":185,"column":16},"end":{"line":194,"column":18}},"61":{"start":{"line":202,"column":14},"end":{"line":244,"column":22}},"62":{"start":{"line":204,"column":18},"end":{"line":208,"column":31}},"63":{"start":{"line":211,"column":18},"end":{"line":215,"column":31}},"64":{"start":{"line":218,"column":18},"end":{"line":222,"column":31}},"65":{"start":{"line":225,"column":18},"end":{"line":229,"column":31}},"66":{"start":{"line":232,"column":18},"end":{"line":236,"column":31}}},"fnMap":{"0":{"name":"(anonymous_0)","decl":{"start":{"line":7,"column":22},"end":{"line":7,"column":23}},"loc":{"start":{"line":7,"column":59},"end":{"line":265,"column":1}},"line":7},"1":{"name":"(anonymous_1)","decl":{"start":{"line":29,"column":27},"end":{"line":29,"column":28}},"loc":{"start":{"line":29,"column":36},"end":{"line":31,"column":3}},"line":29},"2":{"name":"(anonymous_2)","decl":{"start":{"line":33,"column":23},"end":{"line":33,"column":24}},"loc":{"start":{"line":33,"column":30},"end":{"line":50,"column":3}},"line":33},"3":{"name":"(anonymous_3)","decl":{"start":{"line":48,"column":12},"end":{"line":48,"column":13}},"loc":{"start":{"line":48,"column":22},"end":{"line":48,"column":39}},"line":48},"4":{"name":"(anonymous_4)","decl":{"start":{"line":49,"column":13},"end":{"line":49,"column":14}},"loc":{"start":{"line":49,"column":22},"end":{"line":49,"column":40}},"line":49},"5":{"name":"(anonymous_5)","decl":{"start":{"line":60,"column":12},"end":{"line":60,"column":13}},"loc":{"start":{"line":60,"column":18},"end":{"line":67,"column":3}},"line":60},"6":{"name":"(anonymous_6)","decl":{"start":{"line":69,"column":28},"end":{"line":69,"column":29}},"loc":{"start":{"line":69,"column":39},"end":{"line":75,"column":3}},"line":69},"7":{"name":"(anonymous_7)","decl":{"start":{"line":77,"column":28},"end":{"line":77,"column":29}},"loc":{"start":{"line":77,"column":39},"end":{"line":82,"column":3}},"line":77},"8":{"name":"(anonymous_8)","decl":{"start":{"line":88,"column":23},"end":{"line":88,"column":24}},"loc":{"start":{"line":88,"column":34},"end":{"line":90,"column":3}},"line":88},"9":{"name":"(anonymous_9)","decl":{"start":{"line":92,"column":23},"end":{"line":92,"column":24}},"loc":{"start":{"line":92,"column":29},"end":{"line":94,"column":3}},"line":92},"10":{"name":"(anonymous_10)","decl":{"start":{"line":96,"column":23},"end":{"line":96,"column":24}},"loc":{"start":{"line":96,"column":34},"end":{"line":98,"column":3}},"line":96},"11":{"name":"(anonymous_11)","decl":{"start":{"line":111,"column":16},"end":{"line":111,"column":17}},"loc":{"start":{"line":111,"column":23},"end":{"line":113,"column":17}},"line":111},"12":{"name":"(anonymous_12)","decl":{"start":{"line":123,"column":16},"end":{"line":123,"column":17}},"loc":{"start":{"line":123,"column":23},"end":{"line":125,"column":17}},"line":123},"13":{"name":"(anonymous_13)","decl":{"start":{"line":135,"column":16},"end":{"line":135,"column":17}},"loc":{"start":{"line":135,"column":21},"end":{"line":137,"column":17}},"line":135},"14":{"name":"(anonymous_14)","decl":{"start":{"line":148,"column":18},"end":{"line":148,"column":19}},"loc":{"start":{"line":148,"column":24},"end":{"line":150,"column":19}},"line":148},"15":{"name":"(anonymous_15)","decl":{"start":{"line":160,"column":18},"end":{"line":160,"column":19}},"loc":{"start":{"line":160,"column":24},"end":{"line":162,"column":19}},"line":160},"16":{"name":"(anonymous_16)","decl":{"start":{"line":173,"column":24},"end":{"line":173,"column":25}},"loc":{"start":{"line":173,"column":29},"end":{"line":173,"column":61}},"line":173},"17":{"name":"(anonymous_17)","decl":{"start":{"line":184,"column":35},"end":{"line":184,"column":36}},"loc":{"start":{"line":184,"column":53},"end":{"line":195,"column":15}},"line":184},"18":{"name":"(anonymous_18)","decl":{"start":{"line":201,"column":37},"end":{"line":201,"column":38}},"loc":{"start":{"line":201,"column":49},"end":{"line":245,"column":13}},"line":201},"19":{"name":"(anonymous_19)","decl":{"start":{"line":203,"column":63},"end":{"line":203,"column":64}},"loc":{"start":{"line":203,"column":69},"end":{"line":209,"column":17}},"line":203},"20":{"name":"(anonymous_20)","decl":{"start":{"line":210,"column":62},"end":{"line":210,"column":63}},"loc":{"start":{"line":210,"column":68},"end":{"line":216,"column":17}},"line":210},"21":{"name":"(anonymous_21)","decl":{"start":{"line":217,"column":63},"end":{"line":217,"column":64}},"loc":{"start":{"line":217,"column":69},"end":{"line":223,"column":17}},"line":217},"22":{"name":"(anonymous_22)","decl":{"start":{"line":224,"column":63},"end":{"line":224,"column":64}},"loc":{"start":{"line":224,"column":69},"end":{"line":230,"column":17}},"line":224},"23":{"name":"(anonymous_23)","decl":{"start":{"line":231,"column":63},"end":{"line":231,"column":64}},"loc":{"start":{"line":231,"column":69},"end":{"line":237,"column":17}},"line":231}},"branchMap":{"0":{"loc":{"start":{"line":62,"column":4},"end":{"line":62,"column":70}},"type":"cond-expr","locations":[{"start":{"line":62,"column":11},"end":{"line":62,"column":63}},{"start":{"line":62,"column":66},"end":{"line":62,"column":70}}],"line":62},"1":{"loc":{"start":{"line":63,"column":4},"end":{"line":63,"column":72}},"type":"cond-expr","locations":[{"start":{"line":63,"column":12},"end":{"line":63,"column":65}},{"start":{"line":63,"column":68},"end":{"line":63,"column":72}}],"line":63},"2":{"loc":{"start":{"line":64,"column":4},"end":{"line":64,"column":76}},"type":"cond-expr","locations":[{"start":{"line":64,"column":14},"end":{"line":64,"column":69}},{"start":{"line":64,"column":72},"end":{"line":64,"column":76}}],"line":64},"3":{"loc":{"start":{"line":65,"column":4},"end":{"line":65,"column":76}},"type":"cond-expr","locations":[{"start":{"line":65,"column":14},"end":{"line":65,"column":69}},{"start":{"line":65,"column":72},"end":{"line":65,"column":76}}],"line":65},"4":{"loc":{"start":{"line":70,"column":4},"end":{"line":72,"column":5}},"type":"if","locations":[{"start":{"line":70,"column":4},"end":{"line":72,"column":5}},{"start":{"line":70,"column":4},"end":{"line":72,"column":5}}],"line":70},"5":{"loc":{"start":{"line":74,"column":4},"end":{"line":74,"column":114}},"type":"cond-expr","locations":[{"start":{"line":74,"column":31},"end":{"line":74,"column":90}},{"start":{"line":74,"column":93},"end":{"line":74,"column":114}}],"line":74},"6":{"loc":{"start":{"line":204,"column":18},"end":{"line":208,"column":30}},"type":"cond-expr","locations":[{"start":{"line":204,"column":35},"end":{"line":204,"column":62}},{"start":{"line":205,"column":20},"end":{"line":208,"column":30}}],"line":204},"7":{"loc":{"start":{"line":205,"column":20},"end":{"line":208,"column":30}},"type":"cond-expr","locations":[{"start":{"line":205,"column":38},"end":{"line":205,"column":66}},{"start":{"line":206,"column":22},"end":{"line":208,"column":30}}],"line":205},"8":{"loc":{"start":{"line":206,"column":22},"end":{"line":208,"column":30}},"type":"cond-expr","locations":[{"start":{"line":206,"column":42},"end":{"line":206,"column":72}},{"start":{"line":207,"column":24},"end":{"line":208,"column":30}}],"line":206},"9":{"loc":{"start":{"line":207,"column":24},"end":{"line":208,"column":30}},"type":"cond-expr","locations":[{"start":{"line":207,"column":44},"end":{"line":207,"column":74}},{"start":{"line":208,"column":26},"end":{"line":208,"column":30}}],"line":207},"10":{"loc":{"start":{"line":211,"column":18},"end":{"line":215,"column":30}},"type":"cond-expr","locations":[{"start":{"line":211,"column":35},"end":{"line":211,"column":62}},{"start":{"line":212,"column":20},"end":{"line":215,"column":30}}],"line":211},"11":{"loc":{"start":{"line":212,"column":20},"end":{"line":215,"column":30}},"type":"cond-expr","locations":[{"start":{"line":212,"column":38},"end":{"line":212,"column":66}},{"start":{"line":213,"column":22},"end":{"line":215,"column":30}}],"line":212},"12":{"loc":{"start":{"line":213,"column":22},"end":{"line":215,"column":30}},"type":"cond-expr","locations":[{"start":{"line":213,"column":42},"end":{"line":213,"column":72}},{"start":{"line":214,"column":24},"end":{"line":215,"column":30}}],"line":213},"13":{"loc":{"start":{"line":214,"column":24},"end":{"line":215,"column":30}},"type":"cond-expr","locations":[{"start":{"line":214,"column":44},"end":{"line":214,"column":74}},{"start":{"line":215,"column":26},"end":{"line":215,"column":30}}],"line":214},"14":{"loc":{"start":{"line":218,"column":18},"end":{"line":222,"column":30}},"type":"cond-expr","locations":[{"start":{"line":218,"column":35},"end":{"line":218,"column":62}},{"start":{"line":219,"column":20},"end":{"line":222,"column":30}}],"line":218},"15":{"loc":{"start":{"line":219,"column":20},"end":{"line":222,"column":30}},"type":"cond-expr","locations":[{"start":{"line":219,"column":38},"end":{"line":219,"column":66}},{"start":{"line":220,"column":22},"end":{"line":222,"column":30}}],"line":219},"16":{"loc":{"start":{"line":220,"column":22},"end":{"line":222,"column":30}},"type":"cond-expr","locations":[{"start":{"line":220,"column":42},"end":{"line":220,"column":72}},{"start":{"line":221,"column":24},"end":{"line":222,"column":30}}],"line":220},"17":{"loc":{"start":{"line":221,"column":24},"end":{"line":222,"column":30}},"type":"cond-expr","locations":[{"start":{"line":221,"column":44},"end":{"line":221,"column":74}},{"start":{"line":222,"column":26},"end":{"line":222,"column":30}}],"line":221},"18":{"loc":{"start":{"line":225,"column":18},"end":{"line":229,"column":30}},"type":"cond-expr","locations":[{"start":{"line":225,"column":35},"end":{"line":225,"column":62}},{"start":{"line":226,"column":20},"end":{"line":229,"column":30}}],"line":225},"19":{"loc":{"start":{"line":226,"column":20},"end":{"line":229,"column":30}},"type":"cond-expr","locations":[{"start":{"line":226,"column":38},"end":{"line":226,"column":66}},{"start":{"line":227,"column":22},"end":{"line":229,"column":30}}],"line":226},"20":{"loc":{"start":{"line":227,"column":22},"end":{"line":229,"column":30}},"type":"cond-expr","locations":[{"start":{"line":227,"column":42},"end":{"line":227,"column":72}},{"start":{"line":228,"column":24},"end":{"line":229,"column":30}}],"line":227},"21":{"loc":{"start":{"line":228,"column":24},"end":{"line":229,"column":30}},"type":"cond-expr","locations":[{"start":{"line":228,"column":44},"end":{"line":228,"column":74}},{"start":{"line":229,"column":26},"end":{"line":229,"column":30}}],"line":228},"22":{"loc":{"start":{"line":232,"column":18},"end":{"line":236,"column":30}},"type":"cond-expr","locations":[{"start":{"line":232,"column":35},"end":{"line":232,"column":62}},{"start":{"line":233,"column":20},"end":{"line":236,"column":30}}],"line":232},"23":{"loc":{"start":{"line":233,"column":20},"end":{"line":236,"column":30}},"type":"cond-expr","locations":[{"start":{"line":233,"column":38},"end":{"line":233,"column":66}},{"start":{"line":234,"column":22},"end":{"line":236,"column":30}}],"line":233},"24":{"loc":{"start":{"line":234,"column":22},"end":{"line":236,"column":30}},"type":"cond-expr","locations":[{"start":{"line":234,"column":42},"end":{"line":234,"column":72}},{"start":{"line":235,"column":24},"end":{"line":236,"column":30}}],"line":234},"25":{"loc":{"start":{"line":235,"column"
[...]
p":{"0":{"loc":{"start":{"line":21,"column":47},"end":{"line":21,"column":97}},"type":"binary-expr","locations":[{"start":{"line":21,"column":47},"end":{"line":21,"column":91}},{"start":{"line":21,"column":95},"end":{"line":21,"column":97}}],"line":21},"1":{"loc":{"start":{"line":26,"column":4},"end":{"line":26,"column":73}},"type":"cond-expr","locations":[{"start":{"line":26,"column":41},"end":{"line":26,"column":66}},{"start":{"line":26,"column":69},"end":{"line":26,"column":73}}],"line":26},"2":{"loc":{"start":{"line":26,"column":4},"end":{"line":26,"column":38}},"type":"binary-expr","locations":[{"start":{"line":26,"column":4},"end":{"line":26,"column":16}},{"start":{"line":26,"column":20},"end":{"line":26,"column":38}}],"line":26},"3":{"loc":{"start":{"line":30,"column":10},"end":{"line":30,"column":288}},"type":"cond-expr","locations":[{"start":{"line":30,"column":31},"end":{"line":30,"column":174}},{"start":{"line":30,"column":177},"end":{"line":30,"column":288}}],"line":30},"4":{"loc":{"start":{"line":43,"column":4},"end":{"line":43,"column":106}},"type":"cond-expr","locations":[{"start":{"line":43,"column":47},"end":{"line":43,"column":99}},{"start":{"line":43,"column":102},"end":{"line":43,"column":106}}],"line":43},"5":{"loc":{"start":{"line":76,"column":48},"end":{"line":76,"column":83}},"type":"cond-expr","locations":[{"start":{"line":76,"column":61},"end":{"line":76,"column":73}},{"start":{"line":76,"column":76},"end":{"line":76,"column":83}}],"line":76},"6":{"loc":{"start":{"line":83,"column":47},"end":{"line":83,"column":82}},"type":"cond-expr","locations":[{"start":{"line":83,"column":60},"end":{"line":83,"column":72}},{"start":{"line":83,"column":75},"end":{"line":83,"column":82}}],"line":83}},"s":{"0":3,"1":2,"2":2,"3":2,"4":2,"5":2,"6":2,"7":2,"8":4,"9":4,"10":0,"11":0,"12":0,"13":0,"14":2,"15":0,"16":0,"17":2,"18":0,"19":0,"20":2,"21":0,"22":0,"23":0,"24":0,"25":0,"26":0,"27":0,"28":2,"29":2,"30":0,"31":2,"32":2,"33":2,"34":2,"35":2,"36":0,"37":2,"38":0,"39":2,"40":2,"41":2,"42":0},"f":{"0":2,"1":4,"2":0,"3":0,"4":0,"5":0,"6":0,"7":0,"8":0,"9":0,"10":0,"11":0,"12":0,"13":0,"14":2,"15":0,"16":2,"17":2,"18":0,"19":0,"20":0},"b":{"0":[2,1],"1":[0,4],"2":[4,0],"3":[0,0],"4":[0,0],"5":[0,2],"6":[0,2]},"_coverageSchema":"1a1c01bbd47fc00a2c39e90264f33305004495a9","hash":"3ef69cd215dd8249dc298c670d783be8bc3de7a3"}
,"/Users/newowner/Desktop/Hack-Reactor/Catwalk-1/client/src/components/RelatedProducts/StarRating.jsx": {"path":"/Users/newowner/Desktop/Hack-Reactor/Catwalk-1/client/src/components/RelatedProducts/StarRating.jsx","statementMap":{"0":{"start":{"line":6,"column":19},"end":{"line":43,"column":1}},"1":{"start":{"line":9,"column":2},"end":{"line":13,"column":3}},"2":{"start":{"line":10,"column":4},"end":{"line":12,"column":6}},"3":{"start":{"line":20,"column":2},"end":{"line":25,"column":3}},"4":{"start":{"line":21,"column":16},"end":{"line":21,"column":27}},"5":{"start":{"line":22,"column":16},"end":{"line":22,"column":36}},"6":{"start":{"line":23,"column":4},"end":{"line":23,"column":53}},"7":{"start":{"line":24,"column":4},"end":{"line":24,"column":43}},"8":{"start":{"line":27,"column":2},"end":{"line":27,"column":64}},"9":{"start":{"line":30,"column":17},"end":{"line":34,"column":3}},"10":{"start":{"line":37,"column":2},"end":{"line":42,"column":4}}},"fnMap":{"0":{"name":"(anonymous_0)","decl":{"start":{"line":6,"column":19},"end":{"line":6,"column":20}},"loc":{"start":{"line":6,"column":51},"end":{"line":43,"column":1}},"line":6}},"branchMap":{"0":{"loc":{"start":{"line":9,"column":2},"end":{"line":13,"column":3}},"type":"if","locations":[{"start":{"line":9,"column":2},"end":{"line":13,"column":3}},{"start":{"line":9,"column":2},"end":{"line":13,"column":3}}],"line":9},"1":{"loc":{"start":{"line":23,"column":18},"end":{"line":23,"column":33}},"type":"binary-expr","locations":[{"start":{"line":23,"column":18},"end":{"line":23,"column":28}},{"start":{"line":23,"column":32},"end":{"line":23,"column":33}}],"line":23},"2":{"loc":{"start":{"line":24,"column":18},"end":{"line":24,"column":33}},"type":"binary-expr","locations":[{"start":{"line":24,"column":18},"end":{"line":24,"column":28}},{"start":{"line":24,"column":32},"end":{"line":24,"column":33}}],"line":24}},"s":{"0":7,"1":15,"2":0,"3":15,"4":64,"5":64,"6":64,"7":64,"8":15,"9":15,"10":15},"f":{"0":15},"b":{"0":[0,15],"1":[64,15],"2":[64,15]},"_coverageSchema":"1a1c01bbd47fc00a2c39e90264f33305004495a9","hash":"85dd852058a4edeef22990d0b12d6342dcbd23ce"}
,"/Users/newowner/Desktop/Hack-Reactor/Catwalk-1/client/src/components/RelatedProducts/YourOutfitList.jsx": {"path":"/Users/newowner/Desktop/Hack-Reactor/Catwalk-1/client/src/components/RelatedProducts/YourOutfitList.jsx","statementMap":{"0":{"start":{"line":7,"column":23},"end":{"line":74,"column":1}},"1":{"start":{"line":10,"column":20},"end":{"line":10,"column":78}},"2":{"start":{"line":13,"column":36},"end":{"line":13,"column":47}},"3":{"start":{"line":14,"column":44},"end":{"line":14,"column":59}},"4":{"start":{"line":15,"column":46},"end":{"line":15,"column":61}},"5":{"start":{"line":18,"column":32},"end":{"line":27,"column":3}},"6":{"start":{"line":19,"column":4},"end":{"line":19,"column":77}},"7":{"start":{"line":20,"column":4},"end":{"line":26,"column":5}},"8":{"start":{"line":21,"column":6},"end":{"line":24,"column":9}},"9":{"start":{"line":22,"column":8},"end":{"line":22,"column":67}},"10":{"start":{"line":23,"column":8},"end":{"line":23,"column":47}},"11":{"start":{"line":25,"column":6},"end":{"line":25,"column":34}},"12":{"start":{"line":29,"column":32},"end":{"line":38,"column":3}},"13":{"start":{"line":30,"column":4},"end":{"line":30,"column":77}},"14":{"start":{"line":31,"column":4},"end":{"line":37,"column":5}},"15":{"start":{"line":32,"column":6},"end":{"line":35,"column":9}},"16":{"start":{"line":33,"column":8},"end":{"line":33,"column":81}},"17":{"start":{"line":34,"column":8},"end":{"line":34,"column":47}},"18":{"start":{"line":36,"column":6},"end":{"line":36,"column":34}},"19":{"start":{"line":41,"column":2},"end":{"line":43,"column":23}},"20":{"start":{"line":42,"column":4},"end":{"line":42,"column":83}},"21":{"start":{"line":45,"column":2},"end":{"line":48,"column":18}},"22":{"start":{"line":46,"column":4},"end":{"line":46,"column":71}},"23":{"start":{"line":47,"column":4},"end":{"line":47,"column":96}},"24":{"start":{"line":50,"column":2},"end":{"line":73,"column":4}},"25":{"start":{"line":62,"column":10},"end":{"line":67,"column":49}}},"fnMap":{"0":{"name":"(anonymous_0)","decl":{"start":{"line":7,"column":23},"end":{"line":7,"column":24}},"loc":{"start":{"line":7,"column":134},"end":{"line":74,"column":1}},"line":7},"1":{"name":"(anonymous_1)","decl":{"start":{"line":18,"column":32},"end":{"line":18,"column":33}},"loc":{"start":{"line":18,"column":38},"end":{"line":27,"column":3}},"line":18},"2":{"name":"(anonymous_2)","decl":{"start":{"line":21,"column":26},"end":{"line":21,"column":27}},"loc":{"start":{"line":21,"column":34},"end":{"line":24,"column":7}},"line":21},"3":{"name":"(anonymous_3)","decl":{"start":{"line":29,"column":32},"end":{"line":29,"column":33}},"loc":{"start":{"line":29,"column":38},"end":{"line":38,"column":3}},"line":29},"4":{"name":"(anonymous_4)","decl":{"start":{"line":32,"column":26},"end":{"line":32,"column":27}},"loc":{"start":{"line":32,"column":34},"end":{"line":35,"column":7}},"line":32},"5":{"name":"(anonymous_5)","decl":{"start":{"line":41,"column":12},"end":{"line":41,"column":13}},"loc":{"start":{"line":41,"column":18},"end":{"line":43,"column":3}},"line":41},"6":{"name":"(anonymous_6)","decl":{"start":{"line":45,"column":12},"end":{"line":45,"column":13}},"loc":{"start":{"line":45,"column":18},"end":{"line":48,"column":3}},"line":45},"7":{"name":"(anonymous_7)","decl":{"start":{"line":61,"column":28},"end":{"line":61,"column":29}},"loc":{"start":{"line":61,"column":39},"end":{"line":68,"column":9}},"line":61}},"branchMap":{"0":{"loc":{"start":{"line":20,"column":4},"end":{"line":26,"column":5}},"type":"if","locations":[{"start":{"line":20,"column":4},"end":{"line":26,"column":5}},{"start":{"line":20,"column":4},"end":{"line":26,"column":5}}],"line":20},"1":{"loc":{"start":{"line":31,"column":4},"end":{"line":37,"column":5}},"type":"if","locations":[{"start":{"line":31,"column":4},"end":{"line":37,"column":5}},{"start":{"line":31,"column":4},"end":{"line":37,"column":5}}],"line":31},"2":{"loc":{"start":{"line":42,"column":4},"end":{"line":42,"column":82}},"type":"cond-expr","locations":[{"start":{"line":42,"column":32},"end":{"line":42,"column":55}},{"start":{"line":42,"column":58},"end":{"line":42,"column":82}}],"line":42},"3":{"loc":{"start":{"line":46,"column":4},"end":{"line":46,"column":70}},"type":"cond-expr","locations":[{"start":{"line":46,"column":22},"end":{"line":46,"column":44}},{"start":{"line":46,"column":47},"end":{"line":46,"column":70}}],"line":46},"4":{"loc":{"start":{"line":47,"column":4},"end":{"line":47,"column":95}},"type":"cond-expr","locations":[{"start":{"line":47,"column":45},"end":{"line":47,"column":68}},{"start":{"line":47,"column":71},"end":{"line":47,"column":95}}],"line":47},"5":{"loc":{"start":{"line":53,"column":27},"end":{"line":53,"column":72}},"type":"cond-expr","locations":[{"start":{"line":53,"column":40},"end":{"line":53,"column":57}},{"start":{"line":53,"column":60},"end":{"line":53,"column":72}}],"line":53},"6":{"loc":{"start":{"line":54,"column":10},"end":{"line":54,"column":57}},"type":"cond-expr","locations":[{"start":{"line":54,"column":26},"end":{"line":54,"column":41}},{"start":{"line":54,"column":44},"end":{"line":54,"column":57}}],"line":54},"7":{"loc":{"start":{"line":56,"column":27},"end":{"line":56,"column":74}},"type":"cond-expr","locations":[{"start":{"line":56,"column":40},"end":{"line":56,"column":58}},{"start":{"line":56,"column":61},"end":{"line":56,"column":74}}],"line":56},"8":{"loc":{"start":{"line":56,"column":78},"end":{"line":56,"column":129}},"type":"cond-expr","locations":[{"start":{"line":56,"column":91},"end":{"line":56,"column":111}},{"start":{"line":56,"column":114},"end":{"line":56,"column":129}}],"line":56},"9":{"loc":{"start":{"line":69,"column":27},"end":{"line":69,"column":74}},"type":"cond-expr","locations":[{"start":{"line":69,"column":40},"end":{"line":69,"column":58}},{"start":{"line":69,"column":61},"end":{"line":69,"column":74}}],"line":69},"10":{"loc":{"start":{"line":70,"column":10},"end":{"line":70,"column":59}},"type":"cond-expr","locations":[{"start":{"line":70,"column":27},"end":{"line":70,"column":43}},{"start":{"line":70,"column":46},"end":{"line":70,"column":59}}],"line":70}},"s":{"0":4,"1":6,"2":6,"3":6,"4":6,"5":6,"6":1,"7":1,"8":0,"9":0,"10":0,"11":0,"12":6,"13":1,"14":1,"15":0,"16":0,"17":0,"18":0,"19":6,"20":3,"21":6,"22":3,"23":3,"24":6,"25":2},"f":{"0":6,"1":1,"2":0,"3":1,"4":0,"5":3,"6":3,"7":2},"b":{"0":[0,1],"1":[0,1],"2":[3,0],"3":[3,0],"4":[0,3],"5":[0,6],"6":[3,3],"7":[0,6],"8":[0,6],"9":[0,6],"10":[0,6]},"_coverageSchema":"1a1c01bbd47fc00a2c39e90264f33305004495a9","hash":"7414eeef635ed4eb72e265ef56a2c1123bbaaae5"}
,"/Users/newowner/Desktop/Hack-Reactor/Catwalk-1/client/src/components/sharedComponents/StarRating.jsx": {"path":"/Users/newowner/Desktop/Hack-Reactor/Catwalk-1/client/src/components/sharedComponents/StarRating.jsx","statementMap":{"0":{"start":{"line":9,"column":19},"end":{"line":47,"column":1}},"1":{"start":{"line":10,"column":15},"end":{"line":10,"column":29}},"2":{"start":{"line":11,"column":16},"end":{"line":11,"column":26}},"3":{"start":{"line":12,"column":18},"end":{"line":12,"column":32}},"4":{"start":{"line":14,"column":16},"end":{"line":14,"column":50}},"5":{"start":{"line":15,"column":12},"end":{"line":15,"column":36}},"6":{"start":{"line":17,"column":12},"end":{"line":27,"column":3}},"7":{"start":{"line":19,"column":4},"end":{"line":26,"column":5}},"8":{"start":{"line":20,"column":6},"end":{"line":20,"column":18}},"9":{"start":{"line":21,"column":11},"end":{"line":26,"column":5}},"10":{"start":{"line":23,"column":6},"end":{"line":23,"column":20}},"11":{"start":{"line":25,"column":6},"end":{"line":25,"column":19}},"12":{"start":{"line":32,"column":2},"end":{"line":46,"column":4}},"13":{"start":{"line":36,"column":10},"end":{"line":42,"column":12}},"14":{"start":{"line":49,"column":0},"end":{"line":51,"column":2}}},"fnMap":{"0":{"name":"(anonymous_0)","decl":{"start":{"line":9,"column":19},"end":{"line":9,"column":20}},"loc":{"start":{"line":9,"column":42},"end":{"line":47,"column":1}},"line":9},"1":{"name":"(anonymous_1)","decl":{"start":{"line":17,"column":12},"end":{"line":17,"column":13}},"loc":{"start":{"line":17,"column":37},"end":{"line":27,"column":3}},"line":17},"2":{"name":"(anonymous_2)","decl":{"start":{"line":35,"column":31},"end":{"line":35,"column":32}},"loc":{"start":{"line":35,"column":47},"end":{"line":43,"column":9}},"line":35}},"branchMap":{"0":{"loc":{"start":{"line":19,"column":4},"end":{"line":26,"column":5}},"type":"if","locations":[{"start":{"line":19,"column":4},"end":{"line":26,"column":5}},{"start":{"line":19,"column":4},"end":{"line":26,"column":5}}],"line":19},"1":{"loc":{"start":{"line":19,"column":8},"end":{"line":19,"column":37}},"type":"binary-expr","locations":[{"start":{"line":19,"column":8},"end":{"line":19,"column":20}},{"start":{"line":19,"column":24},"end":{"line":19,"column":37}}],"line":19},"2":{"loc":{"start":{"line":21,"column":11},"end":{"line":26,"column":5}},"type":"if","locations":[{"start":{"line":21,"column":11},"end":{"line":26,"column":5}},{"start":{"line":21,"column":11},"end":{"line":26,"column":5}}],"line":21},"3":{"loc":{"start":{"line":21,"column":15},"end":{"line":21,"column":43}},"type":"binary-expr","locations":[{"start":{"line":21,"column":15},"end":{"line":21,"column":28}},{"start":{"line":21,"column":32},"end":{"line":21,"column":43}}],"line":21}},"s":{"0":1,"1":0,"2":0,"3":0,"4":0,"5":0,"6":0,"7":0,"8":0,"9":0,"10":0,"11":0,"12":0,"13":0,"14":1},"f":{"0":0,"1":0,"2":0},"b":{"0":[0,0],"1":[0,0],"2":[0,0],"3":[0,0]},"_coverageSchema":"1a1c01bbd47fc00a2c39e90264f33305004495a9","hash":"ebb76a0cfbf91b9b099af6cf133605c97790a094"}
,"/Users/newowner/Desktop/Hack-Reactor/Catwalk-1/client/src/components/sharedComponents/modalWindow.jsx": {"path":"/Users/newowner/Desktop/Hack-Reactor/Catwalk-1/client/src/components/sharedComponents/modalWindow.jsx","statementMap":{"0":{"start":{"line":3,"column":20},"end":{"line":9,"column":1}},"1":{"start":{"line":4,"column":2},"end":{"line":8,"column":4}}},"fnMap":{"0":{"name":"(anonymous_0)","decl":{"start":{"line":3,"column":20},"end":{"line":3,"column":21}},"loc":{"start":{"line":3,"column":38},"end":{"line":9,"column":1}},"line":3}},"branchMap":{},"s":{"0":1,"1":0},"f":{"0":0},"b":{},"_coverageSchema":"1a1c01bbd47fc00a2c39e90264f33305004495a9","hash":"9104eb139edaf8fc41f1d6a55c466439e274a788"}
,"/Users/newowner/Desktop/Hack-Reactor/Catwalk-1/dummy_data/ratings.js": {"path":"/Users/newowner/Desktop/Hack-Reactor/Catwalk-1/dummy_data/ratings.js","statementMap":{"0":{"start":{"line":1,"column":11},"end":{"line":30,"column":1}}},"fnMap":{},"branchMap":{},"s":{"0":1},"f":{},"b":{},"_coverageSchema":"1a1c01bbd47fc00a2c39e90264f33305004495a9","hash":"79a1d989f7864d8aaad70b59aa36fb269f0a0d06"}
,"/Users/newowner/Desktop/Hack-Reactor/Catwalk-1/lib/RatingsReviews.js": {"path":"/Users/newowner/Desktop/Hack-Reactor/Catwalk-1/lib/RatingsReviews.js","statementMap":{"0":{"start":{"line":4,"column":16},"end":{"line":4,"column":69}},"1":{"start":{"line":8,"column":18},"end":{"line":19,"column":5}},"2":{"start":{"line":20,"column":4},"end":{"line":20,"column":26}},"3":{"start":{"line":24,"column":20},"end":{"line":33,"column":5}},"4":{"start":{"line":34,"column":4},"end":{"line":34,"column":26}},"5":{"start":{"line":38,"column":20},"end":{"line":47,"column":5}},"6":{"start":{"line":48,"column":4},"end":{"line":48,"column":26}},"7":{"start":{"line":52,"column":20},"end":{"line":61,"column":5}},"8":{"start":{"line":62,"column":4},"end":{"line":62,"column":26}},"9":{"start":{"line":66,"column":20},"end":{"line":73,"column":5}},"10":{"start":{"line":74,"column":4},"end":{"line":74,"column":26}}},"fnMap":{"0":{"name":"(anonymous_0)","decl":{"start":{"line":7,"column":14},"end":{"line":7,"column":15}},"loc":{"start":{"line":7,"column":41},"end":{"line":21,"column":3}},"line":7},"1":{"name":"(anonymous_1)","decl":{"start":{"line":23,"column":21},"end":{"line":23,"column":22}},"loc":{"start":{"line":23,"column":29},"end":{"line":35,"column":3}},"line":23},"2":{"name":"(anonymous_2)","decl":{"start":{"line":37,"column":23},"end":{"line":37,"column":24}},"loc":{"start":{"line":37,"column":31},"end":{"line":49,"column":3}},"line":37},"3":{"name":"(anonymous_3)","decl":{"start":{"line":51,"column":16},"end":{"line":51,"column":17}},"loc":{"start":{"line":51,"column":24},"end":{"line":63,"column":3}},"line":51},"4":{"name":"(anonymous_4)","decl":{"start":{"line":65,"column":16},"end":{"line":65,"column":17}},"loc":{"start":{"line":65,"column":28},"end":{"line":75,"column":3}},"line":65}},"branchMap":{"0":{"loc":{"start":{"line":7,"column":19},"end":{"line":7,"column":36}},"type":"default-arg","locations":[{"start":{"line":7,"column":26},"end":{"line":7,"column":36}}],"line":7}},"s":{"0":1,"1":0,"2":0,"3":0,"4":0,"5":0,"6":0,"7":0,"8":0,"9":0,"10":0},"f":{"0":0,"1":0,"2":0,"3":0,"4":0},"b":{"0":[0]},"_coverageSchema":"1a1c01bbd47fc00a2c39e90264f33305004495a9","hash":"816d043c5ced7f9fd0a569d4f85ffa96ae6135cc"}
,"/Users/newowner/Desktop/Hack-Reactor/Catwalk-1/lib/config.js": {"path":"/Users/newowner/Desktop/Hack-Reactor/Catwalk-1/lib/config.js","statementMap":{"0":{"start":{"line":1,"column":18},"end":{"line":1,"column":60}}},"fnMap":{},"branchMap":{},"s":{"0":7},"f":{},"b":{},"_coverageSchema":"1a1c01bbd47fc00a2c39e90264f33305004495a9","hash":"a5487eac606c07c0b56248298dd3e9a1d6f1bfda"}
,"/Users/newowner/Desktop/Hack-Reactor/Catwalk-1/lib/related.js": {"path":"/Users/newowner/Desktop/Hack-Reactor/Catwalk-1/lib/related.js","statementMap":{"0":{"start":{"line":6,"column":4},"end":{"line":10,"column":7}},"1":{"start":{"line":13,"column":4},"end":{"line":17,"column":7}},"2":{"start":{"line":20,"column":4},"end":{"line":24,"column":7}},"3":{"start":{"line":27,"column":4},"end":{"line":34,"column":7}},"4":{"start":{"line":37,"column":4},"end":{"line":46,"column":7}},"5":{"start":{"line":51,"column":4},"end":{"line":56,"column":7}},"6":{"start":{"line":61,"column":4},"end":{"line":65,"column":7}}},"fnMap":{"0":{"name":"(anonymous_0)","decl":{"start":{"line":5,"column":19},"end":{"line":5,"column":20}},"loc":{"start":{"line":5,"column":27},"end":{"line":11,"column":3}},"line":5},"1":{"name":"(anonymous_1)","decl":{"start":{"line":12,"column":19},"end":{"line":12,"column":20}},"loc":{"start":{"line":12,"column":27},"end":{"line":18,"column":3}},"line":12},"2":{"name":"(anonymous_2)","decl":{"start":{"line":19,"column":17},"end":{"line":19,"column":18}},"loc":{"start":{"line":19,"column":25},"end":{"line":25,"column":3}},"line":19},"3":{"name":"(anonymous_3)","decl":{"start":{"line":26,"column":18},"end":{"line":26,"column":19}},"loc":{"start":{"line":26,"column":26},"end":{"line":35,"column":3}},"line":26},"4":{"name":"(anonymous_4)","decl":{"start":{"line":36,"column":16},"end":{"line":36,"column":17}},"loc":{"start":{"line":36,"column":46},"end":{"line":47,"column":3}},"line":36},"5":{"name":"(anonymous_5)","decl":{"start":{"line":50,"column":13},"end":{"line":50,"column":14}},"loc":{"start":{"line":50,"column":24},"end":{"line":57,"column":3}},"line":50},"6":{"name":"(anonymous_6)","decl":{"start":{"line":60,"column":11},"end":{"line":60,"column":12}},"loc":{"start":{"line":60,"column":17},"end":{"line":66,"column":3}},"line":60}},"branchMap":{},"s":{"0":5,"1":2,"2":1,"3":1,"4":0,"5":0,"6":6},"f":{"0":5,"1":2,"2":1,"3":1,"4":0,"5":0,"6":6},"b":{},"_coverageSchema":"1a1c01bbd47fc00a2c39e90264f33305004495a9","hash":"3c5332e732cf4b83602159a000400f57857c02b3"}
}
